1 othello:0.0
2 othello:0.1
3 othello:0.2
4 othello:1.0
5 othello:1.1
6 othello:1.2
7 othello:2.0
8 othello:2.1
9 othello:2.2
10 othello:2.3
11 othello:3.0
12 othello:3.1
13 othello:3.2
14 othello:4.0
14 othello:4.1
15 henry_iv_part_ii:0.0
16 henry_iv_part_ii:0.1
17 henry_iv_part_ii:0.2
18 henry_iv_part_ii:1.0
19 henry_iv_part_ii:1.1
20 henry_iv_part_ii:1.2
21 henry_iv_part_ii:1.3
22 henry_iv_part_ii:2.0
23 henry_iv_part_ii:2.1
24 henry_iv_part_ii:3.0
25 henry_iv_part_ii:3.1
26 henry_iv_part_ii:3.2
27 henry_iv_part_ii:3.3
28 henry_iv_part_ii:3.4
29 henry_iv_part_ii:4.0
30 henry_iv_part_ii:4.1
31 henry_iv_part_ii:4.2
32 henry_iv_part_ii:4.3
33 henry_iv_part_ii:4.4
34 richard_ii:0.0
35 richard_ii:0.1
36 richard_ii:0.2
37 richard_ii:0.3
38 richard_ii:1.0
39 richard_ii:1.1
40 richard_ii:1.2
41 richard_ii:1.3
42 richard_ii:2.0
43 richard_ii:2.1
44 richard_ii:2.2
45 richard_ii:2.3
46 richard_ii:3.0
47 richard_ii:4.0
48 richard_ii:4.1
49 richard_ii:4.2
50 richard_ii:4.3
51 richard_ii:4.4
52 richard_ii:4.5
53 henry_vi_part_2:0.0
54 henry_vi_part_2:0.1
55 henry_vi_part_2:0.2
56 henry_vi_part_2:0.3
57 henry_vi_part_2:1.0
58 henry_vi_part_2:1.1
59 henry_vi_part_2:1.2
60 henry_vi_part_2:1.3
61 henry_vi_part_2:2.0
62 henry_vi_part_2:2.1
63 henry_vi_part_2:2.2
64 henry_vi_part_2:3.0
65 henry_vi_part_2:3.1
66 henry_vi_part_2:3.2
67 henry_vi_part_2:3.3
68 henry_vi_part_2:3.4
69 henry_vi_part_2:3.5
70 henry_vi_part_2:3.6
71 henry_vi_part_2:3.7
72 henry_vi_part_2:3.8
73 henry_vi_part_2:3.9
74 henry_vi_part_2:4.0
75 henry_vi_part_2:4.1
76 henry_vi_part_2:4.2
77 merry_wives_of_windsor:0.0
78 merry_wives_of_windsor:0.1
79 merry_wives_of_windsor:0.2
80 merry_wives_of_windsor:0.3
81 merry_wives_of_windsor:1.0
82 merry_wives_of_windsor:1.1
83 merry_wives_of_windsor:1.2
84 merry_wives_of_windsor:2.0
85 merry_wives_of_windsor:2.1
86 merry_wives_of_windsor:2.2
87 merry_wives_of_windsor:2.3
88 merry_wives_of_windsor:2.4
89 merry_wives_of_windsor:3.0
90 merry_wives_of_windsor:3.1
91 merry_wives_of_windsor:3.2
92 merry_wives_of_windsor:3.3
93 merry_wives_of_windsor:3.4
94 merry_wives_of_windsor:3.5
95 merry_wives_of_windsor:4.0
96 merry_wives_of_windsor:4.1
97 merry_wives_of_windsor:4.2
98 merry_wives_of_windsor:4.3
99 merry_wives_of_windsor:4.4
100 richard_iii:0.0
101 richard_iii:0.1
102 richard_iii:0.2
103 richard_iii:0.3
104 richard_iii:1.0
105 richard_iii:1.1
106 richard_iii:1.2
107 richard_iii:1.3
108 richard_iii:2.0
109 richard_iii:2.1
110 richard_iii:2.2
111 richard_iii:2.3
112 richard_iii:2.4
113 richard_iii:2.5
114 richard_iii:2.6
115 richard_iii:3.0
116 richard_iii:3.1
117 richard_iii:3.2
118 richard_iii:3.3
119 richard_iii:3.4
120 richard_iii:4.0
121 richard_iii:4.1
122 richard_iii:4.2
123 richard_iii:4.3
124 richard_iii:4.4
125 hamlet:0.0
126 hamlet:0.1
127 hamlet:0.2
128 hamlet:0.3
129 hamlet:0.4
130 hamlet:1.0
131 hamlet:1.1
132 hamlet:2.0
133 hamlet:2.1
134 hamlet:2.2
135 hamlet:2.3
136 hamlet:3.0
137 hamlet:3.1
138 hamlet:3.2
139 hamlet:3.3
140 hamlet:3.4
141 hamlet:3.5
142 hamlet:3.6
143 hamlet:4.0
144 hamlet:4.1
145 henry_iv_part_i:0.0
146 henry_iv_part_i:0.1
147 henry_iv_part_i:0.2
148 henry_iv_part_i:1.0
149 henry_iv_part_i:1.1
150 henry_iv_part_i:1.2
151 henry_iv_part_i:1.3
152 henry_iv_part_i:2.0
153 henry_iv_part_i:2.1
154 henry_iv_part_i:2.2
155 henry_iv_part_i:3.0
156 henry_iv_part_i:3.1
157 henry_iv_part_i:3.2
158 henry_iv_part_i:3.3
159 henry_iv_part_i:4.0
160 henry_iv_part_i:4.1
161 henry_iv_part_i:4.2
162 henry_iv_part_i:4.3
163 henry_iv_part_i:4.4
164 henry_vi_part_1:0.0
165 henry_vi_part_1:0.1
166 henry_vi_part_1:0.2
167 henry_vi_part_1:0.3
168 henry_vi_part_1:0.4
169 henry_vi_part_1:0.5
170 henry_vi_part_1:1.0
171 henry_vi_part_1:1.1
172 henry_vi_part_1:1.2
173 henry_vi_part_1:1.3
174 henry_vi_part_1:1.4
175 henry_vi_part_1:2.0
176 henry_vi_part_1:2.1
177 henry_vi_part_1:2.2
178 henry_vi_part_1:2.3
179 henry_vi_part_1:3.0
180 henry_vi_part_1:3.1
181 henry_vi_part_1:3.2
182 henry_vi_part_1:3.3
183 henry_vi_part_1:3.4
184 henry_vi_part_1:3.5
185 henry_vi_part_1:3.6
186 henry_vi_part_1:4.0
187 henry_vi_part_1:4.1
188 henry_vi_part_1:4.2
189 henry_vi_part_1:4.3
190 henry_vi_part_1:4.4
191 taming_of_the_shrew:0.0
192 taming_of_the_shrew:0.1
193 taming_of_the_shrew:1.0
194 taming_of_the_shrew:2.0
195 taming_of_the_shrew:2.1
196 taming_of_the_shrew:3.0
197 taming_of_the_shrew:3.1
197 taming_of_the_shrew:3.3
197 taming_of_the_shrew:4.0
197 taming_of_the_shrew:4.1
198 taming_of_the_shrew:3.2
199 taming_of_the_shrew:3.4
200 alls_well_that_ends_well:0.0
201 alls_well_that_ends_well:0.1
202 alls_well_that_ends_well:0.2
203 alls_well_that_ends_well:1.0
204 alls_well_that_ends_well:1.1
205 alls_well_that_ends_well:1.2
206 alls_well_that_ends_well:1.3
207 alls_well_that_ends_well:1.4
208 alls_well_that_ends_well:2.0
209 alls_well_that_ends_well:2.1
210 alls_well_that_ends_well:2.2
211 alls_well_that_ends_well:2.3
212 alls_well_that_ends_well:2.4
213 alls_well_that_ends_well:2.5
214 alls_well_that_ends_well:2.6
215 alls_well_that_ends_well:3.0
216 alls_well_that_ends_well:3.1
217 alls_well_that_ends_well:3.2
218 alls_well_that_ends_well:3.3
219 alls_well_that_ends_well:3.4
220 alls_well_that_ends_well:4.0
221 alls_well_that_ends_well:4.1
222 alls_well_that_ends_well:4.2
223 loves_labors_lost:0.0
224 loves_labors_lost:0.1
225 loves_labors_lost:1.0
226 loves_labors_lost:2.0
227 loves_labors_lost:3.0
228 loves_labors_lost:3.1
229 loves_labors_lost:3.2
230 loves_labors_lost:4.0
231 loves_labors_lost:4.1
232 henry_vi_part_3:0.0
233 henry_vi_part_3:0.1
234 henry_vi_part_3:0.2
235 henry_vi_part_3:0.3
236 henry_vi_part_3:1.0
237 henry_vi_part_3:1.1
238 henry_vi_part_3:1.2
239 henry_vi_part_3:1.3
240 henry_vi_part_3:1.4
241 henry_vi_part_3:1.5
242 henry_vi_part_3:2.0
243 henry_vi_part_3:2.1
244 henry_vi_part_3:2.2
245 henry_vi_part_3:3.0
246 henry_vi_part_3:3.1
247 henry_vi_part_3:3.2
248 henry_vi_part_3:3.3
249 henry_vi_part_3:3.4
250 henry_vi_part_3:3.5
251 henry_vi_part_3:3.6
252 henry_vi_part_3:3.7
253 henry_vi_part_3:4.0
254 henry_vi_part_3:4.1
255 henry_vi_part_3:4.2
256 henry_vi_part_3:4.3
257 henry_vi_part_3:4.4
258 henry_vi_part_3:4.5
259 henry_vi_part_3:4.6
260 romeo_and_juliet:0.0
261 romeo_and_juliet:0.1
262 romeo_and_juliet:0.2
263 romeo_and_juliet:0.3
264 romeo_and_juliet:0.4
265 romeo_and_juliet:1.0
266 romeo_and_juliet:1.1
267 romeo_and_juliet:1.2
268 romeo_and_juliet:1.3
269 romeo_and_juliet:1.4
270 romeo_and_juliet:1.5
271 romeo_and_juliet:2.0
272 romeo_and_juliet:2.1
273 romeo_and_juliet:2.2
274 romeo_and_juliet:2.3
275 romeo_and_juliet:2.4
276 romeo_and_juliet:3.0
277 romeo_and_juliet:3.1
278 romeo_and_juliet:3.2
279 romeo_and_juliet:3.3
280 romeo_and_juliet:3.4
281 romeo_and_juliet:4.0
282 romeo_and_juliet:4.1
283 romeo_and_juliet:4.2
284 titus_andronicus:0.0
285 titus_andronicus:1.0
286 titus_andronicus:1.1
287 titus_andronicus:1.2
288 titus_andronicus:1.3
289 titus_andronicus:2.0
290 titus_andronicus:2.1
291 titus_andronicus:3.0
292 titus_andronicus:3.1
293 titus_andronicus:3.2
294 titus_andronicus:3.3
295 titus_andronicus:4.0
296 titus_andronicus:4.1
297 titus_andronicus:4.2
298 macbeth:0.0
299 macbeth:0.1
300 macbeth:0.2
301 macbeth:0.3
302 macbeth:0.4
303 macbeth:0.5
304 macbeth:0.6
305 macbeth:1.0
306 macbeth:1.1
307 macbeth:1.2
308 macbeth:1.3
309 macbeth:2.0
310 macbeth:2.1
311 macbeth:2.2
312 macbeth:2.3
313 macbeth:2.4
314 macbeth:2.5
315 macbeth:3.0
316 macbeth:3.1
317 macbeth:3.2
318 macbeth:4.0
319 macbeth:4.1
319 macbeth:4.3
320 macbeth:4.2
321 macbeth:4.4
322 macbeth:4.5
323 macbeth:4.6
324 macbeth:4.7
325 coriolanus:0.0
326 coriolanus:0.1
327 coriolanus:0.2
328 coriolanus:0.3
329 coriolanus:0.4
330 coriolanus:0.5
331 coriolanus:0.6
332 coriolanus:0.7
333 coriolanus:0.8
334 coriolanus:0.9
335 coriolanus:1.0
336 coriolanus:1.1
337 coriolanus:1.2
338 coriolanus:2.0
339 coriolanus:2.1
340 coriolanus:2.2
341 coriolanus:3.0
342 coriolanus:3.1
343 coriolanus:3.2
344 coriolanus:3.3
345 coriolanus:3.4
346 coriolanus:3.5
347 coriolanus:3.6
348 coriolanus:4.0
349 coriolanus:4.1
350 coriolanus:4.2
351 coriolanus:4.3
352 coriolanus:4.4
353 coriolanus:4.5
354 julius_caesar:0.0
355 julius_caesar:0.1
356 julius_caesar:0.2
357 julius_caesar:1.0
358 julius_caesar:1.1
359 julius_caesar:1.2
360 julius_caesar:1.3
361 julius_caesar:2.0
362 julius_caesar:2.1
363 julius_caesar:2.2
364 julius_caesar:3.0
365 julius_caesar:3.1
365 julius_caesar:4.2
366 julius_caesar:3.2
367 julius_caesar:4.0
368 julius_caesar:4.1
369 julius_caesar:4.3
370 julius_caesar:4.4
371 comedy_of_errors:0.0
372 comedy_of_errors:0.1
373 comedy_of_errors:1.0
374 comedy_of_errors:1.1
375 comedy_of_errors:2.0
376 comedy_of_errors:2.1
377 comedy_of_errors:3.0
377 comedy_of_errors:3.3
377 comedy_of_errors:4.0
378 comedy_of_errors:3.1
379 comedy_of_errors:3.2
380 much_ado_about_nothing:0.0
381 much_ado_about_nothing:0.1
382 much_ado_about_nothing:0.2
383 much_ado_about_nothing:1.0
384 much_ado_about_nothing:1.1
385 much_ado_about_nothing:1.2
386 much_ado_about_nothing:2.0
387 much_ado_about_nothing:2.1
388 much_ado_about_nothing:2.2
388 much_ado_about_nothing:3.1
389 much_ado_about_nothing:2.3
390 much_ado_about_nothing:2.4
391 much_ado_about_nothing:3.0
392 much_ado_about_nothing:4.0
393 much_ado_about_nothing:4.1
394 much_ado_about_nothing:4.2
395 much_ado_about_nothing:4.3
396 twelfth_night:0.0
397 twelfth_night:0.1
398 twelfth_night:0.2
399 twelfth_night:0.3
400 twelfth_night:0.4
401 twelfth_night:1.0
402 twelfth_night:1.1
403 twelfth_night:1.2
404 twelfth_night:1.3
405 twelfth_night:1.4
406 twelfth_night:2.0
407 twelfth_night:2.1
408 twelfth_night:2.2
409 twelfth_night:2.3
410 twelfth_night:3.0
411 twelfth_night:3.1
412 twelfth_night:3.2
413 twelfth_night:4.0
414 lear:0.0
415 lear:0.1
416 lear:0.2
417 lear:0.3
418 lear:0.4
419 lear:1.0
420 lear:1.1
421 lear:1.2
422 lear:1.3
423 lear:2.0
424 lear:2.1
425 lear:2.2
426 lear:2.3
427 lear:2.4
428 lear:2.5
429 lear:2.6
430 lear:3.0
431 lear:3.1
432 lear:3.2
433 lear:3.3
434 lear:3.4
435 lear:3.5
436 lear:3.6
437 lear:4.0
438 lear:4.1
439 lear:4.2
440 cymbeline:0.0
441 cymbeline:0.1
442 cymbeline:0.2
443 cymbeline:0.3
444 cymbeline:0.4
445 cymbeline:0.5
446 cymbeline:1.0
447 cymbeline:1.1
448 cymbeline:1.2
449 cymbeline:1.3
450 cymbeline:1.4
451 cymbeline:2.0
452 cymbeline:2.1
453 cymbeline:2.2
454 cymbeline:2.3
455 cymbeline:2.4
456 cymbeline:2.5
457 cymbeline:2.6
458 cymbeline:3.0
459 cymbeline:3.1
460 cymbeline:3.2
461 cymbeline:3.3
462 cymbeline:4.0
463 cymbeline:4.1
464 cymbeline:4.2
465 cymbeline:4.3
466 cymbeline:4.4
467 measure_for_measure:0.0
468 measure_for_measure:0.1
469 measure_for_measure:0.2
470 measure_for_measure:0.3
471 measure_for_measure:1.0
472 measure_for_measure:1.1
473 measure_for_measure:1.2
474 measure_for_measure:1.3
475 measure_for_measure:2.0
476 measure_for_measure:2.1
477 measure_for_measure:3.0
478 measure_for_measure:3.1
479 measure_for_measure:3.2
480 measure_for_measure:3.3
481 measure_for_measure:3.4
482 measure_for_measure:3.5
483 measure_for_measure:4.0
484 pericles:0.0
485 pericles:0.1
486 pericles:0.2
487 pericles:0.3
488 pericles:1.0
489 pericles:1.1
490 pericles:1.2
491 pericles:1.3
492 pericles:1.4
493 pericles:2.0
494 pericles:2.1
495 pericles:2.2
496 pericles:2.3
497 pericles:3.0
498 pericles:3.1
499 pericles:3.2
500 pericles:3.3
501 pericles:3.4
502 pericles:3.5
503 pericles:4.0
504 pericles:4.1
505 pericles:4.2
506 winters_tale:0.0
507 winters_tale:0.1
508 winters_tale:1.0
509 winters_tale:1.1
510 winters_tale:1.2
511 winters_tale:2.0
512 winters_tale:2.1
513 winters_tale:2.2
514 winters_tale:3.0
515 winters_tale:3.1
516 winters_tale:3.2
517 winters_tale:3.3
518 winters_tale:4.0
519 winters_tale:4.1
520 winters_tale:4.2
521 antony_and_cleopatra:0.0
522 antony_and_cleopatra:0.1
523 antony_and_cleopatra:0.2
524 antony_and_cleopatra:0.3
525 antony_and_cleopatra:0.4
526 antony_and_cleopatra:1.0
527 antony_and_cleopatra:1.1
528 antony_and_cleopatra:1.2
529 antony_and_cleopatra:1.3
530 antony_and_cleopatra:1.4
531 antony_and_cleopatra:1.5
531 antony_and_cleopatra:1.6
531 antony_and_cleopatra:2.1
532 antony_and_cleopatra:2.0
533 antony_and_cleopatra:2.2
534 antony_and_cleopatra:2.3
535 antony_and_cleopatra:2.4
536 antony_and_cleopatra:2.5
537 antony_and_cleopatra:2.6
538 antony_and_cleopatra:2.7
539 antony_and_cleopatra:2.8
540 antony_and_cleopatra:2.9
541 antony_and_cleopatra:2.10
542 antony_and_cleopatra:2.11
543 antony_and_cleopatra:2.12
544 antony_and_cleopatra:3.0
545 antony_and_cleopatra:3.1
546 antony_and_cleopatra:3.2
547 antony_and_cleopatra:3.3
548 antony_and_cleopatra:3.4
549 antony_and_cleopatra:3.5
550 antony_and_cleopatra:3.6
551 antony_and_cleopatra:3.7
552 antony_and_cleopatra:3.8
553 antony_and_cleopatra:3.9
554 antony_and_cleopatra:3.10
555 antony_and_cleopatra:3.11
556 antony_and_cleopatra:3.12
557 antony_and_cleopatra:3.13
558 antony_and_cleopatra:3.14
559 antony_and_cleopatra:4.0
560 antony_and_cleopatra:4.1
561 tempest:0.0
562 tempest:0.1
563 tempest:1.0
564 tempest:1.1
565 tempest:2.0
566 tempest:2.1
567 tempest:2.2
568 tempest:3.0
569 tempest:4.0
570 two_gentlemen_of_verona:0.0
571 two_gentlemen_of_verona:0.1
572 two_gentlemen_of_verona:0.2
573 two_gentlemen_of_verona:1.0
574 two_gentlemen_of_verona:1.1
575 two_gentlemen_of_verona:1.2
576 two_gentlemen_of_verona:1.3
577 two_gentlemen_of_verona:1.4
578 two_gentlemen_of_verona:1.5
579 two_gentlemen_of_verona:1.6
580 two_gentlemen_of_verona:2.0
581 two_gentlemen_of_verona:2.1
582 two_gentlemen_of_verona:3.0
583 two_gentlemen_of_verona:3.1
584 two_gentlemen_of_verona:3.2
584 two_gentlemen_of_verona:4.0
585 two_gentlemen_of_verona:3.3
586 two_gentlemen_of_verona:4.1
587 two_gentlemen_of_verona:4.2
588 two_gentlemen_of_verona:4.3
589 merchant_of_venice:0.0
590 merchant_of_venice:0.1
591 merchant_of_venice:0.2
592 merchant_of_venice:1.0
593 merchant_of_venice:1.1
594 merchant_of_venice:1.2
594 merchant_of_venice:2.4
595 merchant_of_venice:1.3
596 merchant_of_venice:1.4
597 merchant_of_venice:1.5
598 merchant_of_venice:1.6
599 merchant_of_venice:1.7
600 merchant_of_venice:1.8
601 merchant_of_venice:2.0
602 merchant_of_venice:2.1
603 merchant_of_venice:2.2
604 merchant_of_venice:2.3
605 merchant_of_venice:3.0
606 merchant_of_venice:3.1
607 merchant_of_venice:4.0
608 henry_viii:0.0
609 henry_viii:0.1
610 henry_viii:0.2
611 henry_viii:0.3
612 henry_viii:1.0
613 henry_viii:1.1
614 henry_viii:1.2
615 henry_viii:1.3
616 henry_viii:2.0
617 henry_viii:2.1
618 henry_viii:3.0
619 henry_viii:3.1
620 henry_viii:4.0
621 henry_viii:4.1
622 henry_viii:4.2
623 henry_viii:4.3
624 henry_viii:4.4
625 midsummer_nights_dream:0.0
626 midsummer_nights_dream:0.1
626 midsummer_nights_dream:3.1
627 midsummer_nights_dream:1.0
628 midsummer_nights_dream:1.1
629 midsummer_nights_dream:2.0
630 midsummer_nights_dream:2.1
631 midsummer_nights_dream:3.0
632 midsummer_nights_dream:4.0
633 as_you_like_it:0.0
634 as_you_like_it:0.1
635 as_you_like_it:0.2
636 as_you_like_it:1.0
637 as_you_like_it:1.1
638 as_you_like_it:1.2
639 as_you_like_it:1.3
640 as_you_like_it:1.4
641 as_you_like_it:1.5
642 as_you_like_it:1.6
643 as_you_like_it:2.0
644 as_you_like_it:2.1
645 as_you_like_it:2.2
646 as_you_like_it:2.3
647 as_you_like_it:2.4
648 as_you_like_it:3.0
649 as_you_like_it:3.1
650 as_you_like_it:3.2
651 as_you_like_it:4.0
652 as_you_like_it:4.1
653 as_you_like_it:4.2
654 as_you_like_it:4.3
655 troilus_and_cressida:0.0
656 troilus_and_cressida:0.1
657 troilus_and_cressida:0.2
658 troilus_and_cressida:1.0
659 troilus_and_cressida:1.1
660 troilus_and_cressida:1.2
661 troilus_and_cressida:2.0
662 troilus_and_cressida:2.1
663 troilus_and_cressida:2.2
664 troilus_and_cressida:3.0
665 troilus_and_cressida:3.1
666 troilus_and_cressida:3.2
667 troilus_and_cressida:3.3
668 troilus_and_cressida:3.4
669 troilus_and_cressida:4.0
670 troilus_and_cressida:4.1
671 troilus_and_cressida:4.2
672 troilus_and_cressida:4.3
673 troilus_and_cressida:4.4
674 troilus_and_cressida:4.5
675 troilus_and_cressida:4.6
676 troilus_and_cressida:4.7
677 troilus_and_cressida:4.8
678 troilus_and_cressida:4.9
679 henry_v:0.0
680 henry_v:0.1
681 henry_v:1.0
682 henry_v:1.1
683 henry_v:1.2
684 henry_v:1.3
685 henry_v:2.0
686 henry_v:2.1
687 henry_v:2.2
688 henry_v:2.3
689 henry_v:2.4
690 henry_v:2.5
691 henry_v:2.6
692 henry_v:3.0
693 henry_v:3.1
694 henry_v:3.2
695 henry_v:3.3
696 henry_v:3.4
697 henry_v:3.5
698 henry_v:3.6
699 henry_v:3.7
700 henry_v:4.0
701 henry_v:4.1
702 life_and_death_of_king_john:0.0
703 life_and_death_of_king_john:1.0
704 life_and_death_of_king_john:2.0
705 life_and_death_of_king_john:2.1
706 life_and_death_of_king_john:2.2
707 life_and_death_of_king_john:2.3
708 life_and_death_of_king_john:3.0
709 life_and_death_of_king_john:3.1
710 life_and_death_of_king_john:3.2
711 life_and_death_of_king_john:4.0
712 life_and_death_of_king_john:4.1
713 life_and_death_of_king_john:4.2
714 life_and_death_of_king_john:4.3
715 life_and_death_of_king_john:4.4
716 life_and_death_of_king_john:4.5
717 life_and_death_of_king_john:4.6
718 timon_of_athens:0.0
719 timon_of_athens:0.1
720 timon_of_athens:1.0
721 timon_of_athens:1.1
722 timon_of_athens:2.0
723 timon_of_athens:2.1
724 timon_of_athens:2.2
725 timon_of_athens:2.3
726 timon_of_athens:2.4
727 timon_of_athens:2.5
728 timon_of_athens:3.0
729 timon_of_athens:3.1
730 timon_of_athens:3.2
731 timon_of_athens:4.0
732 timon_of_athens:4.1
733 timon_of_athens:4.2
734 timon_of_athens:4.3
