1 othello:0.0
1 othello:0.1
1 othello:0.2
1 othello:1.0
1 othello:1.1
1 othello:1.2
1 othello:2.0
1 othello:2.1
1 othello:2.2
1 othello:2.3
1 othello:3.0
1 othello:3.1
1 othello:3.2
1 othello:4.0
1 othello:4.1
2 henry_iv_part_ii:0.0
2 henry_iv_part_ii:0.1
2 henry_iv_part_ii:0.2
2 henry_iv_part_ii:1.0
2 henry_iv_part_ii:1.1
2 henry_iv_part_ii:1.2
2 henry_iv_part_ii:1.3
2 henry_iv_part_ii:2.0
2 henry_iv_part_ii:2.1
2 henry_iv_part_ii:3.0
2 henry_iv_part_ii:3.1
2 henry_iv_part_ii:3.2
2 henry_iv_part_ii:3.3
2 henry_iv_part_i:0.0
3 henry_iv_part_ii:3.4
3 henry_iv_part_ii:4.1
3 richard_ii:0.0
3 richard_ii:0.1
3 richard_ii:0.2
3 richard_ii:0.3
3 richard_ii:1.0
3 richard_ii:1.1
3 richard_ii:1.2
3 richard_ii:2.0
3 henry_vi_part_2:1.1
3 henry_vi_part_2:2.1
3 henry_vi_part_3:4.4
4 henry_iv_part_ii:4.0
4 henry_iv_part_ii:4.2
4 henry_iv_part_ii:4.3
4 henry_iv_part_ii:4.4
4 merry_wives_of_windsor:0.0
4 merry_wives_of_windsor:0.1
4 merry_wives_of_windsor:0.2
4 merry_wives_of_windsor:0.3
4 merry_wives_of_windsor:1.0
4 merry_wives_of_windsor:1.1
4 merry_wives_of_windsor:1.2
4 merry_wives_of_windsor:2.0
4 merry_wives_of_windsor:2.1
4 merry_wives_of_windsor:2.2
4 merry_wives_of_windsor:2.3
5 richard_ii:1.3
5 richard_ii:2.1
5 richard_ii:2.2
5 richard_ii:2.3
5 richard_ii:3.0
5 richard_ii:4.0
5 richard_ii:4.1
5 richard_ii:4.2
5 henry_vi_part_2:1.3
5 richard_iii:1.1
5 richard_iii:1.3
5 henry_vi_part_3:0.0
5 henry_vi_part_3:0.1
6 richard_ii:4.3
6 richard_ii:4.4
6 richard_ii:4.5
6 henry_vi_part_2:0.0
6 henry_vi_part_2:0.1
6 henry_vi_part_2:0.2
6 henry_vi_part_2:0.3
6 henry_vi_part_2:1.0
6 henry_vi_part_2:1.2
6 henry_vi_part_2:2.0
7 henry_vi_part_2:2.2
7 henry_vi_part_2:4.0
7 henry_vi_part_2:4.1
7 henry_vi_part_2:4.2
7 richard_iii:0.0
7 richard_iii:0.1
7 richard_iii:0.2
7 richard_iii:0.3
7 richard_iii:1.0
7 richard_iii:3.0
7 richard_iii:3.3
7 henry_vi_part_3:0.2
7 henry_vi_part_3:3.3
8 henry_vi_part_2:3.0
8 henry_vi_part_2:3.1
8 henry_vi_part_2:3.2
8 henry_vi_part_2:3.3
8 henry_vi_part_2:3.4
8 henry_vi_part_2:3.5
8 henry_vi_part_2:3.6
8 henry_vi_part_2:3.7
8 henry_vi_part_2:3.8
8 henry_vi_part_2:3.9
8 henry_vi_part_1:1.3
8 henry_vi_part_1:4.2
9 merry_wives_of_windsor:2.4
9 merry_wives_of_windsor:3.0
9 merry_wives_of_windsor:3.1
9 merry_wives_of_windsor:3.2
9 merry_wives_of_windsor:3.3
9 merry_wives_of_windsor:3.4
9 merry_wives_of_windsor:3.5
9 merry_wives_of_windsor:4.0
9 merry_wives_of_windsor:4.1
9 merry_wives_of_windsor:4.2
9 merry_wives_of_windsor:4.3
9 merry_wives_of_windsor:4.4
10 richard_iii:1.2
10 richard_iii:2.0
10 richard_iii:2.1
10 richard_iii:2.2
10 richard_iii:2.3
10 richard_iii:2.4
10 richard_iii:2.5
10 richard_iii:2.6
10 richard_iii:3.1
10 richard_iii:3.2
10 richard_iii:4.0
10 henry_vi_part_3:3.4
10 henry_vi_part_3:3.6
11 richard_iii:3.4
11 richard_iii:4.1
11 richard_iii:4.2
11 richard_iii:4.3
11 richard_iii:4.4
11 hamlet:0.0
11 hamlet:0.1
11 hamlet:0.3
12 hamlet:0.2
12 hamlet:0.4
12 hamlet:1.0
12 hamlet:1.1
12 hamlet:2.0
12 hamlet:2.1
12 hamlet:2.2
12 hamlet:2.3
12 hamlet:3.0
12 hamlet:3.1
12 hamlet:3.2
12 hamlet:3.3
12 hamlet:3.4
12 hamlet:3.5
12 hamlet:3.6
12 hamlet:4.0
12 hamlet:4.1
13 henry_iv_part_i:0.1
13 henry_iv_part_i:0.2
13 henry_iv_part_i:1.0
13 henry_iv_part_i:1.1
13 henry_iv_part_i:1.2
13 henry_iv_part_i:1.3
13 henry_iv_part_i:2.0
13 henry_iv_part_i:2.1
13 henry_iv_part_i:2.2
13 henry_iv_part_i:3.0
13 henry_iv_part_i:3.1
13 henry_iv_part_i:3.2
13 henry_iv_part_i:3.3
13 henry_iv_part_i:4.0
13 henry_iv_part_i:4.1
13 henry_iv_part_i:4.2
13 henry_iv_part_i:4.3
13 henry_iv_part_i:4.4
14 henry_vi_part_1:0.0
14 henry_vi_part_1:0.1
14 henry_vi_part_1:0.2
14 henry_vi_part_1:0.3
14 henry_vi_part_1:0.4
14 henry_vi_part_1:0.5
14 henry_vi_part_1:1.0
14 henry_vi_part_1:1.1
14 henry_vi_part_1:1.4
14 henry_vi_part_1:2.0
14 henry_vi_part_1:2.1
14 henry_vi_part_1:2.2
14 henry_vi_part_1:4.1
14 henry_vi_part_1:4.3
15 henry_vi_part_1:1.2
15 henry_vi_part_1:2.3
15 henry_vi_part_1:3.0
15 henry_vi_part_1:3.1
15 henry_vi_part_1:3.2
15 henry_vi_part_1:3.3
15 henry_vi_part_1:3.4
15 henry_vi_part_1:3.5
15 henry_vi_part_1:3.6
15 henry_vi_part_1:4.0
16 henry_vi_part_1:4.4
16 taming_of_the_shrew:0.0
16 taming_of_the_shrew:0.1
16 taming_of_the_shrew:1.0
16 taming_of_the_shrew:2.0
16 taming_of_the_shrew:2.1
16 taming_of_the_shrew:3.0
16 taming_of_the_shrew:3.1
16 taming_of_the_shrew:3.2
16 taming_of_the_shrew:3.3
16 taming_of_the_shrew:3.4
16 taming_of_the_shrew:4.0
16 taming_of_the_shrew:4.1
17 alls_well_that_ends_well:0.0
17 alls_well_that_ends_well:0.1
17 alls_well_that_ends_well:0.2
17 alls_well_that_ends_well:1.0
17 alls_well_that_ends_well:1.1
17 alls_well_that_ends_well:1.2
17 alls_well_that_ends_well:1.3
17 alls_well_that_ends_well:1.4
17 alls_well_that_ends_well:2.1
17 alls_well_that_ends_well:2.3
17 alls_well_that_ends_well:3.2
17 alls_well_that_ends_well:3.4
17 alls_well_that_ends_well:4.1
17 alls_well_that_ends_well:4.2
18 alls_well_that_ends_well:2.0
18 alls_well_that_ends_well:2.2
18 alls_well_that_ends_well:2.4
18 alls_well_that_ends_well:2.5
18 alls_well_that_ends_well:2.6
18 alls_well_that_ends_well:3.0
18 alls_well_that_ends_well:3.1
18 alls_well_that_ends_well:3.3
18 alls_well_that_ends_well:4.0
19 loves_labors_lost:0.0
19 loves_labors_lost:0.1
19 loves_labors_lost:1.0
19 loves_labors_lost:2.0
19 loves_labors_lost:3.0
19 loves_labors_lost:3.1
19 loves_labors_lost:3.2
19 loves_labors_lost:4.0
19 loves_labors_lost:4.1
19 much_ado_about_nothing:0.0
20 henry_vi_part_3:0.3
20 henry_vi_part_3:1.0
20 henry_vi_part_3:1.1
20 henry_vi_part_3:1.2
20 henry_vi_part_3:1.3
20 henry_vi_part_3:1.4
20 henry_vi_part_3:1.5
20 henry_vi_part_3:2.0
20 henry_vi_part_3:2.1
20 henry_vi_part_3:2.2
20 henry_vi_part_3:3.0
20 henry_vi_part_3:3.1
20 henry_vi_part_3:3.2
20 henry_vi_part_3:3.5
20 henry_vi_part_3:3.7
20 henry_vi_part_3:4.0
20 henry_vi_part_3:4.1
20 henry_vi_part_3:4.2
20 henry_vi_part_3:4.3
21 henry_vi_part_3:4.5
21 henry_vi_part_3:4.6
21 romeo_and_juliet:0.0
21 romeo_and_juliet:0.1
21 romeo_and_juliet:0.2
21 romeo_and_juliet:0.3
21 romeo_and_juliet:0.4
21 romeo_and_juliet:1.0
21 romeo_and_juliet:1.1
21 romeo_and_juliet:1.2
21 romeo_and_juliet:1.3
21 romeo_and_juliet:1.4
21 romeo_and_juliet:2.0
22 romeo_and_juliet:1.5
22 romeo_and_juliet:2.1
22 romeo_and_juliet:2.2
22 romeo_and_juliet:2.3
22 romeo_and_juliet:2.4
22 romeo_and_juliet:3.0
22 romeo_and_juliet:3.1
22 romeo_and_juliet:3.2
22 romeo_and_juliet:3.3
22 romeo_and_juliet:3.4
22 romeo_and_juliet:4.0
22 romeo_and_juliet:4.1
22 romeo_and_juliet:4.2
23 titus_andronicus:0.0
23 titus_andronicus:1.0
23 titus_andronicus:1.1
23 titus_andronicus:1.2
23 titus_andronicus:1.3
23 titus_andronicus:2.0
23 titus_andronicus:2.1
23 titus_andronicus:3.0
23 titus_andronicus:3.1
23 titus_andronicus:3.2
23 titus_andronicus:3.3
23 titus_andronicus:4.0
23 titus_andronicus:4.1
23 titus_andronicus:4.2
23 coriolanus:1.2
23 coriolanus:2.0
23 coriolanus:2.2
24 macbeth:0.0
24 macbeth:2.2
24 macbeth:2.3
24 macbeth:2.4
24 macbeth:2.5
24 macbeth:3.0
24 macbeth:3.1
25 macbeth:0.1
25 macbeth:0.2
25 macbeth:0.3
25 macbeth:0.4
25 macbeth:0.5
25 macbeth:0.6
25 macbeth:1.0
25 macbeth:1.1
25 macbeth:1.2
25 macbeth:1.3
25 macbeth:2.0
25 macbeth:2.1
26 macbeth:3.2
26 macbeth:4.0
26 macbeth:4.1
26 macbeth:4.2
26 macbeth:4.3
26 macbeth:4.4
26 macbeth:4.5
26 macbeth:4.6
26 macbeth:4.7
26 coriolanus:0.0
27 coriolanus:0.1
27 coriolanus:0.2
27 coriolanus:0.3
27 coriolanus:0.4
27 coriolanus:0.5
27 coriolanus:0.6
27 coriolanus:0.7
27 coriolanus:0.8
27 coriolanus:0.9
27 coriolanus:1.0
27 coriolanus:1.1
27 coriolanus:2.1
27 coriolanus:3.0
27 coriolanus:3.1
27 coriolanus:4.4
28 coriolanus:3.2
28 coriolanus:3.3
28 coriolanus:3.4
28 coriolanus:3.5
28 coriolanus:3.6
28 coriolanus:4.0
28 coriolanus:4.1
28 coriolanus:4.2
28 coriolanus:4.3
28 coriolanus:4.5
29 julius_caesar:0.0
29 julius_caesar:0.1
29 julius_caesar:0.2
29 julius_caesar:1.0
29 julius_caesar:1.1
29 julius_caesar:1.2
29 julius_caesar:1.3
29 julius_caesar:2.0
29 julius_caesar:2.1
29 julius_caesar:2.2
29 julius_caesar:3.0
29 julius_caesar:3.1
29 julius_caesar:3.2
29 julius_caesar:4.0
29 julius_caesar:4.1
29 julius_caesar:4.2
29 julius_caesar:4.3
30 julius_caesar:4.4
30 lear:3.5
30 lear:4.0
30 lear:4.1
30 lear:4.2
30 cymbeline:3.1
30 cymbeline:3.3
30 cymbeline:4.2
30 antony_and_cleopatra:1.2
30 timon_of_athens:0.0
31 comedy_of_errors:0.0
31 comedy_of_errors:0.1
31 comedy_of_errors:1.0
31 comedy_of_errors:1.1
31 comedy_of_errors:2.0
31 comedy_of_errors:2.1
31 comedy_of_errors:3.0
31 comedy_of_errors:3.1
31 comedy_of_errors:3.2
31 comedy_of_errors:3.3
31 comedy_of_errors:4.0
32 much_ado_about_nothing:0.1
32 much_ado_about_nothing:0.2
32 much_ado_about_nothing:1.0
32 much_ado_about_nothing:1.1
32 much_ado_about_nothing:1.2
32 much_ado_about_nothing:2.0
32 much_ado_about_nothing:2.1
32 much_ado_about_nothing:2.2
32 much_ado_about_nothing:2.3
32 much_ado_about_nothing:2.4
32 much_ado_about_nothing:3.0
32 much_ado_about_nothing:3.1
32 much_ado_about_nothing:4.0
32 much_ado_about_nothing:4.1
32 much_ado_about_nothing:4.2
32 much_ado_about_nothing:4.3
33 twelfth_night:0.0
33 twelfth_night:0.1
33 twelfth_night:0.2
33 twelfth_night:0.3
33 twelfth_night:0.4
33 twelfth_night:1.0
33 twelfth_night:1.1
33 twelfth_night:1.2
33 twelfth_night:1.3
33 twelfth_night:1.4
33 twelfth_night:2.0
33 twelfth_night:2.1
34 twelfth_night:2.2
34 twelfth_night:2.3
34 twelfth_night:3.0
34 twelfth_night:3.1
34 twelfth_night:3.2
34 twelfth_night:4.0
34 lear:0.0
34 lear:0.2
34 lear:3.0
35 lear:0.1
35 lear:0.3
35 lear:0.4
35 lear:1.0
35 lear:1.1
35 lear:1.2
35 lear:1.3
35 lear:2.0
35 lear:2.1
35 lear:2.2
35 lear:2.3
35 lear:2.4
35 lear:2.5
35 lear:2.6
35 lear:3.1
35 lear:3.2
35 lear:3.4
36 lear:3.3
36 lear:3.6
36 cymbeline:0.0
36 cymbeline:0.2
36 cymbeline:0.3
36 cymbeline:0.4
36 cymbeline:0.5
36 cymbeline:1.1
36 cymbeline:1.3
36 cymbeline:1.4
36 cymbeline:4.0
36 cymbeline:4.1
37 cymbeline:0.1
37 cymbeline:1.0
37 cymbeline:1.2
37 cymbeline:2.0
37 cymbeline:2.1
37 cymbeline:2.2
37 cymbeline:2.3
37 cymbeline:2.4
37 cymbeline:2.5
37 cymbeline:3.0
37 cymbeline:3.2
38 cymbeline:2.6
38 timon_of_athens:1.0
38 timon_of_athens:1.1
38 timon_of_athens:2.0
38 timon_of_athens:2.1
38 timon_of_athens:2.2
38 timon_of_athens:2.3
38 timon_of_athens:2.4
38 timon_of_athens:2.5
38 timon_of_athens:3.1
39 cymbeline:4.3
39 cymbeline:4.4
39 measure_for_measure:0.0
39 measure_for_measure:0.1
39 measure_for_measure:0.2
39 measure_for_measure:0.3
39 measure_for_measure:1.0
39 measure_for_measure:1.1
39 measure_for_measure:1.2
39 measure_for_measure:1.3
39 measure_for_measure:2.0
39 measure_for_measure:2.1
39 measure_for_measure:3.0
39 measure_for_measure:3.1
39 measure_for_measure:3.2
39 measure_for_measure:3.3
40 measure_for_measure:3.4
40 measure_for_measure:3.5
40 measure_for_measure:4.0
40 pericles:0.0
40 pericles:0.1
40 pericles:0.2
40 antony_and_cleopatra:1.0
40 henry_viii:3.1
41 pericles:0.3
41 pericles:1.0
41 pericles:1.1
41 pericles:1.2
41 pericles:1.3
41 pericles:1.4
41 pericles:2.0
41 pericles:2.2
41 pericles:3.0
41 pericles:3.2
41 pericles:3.3
42 pericles:2.1
42 pericles:2.3
42 pericles:3.1
42 pericles:3.4
42 pericles:3.5
42 pericles:4.0
42 pericles:4.1
42 pericles:4.2
43 winters_tale:0.0
43 winters_tale:0.1
43 winters_tale:1.0
43 winters_tale:1.1
43 winters_tale:1.2
43 winters_tale:2.0
43 winters_tale:2.1
43 winters_tale:2.2
43 winters_tale:3.1
43 merchant_of_venice:0.0
44 winters_tale:3.0
44 henry_viii:0.0
44 henry_viii:0.1
44 henry_viii:0.2
44 henry_viii:0.3
44 henry_viii:1.0
44 henry_viii:1.1
44 henry_viii:1.2
44 henry_viii:1.3
44 henry_viii:2.0
44 henry_viii:2.1
44 henry_viii:3.0
44 henry_viii:4.0
45 winters_tale:3.2
45 winters_tale:3.3
45 winters_tale:4.0
45 winters_tale:4.1
45 winters_tale:4.2
45 antony_and_cleopatra:0.0
45 antony_and_cleopatra:0.1
45 antony_and_cleopatra:0.2
45 antony_and_cleopatra:0.3
45 antony_and_cleopatra:0.4
45 antony_and_cleopatra:1.1
45 antony_and_cleopatra:1.3
45 antony_and_cleopatra:1.4
45 antony_and_cleopatra:1.5
45 antony_and_cleopatra:1.6
45 antony_and_cleopatra:2.1
45 antony_and_cleopatra:2.2
45 two_gentlemen_of_verona:0.0
46 antony_and_cleopatra:2.0
46 antony_and_cleopatra:3.13
46 antony_and_cleopatra:3.14
46 antony_and_cleopatra:4.0
46 antony_and_cleopatra:4.1
47 antony_and_cleopatra:2.3
47 antony_and_cleopatra:2.4
47 antony_and_cleopatra:2.5
47 antony_and_cleopatra:2.6
47 antony_and_cleopatra:2.7
47 antony_and_cleopatra:2.8
47 antony_and_cleopatra:2.9
47 antony_and_cleopatra:2.10
47 antony_and_cleopatra:2.11
47 antony_and_cleopatra:2.12
47 antony_and_cleopatra:3.0
47 antony_and_cleopatra:3.1
48 antony_and_cleopatra:3.2
48 antony_and_cleopatra:3.3
48 antony_and_cleopatra:3.4
48 antony_and_cleopatra:3.5
48 antony_and_cleopatra:3.6
48 antony_and_cleopatra:3.7
48 antony_and_cleopatra:3.8
48 antony_and_cleopatra:3.9
48 antony_and_cleopatra:3.10
48 antony_and_cleopatra:3.11
48 antony_and_cleopatra:3.12
49 tempest:0.0
49 tempest:0.1
49 tempest:1.0
49 tempest:1.1
49 tempest:2.0
49 tempest:2.1
49 tempest:2.2
49 tempest:3.0
49 tempest:4.0
49 merchant_of_venice:3.0
50 two_gentlemen_of_verona:0.1
50 two_gentlemen_of_verona:0.2
50 two_gentlemen_of_verona:1.0
50 two_gentlemen_of_verona:1.1
50 two_gentlemen_of_verona:1.2
50 two_gentlemen_of_verona:1.3
50 two_gentlemen_of_verona:1.4
50 two_gentlemen_of_verona:1.5
50 two_gentlemen_of_verona:1.6
50 two_gentlemen_of_verona:2.0
50 two_gentlemen_of_verona:2.1
50 two_gentlemen_of_verona:3.1
51 two_gentlemen_of_verona:3.0
51 two_gentlemen_of_verona:3.2
51 two_gentlemen_of_verona:3.3
51 two_gentlemen_of_verona:4.0
51 two_gentlemen_of_verona:4.1
51 two_gentlemen_of_verona:4.2
51 two_gentlemen_of_verona:4.3
52 merchant_of_venice:0.1
52 merchant_of_venice:0.2
52 merchant_of_venice:1.0
52 merchant_of_venice:1.1
52 merchant_of_venice:1.2
52 merchant_of_venice:1.3
52 merchant_of_venice:1.4
52 merchant_of_venice:1.5
52 merchant_of_venice:1.6
52 merchant_of_venice:1.7
52 merchant_of_venice:1.8
52 merchant_of_venice:2.0
52 merchant_of_venice:2.1
52 merchant_of_venice:2.2
52 merchant_of_venice:2.3
52 merchant_of_venice:2.4
52 merchant_of_venice:3.1
52 merchant_of_venice:4.0
53 henry_viii:4.1
53 henry_viii:4.2
53 henry_viii:4.3
53 henry_viii:4.4
53 midsummer_nights_dream:0.0
53 midsummer_nights_dream:1.0
53 midsummer_nights_dream:1.1
54 midsummer_nights_dream:0.1
54 midsummer_nights_dream:2.0
54 midsummer_nights_dream:2.1
54 midsummer_nights_dream:3.0
54 midsummer_nights_dream:3.1
54 midsummer_nights_dream:4.0
54 as_you_like_it:0.0
54 as_you_like_it:0.1
54 as_you_like_it:0.2
54 as_you_like_it:1.1
54 as_you_like_it:2.0
54 as_you_like_it:3.0
55 as_you_like_it:1.0
55 as_you_like_it:1.2
55 as_you_like_it:1.3
55 as_you_like_it:1.4
55 as_you_like_it:1.5
55 as_you_like_it:1.6
55 as_you_like_it:2.1
55 as_you_like_it:2.2
55 as_you_like_it:2.3
55 as_you_like_it:2.4
55 as_you_like_it:3.1
55 as_you_like_it:3.2
55 as_you_like_it:4.0
55 as_you_like_it:4.1
55 as_you_like_it:4.2
55 as_you_like_it:4.3
56 troilus_and_cressida:0.0
56 troilus_and_cressida:0.1
56 troilus_and_cressida:0.2
56 troilus_and_cressida:1.0
56 troilus_and_cressida:1.1
56 troilus_and_cressida:1.2
56 troilus_and_cressida:2.0
56 troilus_and_cressida:2.1
56 troilus_and_cressida:2.2
56 troilus_and_cressida:3.0
56 troilus_and_cressida:3.1
56 troilus_and_cressida:3.2
56 troilus_and_cressida:3.3
56 troilus_and_cressida:3.4
56 troilus_and_cressida:4.0
56 troilus_and_cressida:4.1
56 troilus_and_cressida:4.2
56 troilus_and_cressida:4.3
56 troilus_and_cressida:4.4
56 troilus_and_cressida:4.5
57 troilus_and_cressida:4.6
57 troilus_and_cressida:4.7
57 troilus_and_cressida:4.8
57 troilus_and_cressida:4.9
58 henry_v:0.0
58 henry_v:0.1
58 henry_v:1.0
58 henry_v:1.1
58 henry_v:1.2
58 henry_v:1.3
58 henry_v:2.0
58 henry_v:2.1
58 henry_v:3.5
58 henry_v:4.0
58 life_and_death_of_king_john:0.0
59 henry_v:2.2
59 henry_v:2.4
59 henry_v:2.5
59 henry_v:2.6
59 henry_v:3.0
59 henry_v:3.1
59 henry_v:3.2
59 henry_v:3.4
59 henry_v:3.6
59 henry_v:3.7
60 henry_v:2.3
60 henry_v:3.3
60 henry_v:4.1
60 life_and_death_of_king_john:1.0
60 life_and_death_of_king_john:2.0
60 life_and_death_of_king_john:2.1
60 life_and_death_of_king_john:2.2
60 life_and_death_of_king_john:2.3
60 life_and_death_of_king_john:3.0
60 life_and_death_of_king_john:3.1
60 life_and_death_of_king_john:3.2
61 life_and_death_of_king_john:4.0
61 life_and_death_of_king_john:4.1
61 life_and_death_of_king_john:4.2
61 life_and_death_of_king_john:4.3
61 life_and_death_of_king_john:4.4
61 life_and_death_of_king_john:4.5
61 life_and_death_of_king_john:4.6
61 timon_of_athens:0.1
62 timon_of_athens:3.0
62 timon_of_athens:3.2
62 timon_of_athens:4.0
62 timon_of_athens:4.1
62 timon_of_athens:4.2
62 timon_of_athens:4.3
