1 othello:0.0
1 othello:0.1
1 othello:0.2
1 othello:1.0
1 othello:1.1
1 othello:1.2
1 othello:2.0
1 othello:2.1
1 othello:2.2
1 othello:2.3
1 othello:3.0
1 othello:3.1
1 othello:3.2
1 othello:4.0
1 othello:4.1
2 henry_iv_part_ii:0.0
2 henry_iv_part_ii:0.1
2 henry_iv_part_ii:0.2
2 henry_iv_part_ii:1.0
2 henry_iv_part_ii:1.1
2 henry_iv_part_ii:1.2
2 henry_iv_part_ii:1.3
2 henry_iv_part_ii:3.0
2 henry_iv_part_i:0.0
2 henry_iv_part_i:4.3
3 henry_iv_part_ii:2.0
3 richard_ii:3.0
3 richard_ii:4.0
3 richard_ii:4.1
3 richard_ii:4.2
3 richard_ii:4.5
3 henry_vi_part_2:0.0
3 henry_vi_part_2:2.1
4 henry_iv_part_ii:2.1
4 henry_iv_part_ii:4.0
4 henry_iv_part_ii:4.2
4 henry_iv_part_ii:4.4
4 merry_wives_of_windsor:0.0
4 merry_wives_of_windsor:0.1
4 merry_wives_of_windsor:0.2
4 merry_wives_of_windsor:0.3
4 merry_wives_of_windsor:1.0
4 merry_wives_of_windsor:1.1
5 henry_iv_part_ii:3.1
5 henry_iv_part_ii:3.2
5 henry_iv_part_ii:3.3
5 henry_iv_part_ii:3.4
5 henry_iv_part_ii:4.1
5 richard_ii:0.0
6 henry_iv_part_ii:4.3
6 henry_v:1.0
6 henry_v:1.2
6 henry_v:2.1
6 henry_v:2.5
6 henry_v:3.6
6 henry_v:4.0
7 richard_ii:0.1
7 richard_ii:0.2
7 richard_ii:0.3
7 richard_ii:1.0
7 richard_ii:1.1
7 richard_ii:1.2
7 richard_ii:2.0
7 richard_ii:2.1
7 richard_ii:2.2
8 richard_ii:1.3
9 richard_ii:2.3
9 henry_iv_part_i:0.2
9 henry_iv_part_i:1.2
9 henry_iv_part_i:2.0
9 henry_iv_part_i:2.1
9 henry_iv_part_i:3.0
9 henry_iv_part_i:3.2
9 henry_iv_part_i:3.3
9 henry_iv_part_i:4.0
9 henry_iv_part_i:4.1
9 henry_iv_part_i:4.2
9 henry_iv_part_i:4.4
10 richard_ii:4.3
10 richard_ii:4.4
10 henry_vi_part_3:2.0
10 henry_vi_part_3:2.1
10 henry_vi_part_3:2.2
10 henry_vi_part_3:3.0
10 henry_vi_part_3:3.1
10 henry_vi_part_3:3.2
10 henry_vi_part_3:3.5
10 henry_vi_part_3:3.6
10 henry_vi_part_3:4.1
11 henry_vi_part_2:0.1
11 henry_vi_part_2:0.2
11 henry_vi_part_2:0.3
11 henry_vi_part_2:1.0
11 henry_vi_part_2:1.1
11 henry_vi_part_2:1.2
11 henry_vi_part_2:1.3
11 henry_vi_part_2:2.0
12 henry_vi_part_2:2.2
12 henry_vi_part_1:4.0
12 henry_vi_part_1:4.3
12 henry_vi_part_1:4.4
12 henry_vi_part_3:1.4
12 henry_vi_part_3:3.7
13 henry_vi_part_2:3.0
13 henry_vi_part_1:1.3
13 henry_vi_part_1:1.4
13 henry_vi_part_1:2.3
13 henry_vi_part_1:3.0
13 henry_vi_part_1:4.2
14 henry_vi_part_2:3.1
14 henry_vi_part_2:3.2
14 henry_vi_part_2:3.3
14 henry_vi_part_2:3.6
15 henry_vi_part_2:3.4
15 henry_vi_part_2:3.5
15 henry_vi_part_2:3.7
15 henry_vi_part_2:3.8
15 henry_vi_part_2:3.9
15 henry_vi_part_2:4.0
16 henry_vi_part_2:4.1
16 henry_vi_part_2:4.2
16 henry_vi_part_3:0.0
16 henry_vi_part_3:0.1
16 henry_vi_part_3:0.2
16 henry_vi_part_3:0.3
16 henry_vi_part_3:1.0
16 henry_vi_part_3:1.1
16 henry_vi_part_3:1.3
16 henry_vi_part_3:1.5
17 merry_wives_of_windsor:1.2
17 merry_wives_of_windsor:2.0
17 merry_wives_of_windsor:2.1
17 merry_wives_of_windsor:2.2
17 merry_wives_of_windsor:2.3
17 merry_wives_of_windsor:2.4
17 merry_wives_of_windsor:3.0
17 merry_wives_of_windsor:3.1
17 merry_wives_of_windsor:3.3
18 merry_wives_of_windsor:3.2
18 merry_wives_of_windsor:3.4
18 merry_wives_of_windsor:3.5
18 merry_wives_of_windsor:4.0
18 merry_wives_of_windsor:4.2
18 merry_wives_of_windsor:4.4
19 merry_wives_of_windsor:4.1
20 merry_wives_of_windsor:4.3
21 richard_iii:0.0
21 richard_iii:0.1
21 richard_iii:0.2
21 richard_iii:0.3
21 richard_iii:1.0
21 richard_iii:1.1
21 richard_iii:1.3
21 richard_iii:2.0
21 richard_iii:2.1
21 richard_iii:3.0
21 richard_iii:3.3
22 richard_iii:1.2
22 coriolanus:0.0
22 coriolanus:0.1
22 coriolanus:0.2
22 coriolanus:0.3
22 coriolanus:0.4
22 coriolanus:0.5
22 coriolanus:0.6
22 coriolanus:0.7
22 coriolanus:0.8
22 coriolanus:0.9
22 coriolanus:1.0
23 richard_iii:2.2
23 richard_iii:2.3
23 richard_iii:2.4
23 richard_iii:2.6
23 richard_iii:3.1
23 richard_iii:3.2
23 richard_iii:4.0
23 henry_vi_part_3:3.4
24 richard_iii:2.5
25 richard_iii:3.4
25 richard_iii:4.1
25 richard_iii:4.2
25 richard_iii:4.3
25 richard_iii:4.4
25 henry_vi_part_3:1.2
25 henry_vi_part_3:3.3
25 henry_vi_part_3:4.0
26 hamlet:0.0
26 hamlet:0.1
26 hamlet:0.2
26 hamlet:0.3
26 hamlet:0.4
26 hamlet:1.0
26 hamlet:1.1
26 hamlet:2.0
26 hamlet:2.1
26 hamlet:4.1
27 hamlet:2.2
27 hamlet:2.3
27 hamlet:3.0
27 hamlet:3.1
27 hamlet:3.2
27 hamlet:3.3
27 hamlet:3.4
27 hamlet:3.5
27 hamlet:3.6
27 hamlet:4.0
28 henry_iv_part_i:0.1
28 henry_iv_part_i:1.0
28 henry_iv_part_i:1.1
28 henry_iv_part_i:1.3
28 henry_iv_part_i:2.2
28 henry_iv_part_i:3.1
29 henry_vi_part_1:0.0
29 henry_vi_part_1:0.1
29 henry_vi_part_1:0.2
29 henry_vi_part_1:0.3
29 henry_vi_part_1:0.4
29 henry_vi_part_1:0.5
29 henry_vi_part_1:1.0
29 henry_vi_part_1:1.1
29 henry_vi_part_1:2.0
29 henry_vi_part_1:2.1
29 henry_vi_part_1:2.2
29 henry_vi_part_1:4.1
30 henry_vi_part_1:1.2
30 henry_vi_part_1:3.1
30 henry_vi_part_1:3.2
30 henry_vi_part_1:3.3
30 henry_vi_part_1:3.4
30 henry_vi_part_1:3.5
30 henry_vi_part_1:3.6
31 taming_of_the_shrew:0.0
31 taming_of_the_shrew:0.1
31 taming_of_the_shrew:1.0
31 taming_of_the_shrew:2.0
31 taming_of_the_shrew:2.1
31 taming_of_the_shrew:3.0
31 taming_of_the_shrew:3.1
31 taming_of_the_shrew:3.2
31 taming_of_the_shrew:3.3
31 taming_of_the_shrew:3.4
31 taming_of_the_shrew:4.0
31 taming_of_the_shrew:4.1
32 alls_well_that_ends_well:0.0
32 alls_well_that_ends_well:0.1
32 alls_well_that_ends_well:0.2
32 alls_well_that_ends_well:1.0
32 alls_well_that_ends_well:1.1
32 alls_well_that_ends_well:1.2
32 alls_well_that_ends_well:1.3
32 alls_well_that_ends_well:1.4
32 alls_well_that_ends_well:2.1
32 alls_well_that_ends_well:2.4
32 alls_well_that_ends_well:3.4
32 alls_well_that_ends_well:4.1
33 alls_well_that_ends_well:2.0
33 alls_well_that_ends_well:2.2
33 alls_well_that_ends_well:2.5
33 alls_well_that_ends_well:3.0
33 alls_well_that_ends_well:3.1
33 alls_well_that_ends_well:3.2
34 alls_well_that_ends_well:2.3
35 alls_well_that_ends_well:2.6
35 alls_well_that_ends_well:3.3
35 alls_well_that_ends_well:4.0
35 alls_well_that_ends_well:4.2
36 loves_labors_lost:0.0
36 loves_labors_lost:0.1
36 loves_labors_lost:1.0
36 loves_labors_lost:2.0
36 loves_labors_lost:3.0
36 loves_labors_lost:3.1
36 loves_labors_lost:3.2
36 loves_labors_lost:4.0
36 loves_labors_lost:4.1
37 henry_vi_part_3:4.2
37 henry_vi_part_3:4.3
37 henry_vi_part_3:4.4
37 henry_vi_part_3:4.5
37 henry_vi_part_3:4.6
38 romeo_and_juliet:0.0
38 romeo_and_juliet:0.1
38 romeo_and_juliet:0.2
38 romeo_and_juliet:0.3
38 romeo_and_juliet:0.4
38 romeo_and_juliet:1.0
38 romeo_and_juliet:1.1
38 romeo_and_juliet:1.3
38 romeo_and_juliet:2.0
39 romeo_and_juliet:1.2
39 romeo_and_juliet:1.4
39 romeo_and_juliet:1.5
39 romeo_and_juliet:2.1
39 romeo_and_juliet:2.2
39 romeo_and_juliet:2.3
39 romeo_and_juliet:2.4
39 romeo_and_juliet:3.0
39 romeo_and_juliet:3.1
39 romeo_and_juliet:3.2
40 romeo_and_juliet:3.3
40 romeo_and_juliet:3.4
41 romeo_and_juliet:4.0
41 romeo_and_juliet:4.1
41 romeo_and_juliet:4.2
42 titus_andronicus:0.0
42 titus_andronicus:1.0
42 titus_andronicus:1.1
42 titus_andronicus:1.2
42 titus_andronicus:1.3
42 titus_andronicus:2.0
42 titus_andronicus:2.1
42 titus_andronicus:3.0
42 titus_andronicus:3.1
42 titus_andronicus:3.2
42 titus_andronicus:3.3
42 titus_andronicus:4.0
42 titus_andronicus:4.1
42 titus_andronicus:4.2
43 macbeth:0.0
43 macbeth:2.4
43 macbeth:3.0
43 macbeth:4.0
43 macbeth:4.2
43 macbeth:4.4
44 macbeth:0.1
44 macbeth:0.2
44 macbeth:0.3
44 macbeth:0.4
44 macbeth:0.5
44 macbeth:0.6
44 macbeth:1.0
44 macbeth:1.1
44 macbeth:1.2
44 macbeth:1.3
44 macbeth:2.0
45 macbeth:2.1
45 macbeth:2.2
45 macbeth:2.3
45 macbeth:2.5
45 macbeth:3.1
45 macbeth:3.2
46 macbeth:4.1
46 macbeth:4.3
46 macbeth:4.5
46 macbeth:4.6
46 macbeth:4.7
47 coriolanus:1.1
47 coriolanus:1.2
47 coriolanus:2.0
47 coriolanus:2.1
47 coriolanus:2.2
47 coriolanus:3.0
47 coriolanus:3.1
47 coriolanus:3.2
47 coriolanus:3.3
47 coriolanus:3.4
47 coriolanus:3.5
47 coriolanus:4.0
48 coriolanus:3.6
48 coriolanus:4.1
48 coriolanus:4.2
48 coriolanus:4.3
48 coriolanus:4.4
48 coriolanus:4.5
49 julius_caesar:0.0
49 julius_caesar:0.1
49 julius_caesar:0.2
49 julius_caesar:1.0
49 julius_caesar:1.1
49 julius_caesar:1.2
49 julius_caesar:1.3
49 julius_caesar:2.0
49 julius_caesar:2.1
49 julius_caesar:2.2
49 julius_caesar:3.1
50 julius_caesar:3.0
50 julius_caesar:3.2
50 julius_caesar:4.0
50 julius_caesar:4.1
50 julius_caesar:4.2
50 julius_caesar:4.3
50 julius_caesar:4.4
50 antony_and_cleopatra:2.10
51 comedy_of_errors:0.0
51 comedy_of_errors:0.1
51 comedy_of_errors:1.0
51 comedy_of_errors:1.1
51 comedy_of_errors:2.0
51 comedy_of_errors:2.1
51 comedy_of_errors:3.0
51 comedy_of_errors:3.1
51 comedy_of_errors:3.2
51 comedy_of_errors:3.3
51 comedy_of_errors:4.0
52 much_ado_about_nothing:0.0
52 much_ado_about_nothing:0.1
52 much_ado_about_nothing:0.2
52 much_ado_about_nothing:1.0
52 much_ado_about_nothing:1.1
52 much_ado_about_nothing:1.2
52 much_ado_about_nothing:2.0
52 much_ado_about_nothing:2.1
52 much_ado_about_nothing:2.2
52 much_ado_about_nothing:2.3
52 much_ado_about_nothing:2.4
52 much_ado_about_nothing:3.0
52 much_ado_about_nothing:3.1
52 much_ado_about_nothing:4.0
52 much_ado_about_nothing:4.1
53 much_ado_about_nothing:4.2
53 much_ado_about_nothing:4.3
54 twelfth_night:0.0
54 twelfth_night:0.1
54 twelfth_night:0.3
54 twelfth_night:1.0
54 twelfth_night:1.3
54 twelfth_night:2.2
54 twelfth_night:4.0
55 twelfth_night:0.2
55 twelfth_night:0.4
55 twelfth_night:1.1
55 twelfth_night:1.2
55 twelfth_night:1.4
55 twelfth_night:2.0
55 twelfth_night:2.1
55 twelfth_night:2.3
55 twelfth_night:3.0
55 twelfth_night:3.1
56 twelfth_night:3.2
57 lear:0.0
57 lear:0.1
57 lear:0.2
57 lear:0.3
57 lear:0.4
57 lear:1.0
57 lear:1.1
57 lear:1.3
57 lear:2.2
57 lear:2.4
57 lear:3.1
57 lear:3.4
57 lear:4.0
58 lear:1.2
59 lear:2.0
59 lear:2.1
59 lear:2.3
59 lear:2.5
59 lear:2.6
59 lear:3.0
59 lear:3.2
59 lear:3.5
60 lear:3.3
60 lear:3.6
60 lear:4.1
60 lear:4.2
61 cymbeline:0.0
61 cymbeline:0.2
61 cymbeline:0.3
61 cymbeline:0.4
61 cymbeline:0.5
61 cymbeline:1.1
61 cymbeline:1.3
61 cymbeline:1.4
61 cymbeline:2.1
61 cymbeline:4.0
61 cymbeline:4.3
62 cymbeline:0.1
62 cymbeline:1.0
62 cymbeline:1.2
62 cymbeline:2.0
62 cymbeline:2.3
62 cymbeline:2.4
62 cymbeline:3.0
63 cymbeline:2.2
63 cymbeline:2.5
63 cymbeline:3.1
63 cymbeline:3.2
63 cymbeline:3.3
63 cymbeline:4.1
63 cymbeline:4.2
63 cymbeline:4.4
64 cymbeline:2.6
65 measure_for_measure:0.0
65 measure_for_measure:0.2
65 measure_for_measure:1.0
65 measure_for_measure:1.2
65 measure_for_measure:2.1
65 measure_for_measure:3.1
65 measure_for_measure:3.3
65 measure_for_measure:3.4
66 measure_for_measure:0.1
66 measure_for_measure:0.3
66 measure_for_measure:1.1
66 measure_for_measure:1.3
66 measure_for_measure:2.0
66 measure_for_measure:3.0
66 measure_for_measure:3.2
66 measure_for_measure:3.5
66 measure_for_measure:4.0
67 pericles:0.0
67 pericles:0.1
67 pericles:0.2
67 pericles:0.3
67 pericles:1.0
67 pericles:1.3
67 pericles:2.0
67 pericles:2.2
68 pericles:1.1
68 pericles:1.2
68 pericles:1.4
69 pericles:2.1
69 pericles:2.3
69 pericles:4.2
70 pericles:3.0
70 pericles:3.1
70 pericles:3.2
70 pericles:3.3
70 pericles:3.5
70 pericles:4.0
71 pericles:3.4
72 pericles:4.1
73 winters_tale:0.0
73 winters_tale:0.1
73 winters_tale:1.0
73 winters_tale:1.1
73 winters_tale:1.2
73 winters_tale:2.1
73 winters_tale:2.2
73 winters_tale:3.1
74 winters_tale:2.0
75 winters_tale:3.0
76 winters_tale:3.2
76 winters_tale:3.3
76 winters_tale:4.0
76 winters_tale:4.1
76 winters_tale:4.2
76 tempest:0.1
76 tempest:2.0
77 antony_and_cleopatra:0.0
77 antony_and_cleopatra:0.1
77 antony_and_cleopatra:0.2
77 antony_and_cleopatra:0.3
77 antony_and_cleopatra:0.4
77 antony_and_cleopatra:1.0
77 antony_and_cleopatra:1.1
77 antony_and_cleopatra:1.2
77 antony_and_cleopatra:1.3
77 antony_and_cleopatra:1.4
77 antony_and_cleopatra:1.5
77 antony_and_cleopatra:1.6
77 antony_and_cleopatra:2.1
77 antony_and_cleopatra:2.2
77 antony_and_cleopatra:2.4
77 antony_and_cleopatra:3.1
78 antony_and_cleopatra:2.0
79 antony_and_cleopatra:2.3
79 antony_and_cleopatra:2.5
79 antony_and_cleopatra:2.6
79 antony_and_cleopatra:2.7
79 antony_and_cleopatra:2.8
79 antony_and_cleopatra:2.9
79 antony_and_cleopatra:2.11
79 antony_and_cleopatra:2.12
79 antony_and_cleopatra:3.0
79 antony_and_cleopatra:3.5
80 antony_and_cleopatra:3.2
80 antony_and_cleopatra:3.8
81 antony_and_cleopatra:3.3
81 antony_and_cleopatra:3.4
81 antony_and_cleopatra:3.6
81 antony_and_cleopatra:3.7
81 antony_and_cleopatra:3.9
81 antony_and_cleopatra:3.11
81 antony_and_cleopatra:3.12
81 antony_and_cleopatra:3.13
82 antony_and_cleopatra:3.10
82 antony_and_cleopatra:4.0
82 antony_and_cleopatra:4.1
83 antony_and_cleopatra:3.14
84 tempest:0.0
84 tempest:1.0
84 tempest:1.1
84 tempest:2.1
84 tempest:2.2
84 tempest:3.0
84 tempest:4.0
85 two_gentlemen_of_verona:0.0
85 two_gentlemen_of_verona:0.1
85 two_gentlemen_of_verona:0.2
85 two_gentlemen_of_verona:1.0
85 two_gentlemen_of_verona:1.1
85 two_gentlemen_of_verona:1.2
85 two_gentlemen_of_verona:1.3
85 two_gentlemen_of_verona:1.5
85 two_gentlemen_of_verona:1.6
86 two_gentlemen_of_verona:1.4
86 two_gentlemen_of_verona:2.0
86 two_gentlemen_of_verona:2.1
86 two_gentlemen_of_verona:3.0
86 two_gentlemen_of_verona:3.1
86 two_gentlemen_of_verona:3.2
86 two_gentlemen_of_verona:3.3
86 two_gentlemen_of_verona:4.0
86 two_gentlemen_of_verona:4.1
86 two_gentlemen_of_verona:4.2
86 two_gentlemen_of_verona:4.3
87 merchant_of_venice:0.0
87 merchant_of_venice:0.1
87 merchant_of_venice:0.2
87 merchant_of_venice:1.0
87 merchant_of_venice:1.1
87 merchant_of_venice:1.2
87 merchant_of_venice:1.3
87 merchant_of_venice:1.4
87 merchant_of_venice:1.5
87 merchant_of_venice:1.6
87 merchant_of_venice:1.7
87 merchant_of_venice:1.8
87 merchant_of_venice:2.0
87 merchant_of_venice:2.1
87 merchant_of_venice:2.2
88 merchant_of_venice:2.3
88 merchant_of_venice:2.4
88 merchant_of_venice:3.0
88 merchant_of_venice:3.1
88 merchant_of_venice:4.0
89 henry_viii:0.0
89 henry_viii:0.1
89 henry_viii:1.0
89 henry_viii:1.3
89 henry_viii:2.0
89 henry_viii:3.1
90 henry_viii:0.2
90 henry_viii:0.3
90 henry_viii:1.1
90 henry_viii:1.2
90 henry_viii:2.1
90 henry_viii:3.0
90 henry_viii:4.0
90 henry_viii:4.1
90 henry_viii:4.2
90 henry_viii:4.4
91 henry_viii:4.3
92 midsummer_nights_dream:0.0
92 midsummer_nights_dream:1.0
92 midsummer_nights_dream:1.1
92 midsummer_nights_dream:2.1
92 midsummer_nights_dream:3.0
92 life_and_death_of_king_john:3.1
92 life_and_death_of_king_john:3.2
93 midsummer_nights_dream:0.1
93 midsummer_nights_dream:2.0
93 midsummer_nights_dream:3.1
93 midsummer_nights_dream:4.0
94 as_you_like_it:0.0
94 as_you_like_it:0.1
94 as_you_like_it:0.2
94 as_you_like_it:1.0
94 as_you_like_it:1.1
94 as_you_like_it:1.2
94 as_you_like_it:1.3
94 as_you_like_it:1.5
94 as_you_like_it:2.0
94 as_you_like_it:2.1
94 as_you_like_it:2.3
95 as_you_like_it:1.4
95 as_you_like_it:1.6
95 as_you_like_it:2.2
95 as_you_like_it:3.0
95 as_you_like_it:3.1
95 as_you_like_it:4.0
95 as_you_like_it:4.2
95 as_you_like_it:4.3
96 as_you_like_it:2.4
96 as_you_like_it:3.2
96 as_you_like_it:4.1
96 life_and_death_of_king_john:1.0
96 life_and_death_of_king_john:2.0
96 life_and_death_of_king_john:2.1
96 life_and_death_of_king_john:2.2
96 life_and_death_of_king_john:2.3
96 life_and_death_of_king_john:3.0
97 troilus_and_cressida:0.0
97 troilus_and_cressida:0.1
97 troilus_and_cressida:0.2
97 troilus_and_cressida:1.0
97 troilus_and_cressida:1.1
97 troilus_and_cressida:1.2
97 troilus_and_cressida:2.0
97 troilus_and_cressida:2.1
97 troilus_and_cressida:2.2
97 troilus_and_cressida:3.0
97 troilus_and_cressida:3.1
97 troilus_and_cressida:3.2
97 troilus_and_cressida:3.3
97 troilus_and_cressida:3.4
97 troilus_and_cressida:4.0
98 troilus_and_cressida:4.1
98 troilus_and_cressida:4.2
98 troilus_and_cressida:4.3
98 troilus_and_cressida:4.4
98 troilus_and_cressida:4.5
98 troilus_and_cressida:4.6
98 troilus_and_cressida:4.7
98 troilus_and_cressida:4.8
98 troilus_and_cressida:4.9
99 henry_v:0.0
99 henry_v:0.1
99 henry_v:1.1
99 henry_v:1.3
99 henry_v:2.2
99 henry_v:3.0
99 life_and_death_of_king_john:0.0
100 henry_v:2.0
101 henry_v:2.3
101 henry_v:3.3
101 henry_v:4.1
102 henry_v:2.4
102 henry_v:2.6
102 henry_v:3.1
102 henry_v:3.2
102 henry_v:3.4
102 henry_v:3.7
103 henry_v:3.5
104 life_and_death_of_king_john:4.0
104 life_and_death_of_king_john:4.1
104 life_and_death_of_king_john:4.3
104 life_and_death_of_king_john:4.6
105 life_and_death_of_king_john:4.2
105 life_and_death_of_king_john:4.4
105 life_and_death_of_king_john:4.5
106 timon_of_athens:0.0
106 timon_of_athens:0.1
106 timon_of_athens:2.4
106 timon_of_athens:2.5
106 timon_of_athens:3.0
106 timon_of_athens:3.1
106 timon_of_athens:3.2
106 timon_of_athens:4.0
107 timon_of_athens:1.0
107 timon_of_athens:1.1
107 timon_of_athens:2.0
107 timon_of_athens:2.1
107 timon_of_athens:2.2
107 timon_of_athens:2.3
107 timon_of_athens:4.1
108 timon_of_athens:4.2
108 timon_of_athens:4.3
