1 othello:0.0
2 othello:0.1
3 othello:0.2
4 othello:1.0
4 othello:1.2
4 othello:2.2
5 othello:1.1
6 othello:2.0
6 othello:2.3
6 othello:3.0
6 othello:3.1
6 othello:4.0
6 othello:4.1
7 othello:2.1
8 othello:3.2
9 henry_iv_part_ii:0.0
10 henry_iv_part_ii:0.1
11 henry_iv_part_ii:0.2
12 henry_iv_part_ii:1.0
13 henry_iv_part_ii:1.1
14 henry_iv_part_ii:1.2
15 henry_iv_part_ii:1.3
16 henry_iv_part_ii:2.0
17 henry_iv_part_ii:2.1
18 henry_iv_part_ii:3.0
19 henry_iv_part_ii:3.1
20 henry_iv_part_ii:3.2
21 henry_iv_part_ii:3.3
22 henry_iv_part_ii:3.4
23 henry_iv_part_ii:4.0
24 henry_iv_part_ii:4.1
25 henry_iv_part_ii:4.2
26 henry_iv_part_ii:4.3
27 henry_iv_part_ii:4.4
28 richard_ii:0.0
28 richard_ii:0.2
29 richard_ii:0.1
30 richard_ii:0.3
31 richard_ii:1.0
32 richard_ii:1.1
33 richard_ii:1.2
34 richard_ii:1.3
35 richard_ii:2.0
36 richard_ii:2.1
36 richard_ii:2.2
36 richard_ii:3.0
37 richard_ii:2.3
38 richard_ii:4.0
39 richard_ii:4.1
40 richard_ii:4.2
41 richard_ii:4.3
42 richard_ii:4.4
43 richard_ii:4.5
44 henry_vi_part_2:0.0
45 henry_vi_part_2:0.1
46 henry_vi_part_2:0.2
46 henry_vi_part_2:1.2
47 henry_vi_part_2:0.3
48 henry_vi_part_2:1.0
49 henry_vi_part_2:1.1
50 henry_vi_part_2:1.3
51 henry_vi_part_2:2.0
52 henry_vi_part_2:2.1
53 henry_vi_part_2:2.2
54 henry_vi_part_2:3.0
55 henry_vi_part_2:3.1
56 henry_vi_part_2:3.2
57 henry_vi_part_2:3.3
58 henry_vi_part_2:3.4
59 henry_vi_part_2:3.5
60 henry_vi_part_2:3.6
61 henry_vi_part_2:3.7
62 henry_vi_part_2:3.8
63 henry_vi_part_2:3.9
64 henry_vi_part_2:4.0
65 henry_vi_part_2:4.1
66 henry_vi_part_2:4.2
67 merry_wives_of_windsor:0.0
68 merry_wives_of_windsor:0.1
69 merry_wives_of_windsor:0.2
70 merry_wives_of_windsor:0.3
70 merry_wives_of_windsor:1.2
70 merry_wives_of_windsor:2.0
71 merry_wives_of_windsor:1.0
72 merry_wives_of_windsor:1.1
73 merry_wives_of_windsor:2.1
73 merry_wives_of_windsor:2.2
73 merry_wives_of_windsor:3.1
74 merry_wives_of_windsor:2.3
75 merry_wives_of_windsor:2.4
76 merry_wives_of_windsor:3.0
77 merry_wives_of_windsor:3.2
78 merry_wives_of_windsor:3.3
78 merry_wives_of_windsor:4.2
78 merry_wives_of_windsor:4.4
79 merry_wives_of_windsor:3.4
80 merry_wives_of_windsor:3.5
81 merry_wives_of_windsor:4.0
82 merry_wives_of_windsor:4.1
83 merry_wives_of_windsor:4.3
84 richard_iii:0.0
85 richard_iii:0.1
86 richard_iii:0.2
87 richard_iii:0.3
88 richard_iii:1.0
89 richard_iii:1.1
90 richard_iii:1.2
91 richard_iii:1.3
92 richard_iii:2.0
93 richard_iii:2.1
94 richard_iii:2.2
95 richard_iii:2.3
96 richard_iii:2.4
97 richard_iii:2.5
98 richard_iii:2.6
99 richard_iii:3.0
100 richard_iii:3.1
100 richard_iii:3.2
101 richard_iii:3.3
102 richard_iii:3.4
103 richard_iii:4.0
104 richard_iii:4.1
105 richard_iii:4.2
106 richard_iii:4.3
107 richard_iii:4.4
108 hamlet:0.0
109 hamlet:0.1
110 hamlet:0.2
111 hamlet:0.3
112 hamlet:0.4
113 hamlet:1.0
114 hamlet:1.1
115 hamlet:2.0
116 hamlet:2.1
117 hamlet:2.2
118 hamlet:2.3
119 hamlet:3.0
119 hamlet:3.2
120 hamlet:3.1
121 hamlet:3.3
122 hamlet:3.4
123 hamlet:3.5
124 hamlet:3.6
125 hamlet:4.0
126 hamlet:4.1
127 henry_iv_part_i:0.0
128 henry_iv_part_i:0.1
129 henry_iv_part_i:0.2
130 henry_iv_part_i:1.0
131 henry_iv_part_i:1.1
132 henry_iv_part_i:1.2
133 henry_iv_part_i:1.3
134 henry_iv_part_i:2.0
135 henry_iv_part_i:2.1
136 henry_iv_part_i:2.2
137 henry_iv_part_i:3.0
137 henry_iv_part_i:4.1
138 henry_iv_part_i:3.1
139 henry_iv_part_i:3.2
140 henry_iv_part_i:3.3
141 henry_iv_part_i:4.0
142 henry_iv_part_i:4.2
142 henry_iv_part_i:4.3
143 henry_iv_part_i:4.4
144 henry_vi_part_1:0.0
145 henry_vi_part_1:0.1
146 henry_vi_part_1:0.2
147 henry_vi_part_1:0.3
148 henry_vi_part_1:0.4
149 henry_vi_part_1:0.5
150 henry_vi_part_1:1.0
150 henry_vi_part_1:2.1
150 henry_vi_part_1:2.2
150 henry_vi_part_1:4.1
151 henry_vi_part_1:1.1
152 henry_vi_part_1:1.2
153 henry_vi_part_1:1.3
154 henry_vi_part_1:1.4
155 henry_vi_part_1:2.0
156 henry_vi_part_1:2.3
156 henry_vi_part_1:3.0
157 henry_vi_part_1:3.1
158 henry_vi_part_1:3.2
158 henry_vi_part_1:3.3
159 henry_vi_part_1:3.4
160 henry_vi_part_1:3.5
161 henry_vi_part_1:3.6
162 henry_vi_part_1:4.0
163 henry_vi_part_1:4.2
164 henry_vi_part_1:4.3
165 henry_vi_part_1:4.4
166 taming_of_the_shrew:0.0
166 taming_of_the_shrew:0.1
166 taming_of_the_shrew:1.0
166 taming_of_the_shrew:2.1
166 taming_of_the_shrew:3.1
167 taming_of_the_shrew:2.0
168 taming_of_the_shrew:3.0
169 taming_of_the_shrew:3.2
170 taming_of_the_shrew:3.3
170 taming_of_the_shrew:4.0
170 taming_of_the_shrew:4.1
171 taming_of_the_shrew:3.4
172 alls_well_that_ends_well:0.0
173 alls_well_that_ends_well:0.1
174 alls_well_that_ends_well:0.2
175 alls_well_that_ends_well:1.0
176 alls_well_that_ends_well:1.1
177 alls_well_that_ends_well:1.2
178 alls_well_that_ends_well:1.3
179 alls_well_that_ends_well:1.4
180 alls_well_that_ends_well:2.0
181 alls_well_that_ends_well:2.1
182 alls_well_that_ends_well:2.2
183 alls_well_that_ends_well:2.3
184 alls_well_that_ends_well:2.4
185 alls_well_that_ends_well:2.5
186 alls_well_that_ends_well:2.6
187 alls_well_that_ends_well:3.0
188 alls_well_that_ends_well:3.1
189 alls_well_that_ends_well:3.2
190 alls_well_that_ends_well:3.3
191 alls_well_that_ends_well:3.4
192 alls_well_that_ends_well:4.0
193 alls_well_that_ends_well:4.1
194 alls_well_that_ends_well:4.2
195 loves_labors_lost:0.0
196 loves_labors_lost:0.1
196 loves_labors_lost:2.0
197 loves_labors_lost:1.0
197 loves_labors_lost:4.1
198 loves_labors_lost:3.0
199 loves_labors_lost:3.1
200 loves_labors_lost:3.2
201 loves_labors_lost:4.0
202 henry_vi_part_3:0.0
202 henry_vi_part_3:1.1
203 henry_vi_part_3:0.1
204 henry_vi_part_3:0.2
204 henry_vi_part_3:1.3
205 henry_vi_part_3:0.3
206 henry_vi_part_3:1.0
207 henry_vi_part_3:1.2
208 henry_vi_part_3:1.4
209 henry_vi_part_3:1.5
210 henry_vi_part_3:2.0
211 henry_vi_part_3:2.1
212 henry_vi_part_3:2.2
212 henry_vi_part_3:3.0
213 henry_vi_part_3:3.1
214 henry_vi_part_3:3.2
215 henry_vi_part_3:3.3
216 henry_vi_part_3:3.4
217 henry_vi_part_3:3.5
218 henry_vi_part_3:3.6
219 henry_vi_part_3:3.7
220 henry_vi_part_3:4.0
221 henry_vi_part_3:4.1
222 henry_vi_part_3:4.2
223 henry_vi_part_3:4.3
224 henry_vi_part_3:4.4
225 henry_vi_part_3:4.5
226 henry_vi_part_3:4.6
227 romeo_and_juliet:0.0
228 romeo_and_juliet:0.1
229 romeo_and_juliet:0.2
230 romeo_and_juliet:0.3
231 romeo_and_juliet:0.4
232 romeo_and_juliet:1.0
233 romeo_and_juliet:1.1
234 romeo_and_juliet:1.2
235 romeo_and_juliet:1.3
236 romeo_and_juliet:1.4
237 romeo_and_juliet:1.5
237 romeo_and_juliet:4.1
238 romeo_and_juliet:2.0
239 romeo_and_juliet:2.1
240 romeo_and_juliet:2.2
241 romeo_and_juliet:2.3
242 romeo_and_juliet:2.4
243 romeo_and_juliet:3.0
244 romeo_and_juliet:3.1
245 romeo_and_juliet:3.2
246 romeo_and_juliet:3.3
247 romeo_and_juliet:3.4
248 romeo_and_juliet:4.0
249 romeo_and_juliet:4.2
250 titus_andronicus:0.0
250 titus_andronicus:1.1
251 titus_andronicus:1.0
252 titus_andronicus:1.2
253 titus_andronicus:1.3
254 titus_andronicus:2.0
254 titus_andronicus:2.1
254 titus_andronicus:4.2
255 titus_andronicus:3.0
256 titus_andronicus:3.1
257 titus_andronicus:3.2
258 titus_andronicus:3.3
259 titus_andronicus:4.0
260 titus_andronicus:4.1
261 macbeth:0.0
262 macbeth:0.1
263 macbeth:0.2
264 macbeth:0.3
265 macbeth:0.4
266 macbeth:0.5
267 macbeth:0.6
268 macbeth:1.0
269 macbeth:1.1
270 macbeth:1.2
271 macbeth:1.3
272 macbeth:2.0
273 macbeth:2.1
274 macbeth:2.2
275 macbeth:2.3
276 macbeth:2.4
277 macbeth:2.5
278 macbeth:3.0
279 macbeth:3.1
280 macbeth:3.2
281 macbeth:4.0
282 macbeth:4.1
282 macbeth:4.3
283 macbeth:4.2
284 macbeth:4.4
285 macbeth:4.5
285 macbeth:4.6
285 macbeth:4.7
286 coriolanus:0.0
287 coriolanus:0.1
288 coriolanus:0.2
289 coriolanus:0.3
290 coriolanus:0.4
290 coriolanus:0.6
291 coriolanus:0.5
292 coriolanus:0.7
293 coriolanus:0.8
294 coriolanus:0.9
295 coriolanus:1.0
296 coriolanus:1.1
296 coriolanus:2.0
296 coriolanus:2.2
296 coriolanus:3.5
297 coriolanus:1.2
298 coriolanus:2.1
299 coriolanus:3.0
300 coriolanus:3.1
301 coriolanus:3.2
302 coriolanus:3.3
303 coriolanus:3.4
304 coriolanus:3.6
305 coriolanus:4.0
306 coriolanus:4.1
307 coriolanus:4.2
308 coriolanus:4.3
309 coriolanus:4.4
310 coriolanus:4.5
311 julius_caesar:0.0
312 julius_caesar:0.1
313 julius_caesar:0.2
313 julius_caesar:1.0
313 julius_caesar:1.1
313 julius_caesar:1.2
313 julius_caesar:2.0
314 julius_caesar:1.3
315 julius_caesar:2.1
316 julius_caesar:2.2
317 julius_caesar:3.0
318 julius_caesar:3.1
318 julius_caesar:4.2
318 julius_caesar:4.3
319 julius_caesar:3.2
319 julius_caesar:4.0
320 julius_caesar:4.1
321 julius_caesar:4.4
322 comedy_of_errors:0.0
323 comedy_of_errors:0.1
323 comedy_of_errors:1.1
323 comedy_of_errors:2.0
323 comedy_of_errors:2.1
323 comedy_of_errors:3.0
323 comedy_of_errors:3.3
323 comedy_of_errors:4.0
324 comedy_of_errors:1.0
324 comedy_of_errors:3.1
325 comedy_of_errors:3.2
326 much_ado_about_nothing:0.0
326 much_ado_about_nothing:1.0
326 much_ado_about_nothing:1.2
326 much_ado_about_nothing:2.1
326 much_ado_about_nothing:3.0
326 much_ado_about_nothing:4.0
326 much_ado_about_nothing:4.3
327 much_ado_about_nothing:0.1
328 much_ado_about_nothing:0.2
328 much_ado_about_nothing:1.1
329 much_ado_about_nothing:2.0
329 much_ado_about_nothing:2.3
330 much_ado_about_nothing:2.2
330 much_ado_about_nothing:3.1
331 much_ado_about_nothing:2.4
332 much_ado_about_nothing:4.1
333 much_ado_about_nothing:4.2
334 twelfth_night:0.0
335 twelfth_night:0.1
336 twelfth_night:0.2
336 twelfth_night:1.2
337 twelfth_night:0.3
337 twelfth_night:1.3
338 twelfth_night:0.4
339 twelfth_night:1.0
340 twelfth_night:1.1
341 twelfth_night:1.4
341 twelfth_night:2.1
341 twelfth_night:2.3
341 twelfth_night:4.0
342 twelfth_night:2.0
343 twelfth_night:2.2
344 twelfth_night:3.0
345 twelfth_night:3.1
346 twelfth_night:3.2
347 lear:0.0
348 lear:0.1
349 lear:0.2
350 lear:0.3
351 lear:0.4
352 lear:1.0
353 lear:1.1
354 lear:1.2
355 lear:1.3
356 lear:2.0
357 lear:2.1
358 lear:2.2
359 lear:2.3
360 lear:2.4
361 lear:2.5
362 lear:2.6
362 lear:3.4
363 lear:3.0
364 lear:3.1
365 lear:3.2
366 lear:3.3
367 lear:3.5
368 lear:3.6
369 lear:4.0
369 lear:4.2
370 lear:4.1
371 cymbeline:0.0
372 cymbeline:0.1
373 cymbeline:0.2
374 cymbeline:0.3
374 cymbeline:1.3
375 cymbeline:0.4
376 cymbeline:0.5
377 cymbeline:1.0
378 cymbeline:1.1
379 cymbeline:1.2
380 cymbeline:1.4
381 cymbeline:2.0
382 cymbeline:2.1
383 cymbeline:2.2
384 cymbeline:2.3
385 cymbeline:2.4
385 cymbeline:3.2
386 cymbeline:2.5
386 cymbeline:3.1
386 cymbeline:3.3
386 cymbeline:4.4
387 cymbeline:2.6
388 cymbeline:3.0
389 cymbeline:4.0
390 cymbeline:4.1
390 cymbeline:4.2
391 cymbeline:4.3
392 measure_for_measure:0.0
393 measure_for_measure:0.1
394 measure_for_measure:0.2
395 measure_for_measure:0.3
395 measure_for_measure:1.1
396 measure_for_measure:1.0
397 measure_for_measure:1.2
398 measure_for_measure:1.3
399 measure_for_measure:2.0
400 measure_for_measure:2.1
401 measure_for_measure:3.0
401 measure_for_measure:3.5
402 measure_for_measure:3.1
402 measure_for_measure:3.2
402 measure_for_measure:4.0
403 measure_for_measure:3.3
404 measure_for_measure:3.4
405 pericles:0.0
405 pericles:0.2
406 pericles:0.1
407 pericles:0.3
408 pericles:1.0
409 pericles:1.1
410 pericles:1.2
410 pericles:1.4
411 pericles:1.3
412 pericles:2.0
413 pericles:2.1
414 pericles:2.2
414 pericles:3.2
414 pericles:3.3
415 pericles:2.3
415 pericles:4.2
416 pericles:3.0
417 pericles:3.1
417 pericles:3.5
418 pericles:3.4
419 pericles:4.0
420 pericles:4.1
421 winters_tale:0.0
422 winters_tale:0.1
423 winters_tale:1.0
424 winters_tale:1.1
425 winters_tale:1.2
425 winters_tale:2.1
425 winters_tale:4.0
425 winters_tale:4.2
426 winters_tale:2.0
427 winters_tale:2.2
428 winters_tale:3.0
429 winters_tale:3.1
430 winters_tale:3.2
431 winters_tale:3.3
432 winters_tale:4.1
433 antony_and_cleopatra:0.0
434 antony_and_cleopatra:0.1
434 antony_and_cleopatra:0.2
434 antony_and_cleopatra:3.1
435 antony_and_cleopatra:0.3
436 antony_and_cleopatra:0.4
436 antony_and_cleopatra:1.4
436 antony_and_cleopatra:2.2
436 antony_and_cleopatra:3.12
437 antony_and_cleopatra:1.0
438 antony_and_cleopatra:1.1
438 antony_and_cleopatra:1.3
438 antony_and_cleopatra:1.5
438 antony_and_cleopatra:1.6
438 antony_and_cleopatra:2.1
439 antony_and_cleopatra:1.2
440 antony_and_cleopatra:2.0
441 antony_and_cleopatra:2.3
442 antony_and_cleopatra:2.4
442 antony_and_cleopatra:3.4
442 antony_and_cleopatra:3.5
442 antony_and_cleopatra:3.8
443 antony_and_cleopatra:2.5
444 antony_and_cleopatra:2.6
444 antony_and_cleopatra:2.9
445 antony_and_cleopatra:2.7
446 antony_and_cleopatra:2.8
447 antony_and_cleopatra:2.10
448 antony_and_cleopatra:2.11
449 antony_and_cleopatra:2.12
450 antony_and_cleopatra:3.0
450 antony_and_cleopatra:4.0
451 antony_and_cleopatra:3.2
452 antony_and_cleopatra:3.3
453 antony_and_cleopatra:3.6
453 antony_and_cleopatra:3.9
454 antony_and_cleopatra:3.7
455 antony_and_cleopatra:3.10
456 antony_and_cleopatra:3.11
457 antony_and_cleopatra:3.13
458 antony_and_cleopatra:3.14
459 antony_and_cleopatra:4.1
460 tempest:0.0
461 tempest:0.1
461 tempest:4.0
462 tempest:1.0
462 tempest:2.2
463 tempest:1.1
463 tempest:2.1
464 tempest:2.0
465 tempest:3.0
466 two_gentlemen_of_verona:0.0
467 two_gentlemen_of_verona:0.1
467 two_gentlemen_of_verona:1.6
468 two_gentlemen_of_verona:0.2
468 two_gentlemen_of_verona:1.1
469 two_gentlemen_of_verona:1.0
470 two_gentlemen_of_verona:1.2
471 two_gentlemen_of_verona:1.3
471 two_gentlemen_of_verona:3.1
471 two_gentlemen_of_verona:4.1
471 two_gentlemen_of_verona:4.3
472 two_gentlemen_of_verona:1.4
473 two_gentlemen_of_verona:1.5
474 two_gentlemen_of_verona:2.0
475 two_gentlemen_of_verona:2.1
476 two_gentlemen_of_verona:3.0
476 two_gentlemen_of_verona:4.2
477 two_gentlemen_of_verona:3.2
477 two_gentlemen_of_verona:4.0
478 two_gentlemen_of_verona:3.3
479 merchant_of_venice:0.0
480 merchant_of_venice:0.1
481 merchant_of_venice:0.2
482 merchant_of_venice:1.0
483 merchant_of_venice:1.1
484 merchant_of_venice:1.2
484 merchant_of_venice:1.3
484 merchant_of_venice:1.5
484 merchant_of_venice:1.7
484 merchant_of_venice:2.4
485 merchant_of_venice:1.4
486 merchant_of_venice:1.6
486 merchant_of_venice:1.8
487 merchant_of_venice:2.0
488 merchant_of_venice:2.1
488 merchant_of_venice:3.0
489 merchant_of_venice:2.2
490 merchant_of_venice:2.3
491 merchant_of_venice:3.1
491 merchant_of_venice:4.0
492 henry_viii:0.0
493 henry_viii:0.1
494 henry_viii:0.2
494 henry_viii:0.3
495 henry_viii:1.0
496 henry_viii:1.1
496 henry_viii:2.0
496 henry_viii:2.1
496 henry_viii:4.2
497 henry_viii:1.2
498 henry_viii:1.3
499 henry_viii:3.0
500 henry_viii:3.1
501 henry_viii:4.0
502 henry_viii:4.1
503 henry_viii:4.3
504 henry_viii:4.4
505 midsummer_nights_dream:0.0
506 midsummer_nights_dream:0.1
506 midsummer_nights_dream:2.0
506 midsummer_nights_dream:3.1
507 midsummer_nights_dream:1.0
508 midsummer_nights_dream:1.1
508 midsummer_nights_dream:2.1
508 midsummer_nights_dream:3.0
509 midsummer_nights_dream:4.0
510 as_you_like_it:0.0
511 as_you_like_it:0.1
511 as_you_like_it:0.2
512 as_you_like_it:1.0
513 as_you_like_it:1.1
514 as_you_like_it:1.2
515 as_you_like_it:1.3
515 as_you_like_it:2.4
515 as_you_like_it:3.2
515 as_you_like_it:4.1
516 as_you_like_it:1.4
517 as_you_like_it:1.5
518 as_you_like_it:1.6
519 as_you_like_it:2.0
520 as_you_like_it:2.1
521 as_you_like_it:2.2
521 as_you_like_it:4.0
522 as_you_like_it:2.3
523 as_you_like_it:3.0
524 as_you_like_it:3.1
525 as_you_like_it:4.2
526 as_you_like_it:4.3
527 troilus_and_cressida:0.0
528 troilus_and_cressida:0.1
528 troilus_and_cressida:2.0
528 troilus_and_cressida:3.1
529 troilus_and_cressida:0.2
530 troilus_and_cressida:1.0
531 troilus_and_cressida:1.1
532 troilus_and_cressida:1.2
532 troilus_and_cressida:2.2
532 troilus_and_cressida:3.4
532 troilus_and_cressida:4.0
533 troilus_and_cressida:2.1
534 troilus_and_cressida:3.0
534 troilus_and_cressida:3.2
535 troilus_and_cressida:3.3
536 troilus_and_cressida:4.1
537 troilus_and_cressida:4.2
538 troilus_and_cressida:4.3
539 troilus_and_cressida:4.4
539 troilus_and_cressida:4.5
539 troilus_and_cressida:4.8
540 troilus_and_cressida:4.6
541 troilus_and_cressida:4.7
542 troilus_and_cressida:4.9
543 henry_v:0.0
544 henry_v:0.1
545 henry_v:1.0
546 henry_v:1.1
547 henry_v:1.2
548 henry_v:1.3
549 henry_v:2.0
550 henry_v:2.1
551 henry_v:2.2
552 henry_v:2.3
553 henry_v:2.4
554 henry_v:2.5
555 henry_v:2.6
556 henry_v:3.0
557 henry_v:3.1
558 henry_v:3.2
559 henry_v:3.3
560 henry_v:3.4
561 henry_v:3.5
562 henry_v:3.6
562 henry_v:3.7
563 henry_v:4.0
564 henry_v:4.1
565 life_and_death_of_king_john:0.0
566 life_and_death_of_king_john:1.0
567 life_and_death_of_king_john:2.0
568 life_and_death_of_king_john:2.1
569 life_and_death_of_king_john:2.2
570 life_and_death_of_king_john:2.3
571 life_and_death_of_king_john:3.0
572 life_and_death_of_king_john:3.1
573 life_and_death_of_king_john:3.2
574 life_and_death_of_king_john:4.0
575 life_and_death_of_king_john:4.1
576 life_and_death_of_king_john:4.2
577 life_and_death_of_king_john:4.3
578 life_and_death_of_king_john:4.4
579 life_and_death_of_king_john:4.5
580 life_and_death_of_king_john:4.6
581 timon_of_athens:0.0
582 timon_of_athens:0.1
583 timon_of_athens:1.0
584 timon_of_athens:1.1
584 timon_of_athens:2.3
585 timon_of_athens:2.0
586 timon_of_athens:2.1
587 timon_of_athens:2.2
588 timon_of_athens:2.4
589 timon_of_athens:2.5
590 timon_of_athens:3.0
591 timon_of_athens:3.1
592 timon_of_athens:3.2
593 timon_of_athens:4.0
594 timon_of_athens:4.1
595 timon_of_athens:4.2
596 timon_of_athens:4.3
