1 othello:0.0
1 othello:0.1
1 othello:0.2
1 othello:1.0
1 othello:1.2
1 othello:2.0
1 othello:2.2
2 othello:1.1
3 othello:2.1
4 othello:2.3
4 othello:3.0
4 othello:3.1
4 othello:3.2
4 othello:4.0
4 othello:4.1
5 henry_iv_part_ii:0.0
6 henry_iv_part_ii:0.1
7 henry_iv_part_ii:0.2
7 henry_iv_part_ii:3.0
7 henry_iv_part_ii:3.1
8 henry_iv_part_ii:1.0
9 henry_iv_part_ii:1.1
9 henry_iv_part_ii:1.3
9 henry_iv_part_ii:4.3
9 henry_iv_part_i:0.1
9 henry_iv_part_i:1.1
9 henry_iv_part_i:1.3
10 henry_iv_part_ii:1.2
11 henry_iv_part_ii:2.0
12 henry_iv_part_ii:2.1
13 henry_iv_part_ii:3.2
14 henry_iv_part_ii:3.3
15 henry_iv_part_ii:3.4
15 henry_iv_part_ii:4.1
16 henry_iv_part_ii:4.0
16 henry_iv_part_ii:4.2
17 henry_iv_part_ii:4.4
18 richard_ii:0.0
18 richard_ii:0.2
18 richard_ii:1.0
18 richard_ii:1.2
18 richard_ii:3.0
19 richard_ii:0.1
20 richard_ii:0.3
20 richard_ii:1.1
20 richard_ii:2.0
20 richard_ii:2.1
20 richard_ii:2.2
21 richard_ii:1.3
22 richard_ii:2.3
23 richard_ii:4.0
24 richard_ii:4.1
24 richard_ii:4.2
25 richard_ii:4.3
25 richard_ii:4.4
25 richard_ii:4.5
26 henry_vi_part_2:0.0
26 henry_vi_part_2:0.2
26 henry_vi_part_2:1.0
26 henry_vi_part_2:2.0
27 henry_vi_part_2:0.1
27 henry_vi_part_2:0.3
27 henry_vi_part_2:1.2
28 henry_vi_part_2:1.1
28 henry_vi_part_1:1.4
28 henry_vi_part_3:0.0
28 henry_vi_part_3:0.1
28 henry_vi_part_3:1.0
29 henry_vi_part_2:1.3
30 henry_vi_part_2:2.1
31 henry_vi_part_2:2.2
32 henry_vi_part_2:3.0
33 henry_vi_part_2:3.1
33 henry_vi_part_2:3.2
33 henry_vi_part_2:3.6
34 henry_vi_part_2:3.3
34 henry_vi_part_2:3.7
34 henry_vi_part_2:3.8
34 henry_vi_part_2:4.0
35 henry_vi_part_2:3.4
35 henry_vi_part_2:3.5
36 henry_vi_part_2:3.9
37 henry_vi_part_2:4.1
38 henry_vi_part_2:4.2
39 merry_wives_of_windsor:0.0
39 merry_wives_of_windsor:0.1
40 merry_wives_of_windsor:0.2
40 merry_wives_of_windsor:1.0
40 merry_wives_of_windsor:1.1
40 merry_wives_of_windsor:2.4
40 merry_wives_of_windsor:3.1
41 merry_wives_of_windsor:0.3
41 merry_wives_of_windsor:1.2
41 merry_wives_of_windsor:2.0
41 merry_wives_of_windsor:2.1
41 merry_wives_of_windsor:2.2
41 merry_wives_of_windsor:2.3
41 merry_wives_of_windsor:3.4
42 merry_wives_of_windsor:3.0
42 merry_wives_of_windsor:3.3
43 merry_wives_of_windsor:3.2
44 merry_wives_of_windsor:3.5
45 merry_wives_of_windsor:4.0
45 merry_wives_of_windsor:4.2
45 merry_wives_of_windsor:4.4
46 merry_wives_of_windsor:4.1
47 merry_wives_of_windsor:4.3
48 richard_iii:0.0
49 richard_iii:0.1
49 richard_iii:0.2
49 richard_iii:0.3
49 richard_iii:1.0
49 richard_iii:1.1
49 richard_iii:3.0
49 richard_iii:3.3
50 richard_iii:1.2
51 richard_iii:1.3
51 richard_iii:2.0
51 richard_iii:2.1
51 richard_iii:2.3
51 richard_iii:2.4
52 richard_iii:2.2
52 richard_iii:4.0
52 richard_iii:4.2
52 richard_iii:4.3
53 richard_iii:2.5
54 richard_iii:2.6
55 richard_iii:3.1
55 richard_iii:3.2
56 richard_iii:3.4
56 richard_iii:4.4
57 richard_iii:4.1
58 hamlet:0.0
58 hamlet:0.1
58 hamlet:0.3
58 hamlet:0.4
58 hamlet:1.1
59 hamlet:0.2
60 hamlet:1.0
61 hamlet:2.0
61 hamlet:2.1
61 hamlet:2.2
61 hamlet:2.3
61 hamlet:3.0
61 hamlet:3.4
62 hamlet:3.1
62 hamlet:3.2
62 hamlet:3.5
63 hamlet:3.3
64 hamlet:3.6
64 hamlet:4.1
65 hamlet:4.0
66 henry_iv_part_i:0.0
66 henry_iv_part_i:0.2
66 henry_iv_part_i:1.2
66 henry_iv_part_i:2.0
66 henry_iv_part_i:2.1
66 henry_iv_part_i:3.3
67 henry_iv_part_i:1.0
68 henry_iv_part_i:2.2
69 henry_iv_part_i:3.0
69 henry_iv_part_i:3.2
69 henry_iv_part_i:4.0
69 henry_iv_part_i:4.1
69 henry_iv_part_i:4.2
69 henry_iv_part_i:4.3
69 henry_iv_part_i:4.4
70 henry_iv_part_i:3.1
71 henry_vi_part_1:0.0
72 henry_vi_part_1:0.1
72 henry_vi_part_1:0.4
72 henry_vi_part_1:0.5
72 henry_vi_part_1:1.0
72 henry_vi_part_1:2.1
72 henry_vi_part_1:2.2
72 henry_vi_part_1:4.1
73 henry_vi_part_1:0.2
73 henry_vi_part_1:2.0
73 henry_vi_part_1:4.0
74 henry_vi_part_1:0.3
75 henry_vi_part_1:1.1
76 henry_vi_part_1:1.2
77 henry_vi_part_1:1.3
78 henry_vi_part_1:2.3
78 henry_vi_part_1:3.0
79 henry_vi_part_1:3.1
80 henry_vi_part_1:3.2
80 henry_vi_part_1:3.3
80 henry_vi_part_1:3.4
80 henry_vi_part_1:3.5
80 henry_vi_part_1:3.6
81 henry_vi_part_1:4.2
81 henry_vi_part_1:4.3
82 henry_vi_part_1:4.4
83 taming_of_the_shrew:0.0
83 taming_of_the_shrew:0.1
83 taming_of_the_shrew:1.0
83 taming_of_the_shrew:2.0
83 taming_of_the_shrew:2.1
83 taming_of_the_shrew:3.1
83 taming_of_the_shrew:3.3
83 taming_of_the_shrew:3.4
83 taming_of_the_shrew:4.0
83 taming_of_the_shrew:4.1
84 taming_of_the_shrew:3.0
84 taming_of_the_shrew:3.2
85 alls_well_that_ends_well:0.0
85 alls_well_that_ends_well:0.2
85 alls_well_that_ends_well:1.0
85 alls_well_that_ends_well:1.2
85 alls_well_that_ends_well:1.3
85 alls_well_that_ends_well:1.4
85 alls_well_that_ends_well:2.1
86 alls_well_that_ends_well:0.1
87 alls_well_that_ends_well:1.1
88 alls_well_that_ends_well:2.0
89 alls_well_that_ends_well:2.2
89 alls_well_that_ends_well:2.5
89 alls_well_that_ends_well:3.1
89 alls_well_that_ends_well:3.2
89 alls_well_that_ends_well:4.2
90 alls_well_that_ends_well:2.3
91 alls_well_that_ends_well:2.4
91 alls_well_that_ends_well:3.3
92 alls_well_that_ends_well:2.6
92 alls_well_that_ends_well:4.0
93 alls_well_that_ends_well:3.0
94 alls_well_that_ends_well:3.4
95 alls_well_that_ends_well:4.1
96 loves_labors_lost:0.0
96 loves_labors_lost:0.1
96 loves_labors_lost:1.0
96 loves_labors_lost:2.0
96 loves_labors_lost:3.0
96 loves_labors_lost:3.2
96 loves_labors_lost:4.1
97 loves_labors_lost:3.1
98 loves_labors_lost:4.0
99 henry_vi_part_3:0.2
99 henry_vi_part_3:1.3
100 henry_vi_part_3:0.3
100 henry_vi_part_3:1.1
100 henry_vi_part_3:1.4
100 henry_vi_part_3:1.5
101 henry_vi_part_3:1.2
102 henry_vi_part_3:2.0
102 henry_vi_part_3:2.2
102 henry_vi_part_3:3.0
102 henry_vi_part_3:3.2
102 henry_vi_part_3:3.5
103 henry_vi_part_3:2.1
104 henry_vi_part_3:3.1
104 henry_vi_part_3:3.7
104 henry_vi_part_3:4.0
104 henry_vi_part_3:4.1
104 henry_vi_part_3:4.2
105 henry_vi_part_3:3.3
106 henry_vi_part_3:3.4
107 henry_vi_part_3:3.6
108 henry_vi_part_3:4.3
108 henry_vi_part_3:4.4
109 henry_vi_part_3:4.5
110 henry_vi_part_3:4.6
111 romeo_and_juliet:0.0
111 romeo_and_juliet:0.1
111 romeo_and_juliet:0.4
111 romeo_and_juliet:1.1
111 romeo_and_juliet:2.0
112 romeo_and_juliet:0.2
113 romeo_and_juliet:0.3
113 romeo_and_juliet:1.0
114 romeo_and_juliet:1.2
114 romeo_and_juliet:1.5
115 romeo_and_juliet:1.3
116 romeo_and_juliet:1.4
116 romeo_and_juliet:2.1
116 romeo_and_juliet:2.2
116 romeo_and_juliet:2.4
116 romeo_and_juliet:3.0
116 romeo_and_juliet:4.1
116 romeo_and_juliet:4.2
117 romeo_and_juliet:2.3
117 romeo_and_juliet:3.1
117 romeo_and_juliet:3.2
117 romeo_and_juliet:3.3
117 romeo_and_juliet:3.4
118 romeo_and_juliet:4.0
119 titus_andronicus:0.0
119 titus_andronicus:1.0
119 titus_andronicus:1.1
119 titus_andronicus:1.2
119 titus_andronicus:2.0
119 titus_andronicus:2.1
119 titus_andronicus:3.0
120 titus_andronicus:1.3
121 titus_andronicus:3.1
121 titus_andronicus:4.0
122 titus_andronicus:3.2
122 titus_andronicus:3.3
122 titus_andronicus:4.1
122 titus_andronicus:4.2
123 macbeth:0.0
124 macbeth:0.1
124 macbeth:0.2
124 macbeth:0.3
124 macbeth:0.4
124 macbeth:0.5
125 macbeth:0.6
126 macbeth:1.0
126 macbeth:2.2
127 macbeth:1.1
128 macbeth:1.2
128 macbeth:2.5
129 macbeth:1.3
129 macbeth:3.1
129 macbeth:3.2
129 macbeth:4.6
129 macbeth:4.7
130 macbeth:2.0
130 macbeth:2.3
131 macbeth:2.1
132 macbeth:2.4
133 macbeth:3.0
134 macbeth:4.0
135 macbeth:4.1
135 macbeth:4.3
135 macbeth:4.5
136 macbeth:4.2
136 macbeth:4.4
137 coriolanus:0.0
137 coriolanus:0.1
137 coriolanus:1.0
137 coriolanus:1.1
137 coriolanus:1.2
137 coriolanus:2.0
137 coriolanus:2.1
137 coriolanus:2.2
138 coriolanus:0.2
138 coriolanus:4.2
138 coriolanus:4.4
138 coriolanus:4.5
139 coriolanus:0.3
139 coriolanus:0.4
139 coriolanus:0.5
139 coriolanus:0.6
139 coriolanus:0.7
139 coriolanus:0.8
140 coriolanus:0.9
141 coriolanus:3.0
141 coriolanus:3.1
141 coriolanus:3.5
141 coriolanus:4.0
141 coriolanus:4.3
142 coriolanus:3.2
143 coriolanus:3.3
144 coriolanus:3.4
145 coriolanus:3.6
146 coriolanus:4.1
147 julius_caesar:0.0
148 julius_caesar:0.1
148 julius_caesar:0.2
148 julius_caesar:1.0
148 julius_caesar:1.1
148 julius_caesar:1.2
148 julius_caesar:1.3
148 julius_caesar:2.0
148 julius_caesar:2.1
149 julius_caesar:2.2
150 julius_caesar:3.0
150 antony_and_cleopatra:0.3
151 julius_caesar:3.1
151 julius_caesar:3.2
151 julius_caesar:4.0
151 julius_caesar:4.1
151 julius_caesar:4.2
151 julius_caesar:4.3
152 julius_caesar:4.4
153 comedy_of_errors:0.0
153 comedy_of_errors:4.0
154 comedy_of_errors:0.1
154 comedy_of_errors:1.0
154 comedy_of_errors:1.1
154 comedy_of_errors:2.0
154 comedy_of_errors:2.1
154 comedy_of_errors:3.0
154 comedy_of_errors:3.1
154 comedy_of_errors:3.2
154 comedy_of_errors:3.3
155 much_ado_about_nothing:0.0
155 much_ado_about_nothing:1.0
155 much_ado_about_nothing:1.2
155 much_ado_about_nothing:2.0
155 much_ado_about_nothing:2.1
155 much_ado_about_nothing:2.3
155 much_ado_about_nothing:3.0
155 much_ado_about_nothing:4.1
155 much_ado_about_nothing:4.3
156 much_ado_about_nothing:0.1
157 much_ado_about_nothing:0.2
157 much_ado_about_nothing:1.1
157 much_ado_about_nothing:2.2
157 much_ado_about_nothing:2.4
157 much_ado_about_nothing:3.1
157 much_ado_about_nothing:4.0
158 much_ado_about_nothing:4.2
159 twelfth_night:0.0
160 twelfth_night:0.1
160 twelfth_night:0.3
160 twelfth_night:1.3
161 twelfth_night:0.2
161 twelfth_night:0.4
161 twelfth_night:1.1
161 twelfth_night:1.2
161 twelfth_night:1.4
161 twelfth_night:2.0
161 twelfth_night:2.1
161 twelfth_night:2.3
162 twelfth_night:1.0
162 twelfth_night:2.2
162 twelfth_night:3.2
163 twelfth_night:3.0
163 twelfth_night:4.0
164 twelfth_night:3.1
165 lear:0.0
165 lear:1.0
165 lear:4.2
166 lear:0.1
167 lear:0.2
167 lear:0.3
167 lear:0.4
167 lear:1.1
167 lear:1.3
168 lear:1.2
169 lear:2.0
170 lear:2.1
171 lear:2.2
172 lear:2.3
172 lear:2.5
172 lear:3.0
173 lear:2.4
173 lear:2.6
173 lear:3.1
173 lear:3.4
173 lear:4.0
174 lear:3.2
174 lear:3.6
175 lear:3.3
176 lear:3.5
176 lear:4.1
177 cymbeline:0.0
177 cymbeline:0.2
177 cymbeline:0.3
177 cymbeline:0.5
177 cymbeline:1.3
177 cymbeline:2.1
177 cymbeline:2.3
178 cymbeline:0.1
178 cymbeline:1.0
179 cymbeline:0.4
180 cymbeline:1.1
181 cymbeline:1.2
181 cymbeline:2.4
181 cymbeline:3.2
182 cymbeline:1.4
183 cymbeline:2.0
184 cymbeline:2.2
184 cymbeline:2.5
184 cymbeline:3.1
184 cymbeline:3.3
184 cymbeline:4.1
184 cymbeline:4.2
184 cymbeline:4.4
185 cymbeline:2.6
186 cymbeline:3.0
187 cymbeline:4.0
187 cymbeline:4.3
188 measure_for_measure:0.0
188 measure_for_measure:3.3
189 measure_for_measure:0.1
190 measure_for_measure:0.2
191 measure_for_measure:0.3
191 measure_for_measure:1.1
191 measure_for_measure:1.3
191 measure_for_measure:2.0
192 measure_for_measure:1.0
192 measure_for_measure:2.1
192 measure_for_measure:3.1
192 measure_for_measure:3.2
192 measure_for_measure:4.0
193 measure_for_measure:1.2
193 measure_for_measure:3.4
194 measure_for_measure:3.0
194 measure_for_measure:3.5
195 pericles:0.0
195 pericles:0.1
195 pericles:0.2
195 pericles:1.3
196 pericles:0.3
196 pericles:2.2
196 pericles:3.3
196 pericles:4.0
196 pericles:4.2
197 pericles:1.0
198 pericles:1.1
198 pericles:1.2
198 pericles:1.4
199 pericles:2.0
200 pericles:2.1
200 pericles:2.3
201 pericles:3.0
201 pericles:3.2
202 pericles:3.1
202 pericles:3.5
203 pericles:3.4
204 pericles:4.1
205 winters_tale:0.0
205 winters_tale:3.1
206 winters_tale:0.1
206 winters_tale:1.0
206 winters_tale:1.2
206 winters_tale:2.1
206 winters_tale:3.3
206 winters_tale:4.0
206 winters_tale:4.1
206 winters_tale:4.2
207 winters_tale:1.1
208 winters_tale:2.0
209 winters_tale:2.2
210 winters_tale:3.0
211 winters_tale:3.2
212 antony_and_cleopatra:0.0
213 antony_and_cleopatra:0.1
213 antony_and_cleopatra:0.2
213 antony_and_cleopatra:0.4
213 antony_and_cleopatra:1.1
213 antony_and_cleopatra:1.2
213 antony_and_cleopatra:1.3
213 antony_and_cleopatra:1.4
213 antony_and_cleopatra:2.2
214 antony_and_cleopatra:1.0
214 antony_and_cleopatra:1.5
214 antony_and_cleopatra:1.6
214 antony_and_cleopatra:2.1
214 antony_and_cleopatra:2.4
214 antony_and_cleopatra:2.6
215 antony_and_cleopatra:2.0
216 antony_and_cleopatra:2.3
217 antony_and_cleopatra:2.5
218 antony_and_cleopatra:2.7
218 antony_and_cleopatra:3.10
219 antony_and_cleopatra:2.8
219 antony_and_cleopatra:2.9
219 antony_and_cleopatra:3.1
219 antony_and_cleopatra:3.5
219 antony_and_cleopatra:3.6
219 antony_and_cleopatra:3.8
219 antony_and_cleopatra:3.9
220 antony_and_cleopatra:2.10
220 antony_and_cleopatra:3.3
220 antony_and_cleopatra:3.4
220 antony_and_cleopatra:3.11
220 antony_and_cleopatra:3.13
221 antony_and_cleopatra:2.11
221 antony_and_cleopatra:2.12
221 antony_and_cleopatra:3.0
221 antony_and_cleopatra:4.0
222 antony_and_cleopatra:3.2
223 antony_and_cleopatra:3.7
224 antony_and_cleopatra:3.12
224 antony_and_cleopatra:3.14
224 antony_and_cleopatra:4.1
225 tempest:0.0
226 tempest:0.1
226 tempest:1.0
226 tempest:2.0
226 tempest:2.2
226 tempest:4.0
227 tempest:1.1
227 tempest:2.1
227 tempest:3.0
228 two_gentlemen_of_verona:0.0
228 two_gentlemen_of_verona:1.0
228 two_gentlemen_of_verona:1.3
228 two_gentlemen_of_verona:1.5
228 two_gentlemen_of_verona:2.0
228 two_gentlemen_of_verona:2.1
228 two_gentlemen_of_verona:3.1
229 two_gentlemen_of_verona:0.1
229 two_gentlemen_of_verona:1.6
229 two_gentlemen_of_verona:3.3
230 two_gentlemen_of_verona:0.2
230 two_gentlemen_of_verona:1.1
231 two_gentlemen_of_verona:1.2
231 two_gentlemen_of_verona:1.4
232 two_gentlemen_of_verona:3.0
232 two_gentlemen_of_verona:4.2
233 two_gentlemen_of_verona:3.2
233 two_gentlemen_of_verona:4.0
233 two_gentlemen_of_verona:4.1
233 two_gentlemen_of_verona:4.3
234 merchant_of_venice:0.0
234 merchant_of_venice:1.5
234 merchant_of_venice:1.7
234 merchant_of_venice:2.1
234 merchant_of_venice:2.3
234 merchant_of_venice:3.1
234 merchant_of_venice:4.0
235 merchant_of_venice:0.1
235 merchant_of_venice:1.0
235 merchant_of_venice:1.6
235 merchant_of_venice:1.8
236 merchant_of_venice:0.2
236 merchant_of_venice:2.0
236 merchant_of_venice:2.2
236 merchant_of_venice:3.0
237 merchant_of_venice:1.1
237 merchant_of_venice:1.2
237 merchant_of_venice:1.3
238 merchant_of_venice:1.4
238 merchant_of_venice:2.4
239 henry_viii:0.0
239 henry_viii:0.1
239 henry_viii:1.0
239 henry_viii:1.3
239 henry_viii:2.0
240 henry_viii:0.2
240 henry_viii:0.3
240 henry_viii:1.1
240 henry_viii:2.1
240 henry_viii:4.0
240 henry_viii:4.2
241 henry_viii:1.2
242 henry_viii:3.0
242 henry_viii:4.4
243 henry_viii:3.1
244 henry_viii:4.1
245 henry_viii:4.3
246 midsummer_nights_dream:0.0
246 midsummer_nights_dream:1.1
246 midsummer_nights_dream:2.1
246 midsummer_nights_dream:3.0
246 midsummer_nights_dream:4.0
247 midsummer_nights_dream:0.1
247 midsummer_nights_dream:2.0
247 midsummer_nights_dream:3.1
248 midsummer_nights_dream:1.0
249 as_you_like_it:0.0
249 as_you_like_it:0.1
249 as_you_like_it:0.2
249 as_you_like_it:1.3
249 as_you_like_it:2.1
249 as_you_like_it:2.3
249 as_you_like_it:3.0
250 as_you_like_it:1.0
251 as_you_like_it:1.1
251 as_you_like_it:2.0
252 as_you_like_it:1.2
252 as_you_like_it:1.5
253 as_you_like_it:1.4
254 as_you_like_it:1.6
255 as_you_like_it:2.2
255 as_you_like_it:4.0
255 as_you_like_it:4.2
256 as_you_like_it:2.4
256 as_you_like_it:3.2
256 as_you_like_it:4.1
256 as_you_like_it:4.3
257 as_you_like_it:3.1
258 troilus_and_cressida:0.0
258 troilus_and_cressida:0.1
258 troilus_and_cressida:1.1
258 troilus_and_cressida:2.0
258 troilus_and_cressida:2.1
258 troilus_and_cressida:3.1
258 troilus_and_cressida:4.2
259 troilus_and_cressida:0.2
260 troilus_and_cressida:1.0
260 troilus_and_cressida:1.2
260 troilus_and_cressida:2.2
260 troilus_and_cressida:3.4
260 troilus_and_cressida:4.0
260 troilus_and_cressida:4.3
260 troilus_and_cressida:4.4
260 troilus_and_cressida:4.8
261 troilus_and_cressida:3.0
261 troilus_and_cressida:3.2
261 troilus_and_cressida:3.3
261 troilus_and_cressida:4.1
261 troilus_and_cressida:4.5
262 troilus_and_cressida:4.6
263 troilus_and_cressida:4.7
264 troilus_and_cressida:4.9
265 henry_v:0.0
266 henry_v:0.1
267 henry_v:1.0
267 henry_v:1.2
268 henry_v:1.1
269 henry_v:1.3
270 henry_v:2.0
271 henry_v:2.1
271 henry_v:2.5
272 henry_v:2.2
273 henry_v:2.3
273 henry_v:3.3
273 henry_v:4.1
274 henry_v:2.4
274 henry_v:3.4
275 henry_v:2.6
275 henry_v:3.1
276 henry_v:3.0
276 henry_v:3.6
276 henry_v:3.7
277 henry_v:3.2
278 henry_v:3.5
279 henry_v:4.0
280 life_and_death_of_king_john:0.0
280 life_and_death_of_king_john:1.0
280 life_and_death_of_king_john:2.0
280 life_and_death_of_king_john:2.1
280 life_and_death_of_king_john:2.3
281 life_and_death_of_king_john:2.2
281 life_and_death_of_king_john:3.0
281 life_and_death_of_king_john:3.1
281 life_and_death_of_king_john:3.2
282 life_and_death_of_king_john:4.0
283 life_and_death_of_king_john:4.1
284 life_and_death_of_king_john:4.2
284 life_and_death_of_king_john:4.5
285 life_and_death_of_king_john:4.3
286 life_and_death_of_king_john:4.4
287 life_and_death_of_king_john:4.6
288 timon_of_athens:0.0
288 timon_of_athens:0.1
288 timon_of_athens:2.5
288 timon_of_athens:3.2
288 timon_of_athens:4.0
289 timon_of_athens:1.0
289 timon_of_athens:1.1
289 timon_of_athens:2.0
289 timon_of_athens:2.1
289 timon_of_athens:2.3
290 timon_of_athens:2.2
291 timon_of_athens:2.4
292 timon_of_athens:3.0
293 timon_of_athens:3.1
294 timon_of_athens:4.1
294 timon_of_athens:4.2
294 timon_of_athens:4.3
