1 othello:0.0
2 othello:0.1
3 othello:0.2
4 othello:1.0
5 othello:1.1
6 othello:1.2
7 othello:2.0
8 othello:2.1
9 othello:2.2
10 othello:2.3
11 othello:3.0
11 othello:4.0
11 othello:4.1
12 othello:3.1
13 othello:3.2
14 henry_iv_part_ii:0.0
15 henry_iv_part_ii:0.1
16 henry_iv_part_ii:0.2
17 henry_iv_part_ii:1.0
18 henry_iv_part_ii:1.1
19 henry_iv_part_ii:1.2
20 henry_iv_part_ii:1.3
21 henry_iv_part_ii:2.0
22 henry_iv_part_ii:2.1
23 henry_iv_part_ii:3.0
24 henry_iv_part_ii:3.1
25 henry_iv_part_ii:3.2
26 henry_iv_part_ii:3.3
27 henry_iv_part_ii:3.4
28 henry_iv_part_ii:4.0
29 henry_iv_part_ii:4.1
30 henry_iv_part_ii:4.2
31 henry_iv_part_ii:4.3
32 henry_iv_part_ii:4.4
33 richard_ii:0.0
34 richard_ii:0.1
35 richard_ii:0.2
36 richard_ii:0.3
37 richard_ii:1.0
38 richard_ii:1.1
39 richard_ii:1.2
40 richard_ii:1.3
41 richard_ii:2.0
42 richard_ii:2.1
43 richard_ii:2.2
44 richard_ii:2.3
45 richard_ii:3.0
46 richard_ii:4.0
47 richard_ii:4.1
48 richard_ii:4.2
49 richard_ii:4.3
50 richard_ii:4.4
51 richard_ii:4.5
52 henry_vi_part_2:0.0
53 henry_vi_part_2:0.1
54 henry_vi_part_2:0.2
55 henry_vi_part_2:0.3
56 henry_vi_part_2:1.0
57 henry_vi_part_2:1.1
58 henry_vi_part_2:1.2
59 henry_vi_part_2:1.3
60 henry_vi_part_2:2.0
61 henry_vi_part_2:2.1
62 henry_vi_part_2:2.2
63 henry_vi_part_2:3.0
64 henry_vi_part_2:3.1
65 henry_vi_part_2:3.2
66 henry_vi_part_2:3.3
67 henry_vi_part_2:3.4
68 henry_vi_part_2:3.5
69 henry_vi_part_2:3.6
70 henry_vi_part_2:3.7
71 henry_vi_part_2:3.8
72 henry_vi_part_2:3.9
73 henry_vi_part_2:4.0
74 henry_vi_part_2:4.1
75 henry_vi_part_2:4.2
76 merry_wives_of_windsor:0.0
77 merry_wives_of_windsor:0.1
78 merry_wives_of_windsor:0.2
79 merry_wives_of_windsor:0.3
79 merry_wives_of_windsor:1.2
80 merry_wives_of_windsor:1.0
81 merry_wives_of_windsor:1.1
82 merry_wives_of_windsor:2.0
83 merry_wives_of_windsor:2.1
84 merry_wives_of_windsor:2.2
84 merry_wives_of_windsor:3.1
85 merry_wives_of_windsor:2.3
86 merry_wives_of_windsor:2.4
87 merry_wives_of_windsor:3.0
88 merry_wives_of_windsor:3.2
89 merry_wives_of_windsor:3.3
89 merry_wives_of_windsor:4.2
90 merry_wives_of_windsor:3.4
91 merry_wives_of_windsor:3.5
92 merry_wives_of_windsor:4.0
93 merry_wives_of_windsor:4.1
94 merry_wives_of_windsor:4.3
95 merry_wives_of_windsor:4.4
96 richard_iii:0.0
97 richard_iii:0.1
98 richard_iii:0.2
99 richard_iii:0.3
100 richard_iii:1.0
101 richard_iii:1.1
102 richard_iii:1.2
103 richard_iii:1.3
104 richard_iii:2.0
105 richard_iii:2.1
106 richard_iii:2.2
107 richard_iii:2.3
108 richard_iii:2.4
109 richard_iii:2.5
110 richard_iii:2.6
111 richard_iii:3.0
112 richard_iii:3.1
113 richard_iii:3.2
114 richard_iii:3.3
115 richard_iii:3.4
116 richard_iii:4.0
117 richard_iii:4.1
118 richard_iii:4.2
119 richard_iii:4.3
120 richard_iii:4.4
121 hamlet:0.0
122 hamlet:0.1
123 hamlet:0.2
124 hamlet:0.3
125 hamlet:0.4
126 hamlet:1.0
127 hamlet:1.1
128 hamlet:2.0
129 hamlet:2.1
130 hamlet:2.2
131 hamlet:2.3
132 hamlet:3.0
133 hamlet:3.1
134 hamlet:3.2
135 hamlet:3.3
136 hamlet:3.4
137 hamlet:3.5
138 hamlet:3.6
139 hamlet:4.0
140 hamlet:4.1
141 henry_iv_part_i:0.0
142 henry_iv_part_i:0.1
143 henry_iv_part_i:0.2
144 henry_iv_part_i:1.0
145 henry_iv_part_i:1.1
146 henry_iv_part_i:1.2
147 henry_iv_part_i:1.3
148 henry_iv_part_i:2.0
149 henry_iv_part_i:2.1
150 henry_iv_part_i:2.2
151 henry_iv_part_i:3.0
152 henry_iv_part_i:3.1
153 henry_iv_part_i:3.2
154 henry_iv_part_i:3.3
155 henry_iv_part_i:4.0
156 henry_iv_part_i:4.1
157 henry_iv_part_i:4.2
158 henry_iv_part_i:4.3
159 henry_iv_part_i:4.4
160 henry_vi_part_1:0.0
161 henry_vi_part_1:0.1
162 henry_vi_part_1:0.2
163 henry_vi_part_1:0.3
164 henry_vi_part_1:0.4
165 henry_vi_part_1:0.5
166 henry_vi_part_1:1.0
167 henry_vi_part_1:1.1
168 henry_vi_part_1:1.2
169 henry_vi_part_1:1.3
170 henry_vi_part_1:1.4
171 henry_vi_part_1:2.0
172 henry_vi_part_1:2.1
172 henry_vi_part_1:2.2
173 henry_vi_part_1:2.3
174 henry_vi_part_1:3.0
175 henry_vi_part_1:3.1
176 henry_vi_part_1:3.2
176 henry_vi_part_1:3.3
177 henry_vi_part_1:3.4
178 henry_vi_part_1:3.5
179 henry_vi_part_1:3.6
180 henry_vi_part_1:4.0
181 henry_vi_part_1:4.1
182 henry_vi_part_1:4.2
183 henry_vi_part_1:4.3
184 henry_vi_part_1:4.4
185 taming_of_the_shrew:0.0
185 taming_of_the_shrew:0.1
185 taming_of_the_shrew:1.0
185 taming_of_the_shrew:2.1
186 taming_of_the_shrew:2.0
187 taming_of_the_shrew:3.0
188 taming_of_the_shrew:3.1
188 taming_of_the_shrew:3.3
188 taming_of_the_shrew:4.0
188 taming_of_the_shrew:4.1
189 taming_of_the_shrew:3.2
190 taming_of_the_shrew:3.4
191 alls_well_that_ends_well:0.0
192 alls_well_that_ends_well:0.1
193 alls_well_that_ends_well:0.2
194 alls_well_that_ends_well:1.0
195 alls_well_that_ends_well:1.1
196 alls_well_that_ends_well:1.2
197 alls_well_that_ends_well:1.3
198 alls_well_that_ends_well:1.4
199 alls_well_that_ends_well:2.0
200 alls_well_that_ends_well:2.1
201 alls_well_that_ends_well:2.2
202 alls_well_that_ends_well:2.3
203 alls_well_that_ends_well:2.4
204 alls_well_that_ends_well:2.5
205 alls_well_that_ends_well:2.6
206 alls_well_that_ends_well:3.0
207 alls_well_that_ends_well:3.1
208 alls_well_that_ends_well:3.2
209 alls_well_that_ends_well:3.3
210 alls_well_that_ends_well:3.4
211 alls_well_that_ends_well:4.0
212 alls_well_that_ends_well:4.1
213 alls_well_that_ends_well:4.2
214 loves_labors_lost:0.0
215 loves_labors_lost:0.1
216 loves_labors_lost:1.0
217 loves_labors_lost:2.0
218 loves_labors_lost:3.0
219 loves_labors_lost:3.1
220 loves_labors_lost:3.2
221 loves_labors_lost:4.0
222 loves_labors_lost:4.1
223 henry_vi_part_3:0.0
224 henry_vi_part_3:0.1
225 henry_vi_part_3:0.2
226 henry_vi_part_3:0.3
227 henry_vi_part_3:1.0
228 henry_vi_part_3:1.1
229 henry_vi_part_3:1.2
230 henry_vi_part_3:1.3
231 henry_vi_part_3:1.4
232 henry_vi_part_3:1.5
233 henry_vi_part_3:2.0
234 henry_vi_part_3:2.1
235 henry_vi_part_3:2.2
236 henry_vi_part_3:3.0
237 henry_vi_part_3:3.1
238 henry_vi_part_3:3.2
239 henry_vi_part_3:3.3
240 henry_vi_part_3:3.4
241 henry_vi_part_3:3.5
242 henry_vi_part_3:3.6
243 henry_vi_part_3:3.7
244 henry_vi_part_3:4.0
245 henry_vi_part_3:4.1
246 henry_vi_part_3:4.2
247 henry_vi_part_3:4.3
248 henry_vi_part_3:4.4
249 henry_vi_part_3:4.5
250 henry_vi_part_3:4.6
251 romeo_and_juliet:0.0
252 romeo_and_juliet:0.1
253 romeo_and_juliet:0.2
254 romeo_and_juliet:0.3
255 romeo_and_juliet:0.4
256 romeo_and_juliet:1.0
257 romeo_and_juliet:1.1
258 romeo_and_juliet:1.2
259 romeo_and_juliet:1.3
260 romeo_and_juliet:1.4
261 romeo_and_juliet:1.5
262 romeo_and_juliet:2.0
263 romeo_and_juliet:2.1
264 romeo_and_juliet:2.2
265 romeo_and_juliet:2.3
266 romeo_and_juliet:2.4
267 romeo_and_juliet:3.0
268 romeo_and_juliet:3.1
269 romeo_and_juliet:3.2
270 romeo_and_juliet:3.3
271 romeo_and_juliet:3.4
272 romeo_and_juliet:4.0
273 romeo_and_juliet:4.1
274 romeo_and_juliet:4.2
275 titus_andronicus:0.0
276 titus_andronicus:1.0
277 titus_andronicus:1.1
278 titus_andronicus:1.2
279 titus_andronicus:1.3
280 titus_andronicus:2.0
281 titus_andronicus:2.1
282 titus_andronicus:3.0
283 titus_andronicus:3.1
284 titus_andronicus:3.2
285 titus_andronicus:3.3
286 titus_andronicus:4.0
287 titus_andronicus:4.1
288 titus_andronicus:4.2
289 macbeth:0.0
290 macbeth:0.1
291 macbeth:0.2
292 macbeth:0.3
293 macbeth:0.4
294 macbeth:0.5
295 macbeth:0.6
296 macbeth:1.0
297 macbeth:1.1
298 macbeth:1.2
299 macbeth:1.3
300 macbeth:2.0
301 macbeth:2.1
302 macbeth:2.2
303 macbeth:2.3
304 macbeth:2.4
305 macbeth:2.5
306 macbeth:3.0
307 macbeth:3.1
308 macbeth:3.2
309 macbeth:4.0
310 macbeth:4.1
310 macbeth:4.3
311 macbeth:4.2
312 macbeth:4.4
313 macbeth:4.5
313 macbeth:4.6
313 macbeth:4.7
314 coriolanus:0.0
315 coriolanus:0.1
316 coriolanus:0.2
317 coriolanus:0.3
318 coriolanus:0.4
319 coriolanus:0.5
320 coriolanus:0.6
321 coriolanus:0.7
322 coriolanus:0.8
323 coriolanus:0.9
324 coriolanus:1.0
325 coriolanus:1.1
326 coriolanus:1.2
327 coriolanus:2.0
327 coriolanus:2.2
328 coriolanus:2.1
329 coriolanus:3.0
330 coriolanus:3.1
331 coriolanus:3.2
332 coriolanus:3.3
333 coriolanus:3.4
334 coriolanus:3.5
335 coriolanus:3.6
336 coriolanus:4.0
337 coriolanus:4.1
338 coriolanus:4.2
339 coriolanus:4.3
340 coriolanus:4.4
341 coriolanus:4.5
342 julius_caesar:0.0
343 julius_caesar:0.1
344 julius_caesar:0.2
345 julius_caesar:1.0
346 julius_caesar:1.1
347 julius_caesar:1.2
347 julius_caesar:2.0
348 julius_caesar:1.3
349 julius_caesar:2.1
350 julius_caesar:2.2
351 julius_caesar:3.0
352 julius_caesar:3.1
352 julius_caesar:4.2
352 julius_caesar:4.3
353 julius_caesar:3.2
354 julius_caesar:4.0
355 julius_caesar:4.1
356 julius_caesar:4.4
357 comedy_of_errors:0.0
358 comedy_of_errors:0.1
358 comedy_of_errors:1.1
358 comedy_of_errors:2.0
358 comedy_of_errors:3.0
358 comedy_of_errors:3.3
358 comedy_of_errors:4.0
359 comedy_of_errors:1.0
360 comedy_of_errors:2.1
361 comedy_of_errors:3.1
362 comedy_of_errors:3.2
363 much_ado_about_nothing:0.0
363 much_ado_about_nothing:1.0
363 much_ado_about_nothing:1.2
363 much_ado_about_nothing:2.1
363 much_ado_about_nothing:4.0
364 much_ado_about_nothing:0.1
365 much_ado_about_nothing:0.2
365 much_ado_about_nothing:1.1
366 much_ado_about_nothing:2.0
367 much_ado_about_nothing:2.2
367 much_ado_about_nothing:3.1
368 much_ado_about_nothing:2.3
369 much_ado_about_nothing:2.4
370 much_ado_about_nothing:3.0
370 much_ado_about_nothing:4.3
371 much_ado_about_nothing:4.1
372 much_ado_about_nothing:4.2
373 twelfth_night:0.0
374 twelfth_night:0.1
375 twelfth_night:0.2
376 twelfth_night:0.3
377 twelfth_night:0.4
378 twelfth_night:1.0
379 twelfth_night:1.1
380 twelfth_night:1.2
381 twelfth_night:1.3
382 twelfth_night:1.4
382 twelfth_night:2.3
382 twelfth_night:4.0
383 twelfth_night:2.0
384 twelfth_night:2.1
385 twelfth_night:2.2
386 twelfth_night:3.0
387 twelfth_night:3.1
388 twelfth_night:3.2
389 lear:0.0
390 lear:0.1
391 lear:0.2
392 lear:0.3
393 lear:0.4
394 lear:1.0
395 lear:1.1
396 lear:1.2
397 lear:1.3
398 lear:2.0
399 lear:2.1
400 lear:2.2
401 lear:2.3
402 lear:2.4
403 lear:2.5
404 lear:2.6
405 lear:3.0
406 lear:3.1
407 lear:3.2
408 lear:3.3
409 lear:3.4
410 lear:3.5
411 lear:3.6
412 lear:4.0
413 lear:4.1
414 lear:4.2
415 cymbeline:0.0
416 cymbeline:0.1
417 cymbeline:0.2
418 cymbeline:0.3
419 cymbeline:0.4
420 cymbeline:0.5
421 cymbeline:1.0
422 cymbeline:1.1
423 cymbeline:1.2
424 cymbeline:1.3
425 cymbeline:1.4
426 cymbeline:2.0
427 cymbeline:2.1
428 cymbeline:2.2
429 cymbeline:2.3
430 cymbeline:2.4
431 cymbeline:2.5
432 cymbeline:2.6
433 cymbeline:3.0
434 cymbeline:3.1
435 cymbeline:3.2
436 cymbeline:3.3
437 cymbeline:4.0
438 cymbeline:4.1
439 cymbeline:4.2
440 cymbeline:4.3
441 cymbeline:4.4
442 measure_for_measure:0.0
443 measure_for_measure:0.1
444 measure_for_measure:0.2
445 measure_for_measure:0.3
446 measure_for_measure:1.0
447 measure_for_measure:1.1
448 measure_for_measure:1.2
449 measure_for_measure:1.3
450 measure_for_measure:2.0
451 measure_for_measure:2.1
452 measure_for_measure:3.0
453 measure_for_measure:3.1
453 measure_for_measure:3.2
454 measure_for_measure:3.3
455 measure_for_measure:3.4
456 measure_for_measure:3.5
457 measure_for_measure:4.0
458 pericles:0.0
459 pericles:0.1
460 pericles:0.2
461 pericles:0.3
462 pericles:1.0
463 pericles:1.1
464 pericles:1.2
464 pericles:1.4
465 pericles:1.3
466 pericles:2.0
467 pericles:2.1
468 pericles:2.2
468 pericles:3.2
469 pericles:2.3
469 pericles:4.2
470 pericles:3.0
471 pericles:3.1
471 pericles:3.5
472 pericles:3.3
473 pericles:3.4
474 pericles:4.0
475 pericles:4.1
476 winters_tale:0.0
477 winters_tale:0.1
478 winters_tale:1.0
479 winters_tale:1.1
480 winters_tale:1.2
481 winters_tale:2.0
482 winters_tale:2.1
483 winters_tale:2.2
484 winters_tale:3.0
485 winters_tale:3.1
486 winters_tale:3.2
487 winters_tale:3.3
488 winters_tale:4.0
489 winters_tale:4.1
490 winters_tale:4.2
491 antony_and_cleopatra:0.0
492 antony_and_cleopatra:0.1
493 antony_and_cleopatra:0.2
494 antony_and_cleopatra:0.3
495 antony_and_cleopatra:0.4
495 antony_and_cleopatra:1.4
495 antony_and_cleopatra:2.2
496 antony_and_cleopatra:1.0
497 antony_and_cleopatra:1.1
498 antony_and_cleopatra:1.2
499 antony_and_cleopatra:1.3
500 antony_and_cleopatra:1.5
500 antony_and_cleopatra:1.6
500 antony_and_cleopatra:2.1
501 antony_and_cleopatra:2.0
502 antony_and_cleopatra:2.3
503 antony_and_cleopatra:2.4
503 antony_and_cleopatra:3.4
504 antony_and_cleopatra:2.5
505 antony_and_cleopatra:2.6
506 antony_and_cleopatra:2.7
507 antony_and_cleopatra:2.8
508 antony_and_cleopatra:2.9
509 antony_and_cleopatra:2.10
510 antony_and_cleopatra:2.11
511 antony_and_cleopatra:2.12
512 antony_and_cleopatra:3.0
513 antony_and_cleopatra:3.1
514 antony_and_cleopatra:3.2
515 antony_and_cleopatra:3.3
516 antony_and_cleopatra:3.5
517 antony_and_cleopatra:3.6
518 antony_and_cleopatra:3.7
519 antony_and_cleopatra:3.8
520 antony_and_cleopatra:3.9
521 antony_and_cleopatra:3.10
522 antony_and_cleopatra:3.11
523 antony_and_cleopatra:3.12
524 antony_and_cleopatra:3.13
525 antony_and_cleopatra:3.14
526 antony_and_cleopatra:4.0
527 antony_and_cleopatra:4.1
528 tempest:0.0
529 tempest:0.1
529 tempest:4.0
530 tempest:1.0
531 tempest:1.1
531 tempest:2.1
532 tempest:2.0
533 tempest:2.2
534 tempest:3.0
535 two_gentlemen_of_verona:0.0
536 two_gentlemen_of_verona:0.1
537 two_gentlemen_of_verona:0.2
538 two_gentlemen_of_verona:1.0
539 two_gentlemen_of_verona:1.1
540 two_gentlemen_of_verona:1.2
541 two_gentlemen_of_verona:1.3
541 two_gentlemen_of_verona:3.1
541 two_gentlemen_of_verona:4.1
542 two_gentlemen_of_verona:1.4
543 two_gentlemen_of_verona:1.5
544 two_gentlemen_of_verona:1.6
545 two_gentlemen_of_verona:2.0
546 two_gentlemen_of_verona:2.1
547 two_gentlemen_of_verona:3.0
548 two_gentlemen_of_verona:3.2
548 two_gentlemen_of_verona:4.0
549 two_gentlemen_of_verona:3.3
550 two_gentlemen_of_verona:4.2
551 two_gentlemen_of_verona:4.3
552 merchant_of_venice:0.0
553 merchant_of_venice:0.1
554 merchant_of_venice:0.2
555 merchant_of_venice:1.0
556 merchant_of_venice:1.1
557 merchant_of_venice:1.2
557 merchant_of_venice:1.3
557 merchant_of_venice:1.5
557 merchant_of_venice:1.7
558 merchant_of_venice:1.4
559 merchant_of_venice:1.6
560 merchant_of_venice:1.8
561 merchant_of_venice:2.0
562 merchant_of_venice:2.1
563 merchant_of_venice:2.2
564 merchant_of_venice:2.3
565 merchant_of_venice:2.4
566 merchant_of_venice:3.0
567 merchant_of_venice:3.1
568 merchant_of_venice:4.0
569 henry_viii:0.0
570 henry_viii:0.1
571 henry_viii:0.2
572 henry_viii:0.3
573 henry_viii:1.0
574 henry_viii:1.1
575 henry_viii:1.2
576 henry_viii:1.3
577 henry_viii:2.0
578 henry_viii:2.1
579 henry_viii:3.0
580 henry_viii:3.1
581 henry_viii:4.0
582 henry_viii:4.1
583 henry_viii:4.2
584 henry_viii:4.3
585 henry_viii:4.4
586 midsummer_nights_dream:0.0
587 midsummer_nights_dream:0.1
587 midsummer_nights_dream:2.0
587 midsummer_nights_dream:3.1
588 midsummer_nights_dream:1.0
589 midsummer_nights_dream:1.1
590 midsummer_nights_dream:2.1
591 midsummer_nights_dream:3.0
592 midsummer_nights_dream:4.0
593 as_you_like_it:0.0
594 as_you_like_it:0.1
595 as_you_like_it:0.2
596 as_you_like_it:1.0
597 as_you_like_it:1.1
598 as_you_like_it:1.2
599 as_you_like_it:1.3
600 as_you_like_it:1.4
601 as_you_like_it:1.5
602 as_you_like_it:1.6
603 as_you_like_it:2.0
604 as_you_like_it:2.1
605 as_you_like_it:2.2
606 as_you_like_it:2.3
607 as_you_like_it:2.4
608 as_you_like_it:3.0
609 as_you_like_it:3.1
610 as_you_like_it:3.2
610 as_you_like_it:4.1
611 as_you_like_it:4.0
612 as_you_like_it:4.2
613 as_you_like_it:4.3
614 troilus_and_cressida:0.0
615 troilus_and_cressida:0.1
616 troilus_and_cressida:0.2
617 troilus_and_cressida:1.0
618 troilus_and_cressida:1.1
619 troilus_and_cressida:1.2
620 troilus_and_cressida:2.0
621 troilus_and_cressida:2.1
622 troilus_and_cressida:2.2
623 troilus_and_cressida:3.0
624 troilus_and_cressida:3.1
624 troilus_and_cressida:3.3
625 troilus_and_cressida:3.2
626 troilus_and_cressida:3.4
627 troilus_and_cressida:4.0
628 troilus_and_cressida:4.1
629 troilus_and_cressida:4.2
630 troilus_and_cressida:4.3
631 troilus_and_cressida:4.4
632 troilus_and_cressida:4.5
633 troilus_and_cressida:4.6
634 troilus_and_cressida:4.7
635 troilus_and_cressida:4.8
636 troilus_and_cressida:4.9
637 henry_v:0.0
638 henry_v:0.1
639 henry_v:1.0
640 henry_v:1.1
641 henry_v:1.2
642 henry_v:1.3
643 henry_v:2.0
644 henry_v:2.1
645 henry_v:2.2
646 henry_v:2.3
647 henry_v:2.4
648 henry_v:2.5
649 henry_v:2.6
650 henry_v:3.0
651 henry_v:3.1
652 henry_v:3.2
653 henry_v:3.3
654 henry_v:3.4
655 henry_v:3.5
656 henry_v:3.6
657 henry_v:3.7
658 henry_v:4.0
659 henry_v:4.1
660 life_and_death_of_king_john:0.0
661 life_and_death_of_king_john:1.0
662 life_and_death_of_king_john:2.0
663 life_and_death_of_king_john:2.1
664 life_and_death_of_king_john:2.2
665 life_and_death_of_king_john:2.3
666 life_and_death_of_king_john:3.0
667 life_and_death_of_king_john:3.1
668 life_and_death_of_king_john:3.2
669 life_and_death_of_king_john:4.0
670 life_and_death_of_king_john:4.1
671 life_and_death_of_king_john:4.2
672 life_and_death_of_king_john:4.3
673 life_and_death_of_king_john:4.4
674 life_and_death_of_king_john:4.5
675 life_and_death_of_king_john:4.6
676 timon_of_athens:0.0
677 timon_of_athens:0.1
678 timon_of_athens:1.0
679 timon_of_athens:1.1
680 timon_of_athens:2.0
681 timon_of_athens:2.1
682 timon_of_athens:2.2
683 timon_of_athens:2.3
684 timon_of_athens:2.4
685 timon_of_athens:2.5
686 timon_of_athens:3.0
687 timon_of_athens:3.1
688 timon_of_athens:3.2
689 timon_of_athens:4.0
690 timon_of_athens:4.1
691 timon_of_athens:4.2
692 timon_of_athens:4.3
