1 othello:0.0
1 othello:0.1
1 othello:0.2
1 othello:1.0
1 othello:1.2
2 othello:1.1
3 othello:2.0
3 othello:2.2
3 othello:2.3
3 othello:3.0
3 othello:3.1
3 othello:3.2
3 othello:4.0
3 othello:4.1
4 othello:2.1
5 henry_iv_part_ii:0.0
6 henry_iv_part_ii:0.1
7 henry_iv_part_ii:0.2
8 henry_iv_part_ii:1.0
9 henry_iv_part_ii:1.1
9 henry_iv_part_ii:1.3
10 henry_iv_part_ii:1.2
11 henry_iv_part_ii:2.0
12 henry_iv_part_ii:2.1
13 henry_iv_part_ii:3.0
13 henry_iv_part_ii:3.1
14 henry_iv_part_ii:3.2
15 henry_iv_part_ii:3.3
16 henry_iv_part_ii:3.4
17 henry_iv_part_ii:4.0
17 henry_iv_part_ii:4.2
18 henry_iv_part_ii:4.1
19 henry_iv_part_ii:4.3
20 henry_iv_part_ii:4.4
21 richard_ii:0.0
21 richard_ii:0.2
22 richard_ii:0.1
23 richard_ii:0.3
24 richard_ii:1.0
24 richard_ii:1.2
25 richard_ii:1.1
26 richard_ii:1.3
27 richard_ii:2.0
28 richard_ii:2.1
28 richard_ii:2.2
28 richard_ii:3.0
29 richard_ii:2.3
30 richard_ii:4.0
31 richard_ii:4.1
31 richard_ii:4.2
32 richard_ii:4.3
33 richard_ii:4.4
34 richard_ii:4.5
35 henry_vi_part_2:0.0
35 henry_vi_part_2:0.2
35 henry_vi_part_2:2.0
36 henry_vi_part_2:0.1
37 henry_vi_part_2:0.3
38 henry_vi_part_2:1.0
39 henry_vi_part_2:1.1
39 henry_vi_part_1:1.4
39 henry_vi_part_3:0.0
39 henry_vi_part_3:0.1
39 henry_vi_part_3:1.0
40 henry_vi_part_2:1.2
41 henry_vi_part_2:1.3
42 henry_vi_part_2:2.1
43 henry_vi_part_2:2.2
44 henry_vi_part_2:3.0
45 henry_vi_part_2:3.1
45 henry_vi_part_2:3.2
45 henry_vi_part_2:3.6
46 henry_vi_part_2:3.3
47 henry_vi_part_2:3.4
47 henry_vi_part_2:3.5
48 henry_vi_part_2:3.7
49 henry_vi_part_2:3.8
49 henry_vi_part_2:4.0
50 henry_vi_part_2:3.9
51 henry_vi_part_2:4.1
52 henry_vi_part_2:4.2
53 merry_wives_of_windsor:0.0
54 merry_wives_of_windsor:0.1
54 merry_wives_of_windsor:3.0
55 merry_wives_of_windsor:0.2
55 merry_wives_of_windsor:1.0
55 merry_wives_of_windsor:1.1
56 merry_wives_of_windsor:0.3
56 merry_wives_of_windsor:1.2
56 merry_wives_of_windsor:2.0
56 merry_wives_of_windsor:2.1
56 merry_wives_of_windsor:3.4
57 merry_wives_of_windsor:2.2
57 merry_wives_of_windsor:2.4
57 merry_wives_of_windsor:3.1
57 merry_wives_of_windsor:3.3
57 merry_wives_of_windsor:4.2
57 merry_wives_of_windsor:4.4
58 merry_wives_of_windsor:2.3
58 merry_wives_of_windsor:3.5
59 merry_wives_of_windsor:3.2
60 merry_wives_of_windsor:4.0
61 merry_wives_of_windsor:4.1
62 merry_wives_of_windsor:4.3
63 richard_iii:0.0
64 richard_iii:0.1
65 richard_iii:0.2
65 richard_iii:1.0
65 richard_iii:1.1
65 richard_iii:3.3
66 richard_iii:0.3
67 richard_iii:1.2
68 richard_iii:1.3
69 richard_iii:2.0
70 richard_iii:2.1
70 richard_iii:2.3
71 richard_iii:2.2
72 richard_iii:2.4
72 richard_iii:2.6
73 richard_iii:2.5
74 richard_iii:3.0
75 richard_iii:3.1
75 richard_iii:3.2
76 richard_iii:3.4
77 richard_iii:4.0
78 richard_iii:4.1
79 richard_iii:4.2
80 richard_iii:4.3
81 richard_iii:4.4
82 hamlet:0.0
82 hamlet:0.1
83 hamlet:0.2
84 hamlet:0.3
84 hamlet:0.4
85 hamlet:1.0
86 hamlet:1.1
86 hamlet:2.0
86 hamlet:2.1
87 hamlet:2.2
88 hamlet:2.3
89 hamlet:3.0
89 hamlet:3.1
89 hamlet:3.2
90 hamlet:3.3
91 hamlet:3.4
92 hamlet:3.5
93 hamlet:3.6
94 hamlet:4.0
95 hamlet:4.1
96 henry_iv_part_i:0.0
97 henry_iv_part_i:0.1
97 henry_iv_part_i:1.1
97 henry_iv_part_i:1.3
97 henry_iv_part_i:2.2
98 henry_iv_part_i:0.2
99 henry_iv_part_i:1.0
100 henry_iv_part_i:1.2
101 henry_iv_part_i:2.0
102 henry_iv_part_i:2.1
103 henry_iv_part_i:3.0
103 henry_iv_part_i:3.2
103 henry_iv_part_i:4.1
104 henry_iv_part_i:3.1
105 henry_iv_part_i:3.3
106 henry_iv_part_i:4.0
107 henry_iv_part_i:4.2
107 henry_iv_part_i:4.3
107 henry_iv_part_i:4.4
108 henry_vi_part_1:0.0
109 henry_vi_part_1:0.1
109 henry_vi_part_1:0.5
110 henry_vi_part_1:0.2
111 henry_vi_part_1:0.3
112 henry_vi_part_1:0.4
113 henry_vi_part_1:1.0
113 henry_vi_part_1:2.1
113 henry_vi_part_1:2.2
113 henry_vi_part_1:3.6
113 henry_vi_part_1:4.1
114 henry_vi_part_1:1.1
115 henry_vi_part_1:1.2
116 henry_vi_part_1:1.3
117 henry_vi_part_1:2.0
118 henry_vi_part_1:2.3
118 henry_vi_part_1:3.0
119 henry_vi_part_1:3.1
120 henry_vi_part_1:3.2
120 henry_vi_part_1:3.3
121 henry_vi_part_1:3.4
121 henry_vi_part_1:3.5
122 henry_vi_part_1:4.0
123 henry_vi_part_1:4.2
124 henry_vi_part_1:4.3
125 henry_vi_part_1:4.4
126 taming_of_the_shrew:0.0
126 taming_of_the_shrew:0.1
126 taming_of_the_shrew:1.0
126 taming_of_the_shrew:2.1
126 taming_of_the_shrew:3.1
126 taming_of_the_shrew:3.3
126 taming_of_the_shrew:4.0
126 taming_of_the_shrew:4.1
127 taming_of_the_shrew:2.0
128 taming_of_the_shrew:3.0
129 taming_of_the_shrew:3.2
130 taming_of_the_shrew:3.4
131 alls_well_that_ends_well:0.0
131 alls_well_that_ends_well:1.2
131 alls_well_that_ends_well:1.4
131 alls_well_that_ends_well:4.2
132 alls_well_that_ends_well:0.1
133 alls_well_that_ends_well:0.2
133 alls_well_that_ends_well:2.1
134 alls_well_that_ends_well:1.0
135 alls_well_that_ends_well:1.1
136 alls_well_that_ends_well:1.3
137 alls_well_that_ends_well:2.0
138 alls_well_that_ends_well:2.2
139 alls_well_that_ends_well:2.3
140 alls_well_that_ends_well:2.4
141 alls_well_that_ends_well:2.5
142 alls_well_that_ends_well:2.6
143 alls_well_that_ends_well:3.0
144 alls_well_that_ends_well:3.1
145 alls_well_that_ends_well:3.2
146 alls_well_that_ends_well:3.3
146 alls_well_that_ends_well:4.0
147 alls_well_that_ends_well:3.4
148 alls_well_that_ends_well:4.1
149 loves_labors_lost:0.0
149 loves_labors_lost:1.0
149 loves_labors_lost:3.0
149 loves_labors_lost:3.2
149 loves_labors_lost:4.1
150 loves_labors_lost:0.1
150 loves_labors_lost:2.0
151 loves_labors_lost:3.1
152 loves_labors_lost:4.0
153 henry_vi_part_3:0.2
153 henry_vi_part_3:1.3
154 henry_vi_part_3:0.3
154 henry_vi_part_3:1.1
154 henry_vi_part_3:1.5
155 henry_vi_part_3:1.2
156 henry_vi_part_3:1.4
157 henry_vi_part_3:2.0
158 henry_vi_part_3:2.1
159 henry_vi_part_3:2.2
159 henry_vi_part_3:3.0
159 henry_vi_part_3:3.2
160 henry_vi_part_3:3.1
161 henry_vi_part_3:3.3
162 henry_vi_part_3:3.4
163 henry_vi_part_3:3.5
164 henry_vi_part_3:3.6
165 henry_vi_part_3:3.7
165 henry_vi_part_3:4.0
166 henry_vi_part_3:4.1
167 henry_vi_part_3:4.2
168 henry_vi_part_3:4.3
169 henry_vi_part_3:4.4
170 henry_vi_part_3:4.5
171 henry_vi_part_3:4.6
172 romeo_and_juliet:0.0
172 romeo_and_juliet:2.0
173 romeo_and_juliet:0.1
174 romeo_and_juliet:0.2
175 romeo_and_juliet:0.3
176 romeo_and_juliet:0.4
177 romeo_and_juliet:1.0
178 romeo_and_juliet:1.1
179 romeo_and_juliet:1.2
180 romeo_and_juliet:1.3
181 romeo_and_juliet:1.4
182 romeo_and_juliet:1.5
182 romeo_and_juliet:4.1
183 romeo_and_juliet:2.1
183 romeo_and_juliet:2.2
183 romeo_and_juliet:4.2
184 romeo_and_juliet:2.3
184 romeo_and_juliet:2.4
184 romeo_and_juliet:3.0
184 romeo_and_juliet:3.1
184 romeo_and_juliet:3.2
184 romeo_and_juliet:3.4
185 romeo_and_juliet:3.3
186 romeo_and_juliet:4.0
187 titus_andronicus:0.0
187 titus_andronicus:1.0
187 titus_andronicus:1.1
187 titus_andronicus:1.2
187 titus_andronicus:2.0
188 titus_andronicus:1.3
189 titus_andronicus:2.1
189 titus_andronicus:3.0
189 titus_andronicus:4.1
189 titus_andronicus:4.2
190 titus_andronicus:3.1
191 titus_andronicus:3.2
192 titus_andronicus:3.3
193 titus_andronicus:4.0
194 macbeth:0.0
195 macbeth:0.1
196 macbeth:0.2
196 macbeth:0.4
197 macbeth:0.3
197 macbeth:0.5
198 macbeth:0.6
199 macbeth:1.0
200 macbeth:1.1
201 macbeth:1.2
202 macbeth:1.3
203 macbeth:2.0
204 macbeth:2.1
205 macbeth:2.2
206 macbeth:2.3
207 macbeth:2.4
208 macbeth:2.5
209 macbeth:3.0
210 macbeth:3.1
211 macbeth:3.2
212 macbeth:4.0
213 macbeth:4.1
213 macbeth:4.3
213 macbeth:4.5
214 macbeth:4.2
214 macbeth:4.4
215 macbeth:4.6
215 macbeth:4.7
216 coriolanus:0.0
216 coriolanus:2.0
216 coriolanus:2.2
216 coriolanus:3.5
216 coriolanus:4.0
217 coriolanus:0.1
217 coriolanus:0.7
217 coriolanus:0.8
218 coriolanus:0.2
218 coriolanus:4.2
218 coriolanus:4.4
219 coriolanus:0.3
219 coriolanus:0.4
219 coriolanus:0.5
219 coriolanus:0.6
220 coriolanus:0.9
221 coriolanus:1.0
221 coriolanus:1.1
221 coriolanus:2.1
221 coriolanus:3.1
222 coriolanus:1.2
223 coriolanus:3.0
224 coriolanus:3.2
225 coriolanus:3.3
226 coriolanus:3.4
227 coriolanus:3.6
228 coriolanus:4.1
229 coriolanus:4.3
230 coriolanus:4.5
231 julius_caesar:0.0
232 julius_caesar:0.1
232 julius_caesar:0.2
232 julius_caesar:1.0
232 julius_caesar:1.1
232 julius_caesar:1.2
232 julius_caesar:1.3
232 julius_caesar:2.0
233 julius_caesar:2.1
234 julius_caesar:2.2
235 julius_caesar:3.0
236 julius_caesar:3.1
236 julius_caesar:3.2
236 julius_caesar:4.0
236 julius_caesar:4.2
236 julius_caesar:4.3
237 julius_caesar:4.1
237 julius_caesar:4.4
238 comedy_of_errors:0.0
239 comedy_of_errors:0.1
239 comedy_of_errors:1.1
239 comedy_of_errors:2.0
239 comedy_of_errors:2.1
239 comedy_of_errors:3.0
239 comedy_of_errors:3.2
239 comedy_of_errors:3.3
239 comedy_of_errors:4.0
240 comedy_of_errors:1.0
240 comedy_of_errors:3.1
241 much_ado_about_nothing:0.0
241 much_ado_about_nothing:1.0
241 much_ado_about_nothing:1.2
241 much_ado_about_nothing:2.0
241 much_ado_about_nothing:2.1
241 much_ado_about_nothing:2.3
241 much_ado_about_nothing:3.0
241 much_ado_about_nothing:4.3
242 much_ado_about_nothing:0.1
243 much_ado_about_nothing:0.2
243 much_ado_about_nothing:1.1
243 much_ado_about_nothing:2.2
243 much_ado_about_nothing:3.1
243 much_ado_about_nothing:4.0
244 much_ado_about_nothing:2.4
245 much_ado_about_nothing:4.1
246 much_ado_about_nothing:4.2
247 twelfth_night:0.0
248 twelfth_night:0.1
249 twelfth_night:0.2
249 twelfth_night:1.2
249 twelfth_night:1.4
249 twelfth_night:2.1
249 twelfth_night:2.3
249 twelfth_night:3.0
250 twelfth_night:0.3
250 twelfth_night:1.3
251 twelfth_night:0.4
251 twelfth_night:2.0
251 twelfth_night:4.0
252 twelfth_night:1.0
252 twelfth_night:2.2
253 twelfth_night:1.1
254 twelfth_night:3.1
255 twelfth_night:3.2
256 lear:0.0
256 lear:4.2
257 lear:0.1
258 lear:0.2
258 lear:0.3
258 lear:0.4
258 lear:1.3
258 lear:3.1
259 lear:1.0
259 lear:2.6
259 lear:3.4
259 lear:4.0
260 lear:1.1
261 lear:1.2
262 lear:2.0
263 lear:2.1
264 lear:2.2
265 lear:2.3
265 lear:2.5
266 lear:2.4
267 lear:3.0
268 lear:3.2
269 lear:3.3
270 lear:3.5
271 lear:3.6
272 lear:4.1
273 cymbeline:0.0
273 cymbeline:4.3
274 cymbeline:0.1
275 cymbeline:0.2
276 cymbeline:0.3
276 cymbeline:1.3
277 cymbeline:0.4
278 cymbeline:0.5
279 cymbeline:1.0
280 cymbeline:1.1
281 cymbeline:1.2
282 cymbeline:1.4
283 cymbeline:2.0
284 cymbeline:2.1
284 cymbeline:2.3
284 cymbeline:2.4
284 cymbeline:3.2
285 cymbeline:2.2
285 cymbeline:2.5
285 cymbeline:3.1
285 cymbeline:3.3
285 cymbeline:4.4
286 cymbeline:2.6
287 cymbeline:3.0
288 cymbeline:4.0
289 cymbeline:4.1
289 cymbeline:4.2
290 measure_for_measure:0.0
291 measure_for_measure:0.1
292 measure_for_measure:0.2
293 measure_for_measure:0.3
293 measure_for_measure:1.1
293 measure_for_measure:1.3
293 measure_for_measure:2.0
294 measure_for_measure:1.0
294 measure_for_measure:2.1
295 measure_for_measure:1.2
296 measure_for_measure:3.0
296 measure_for_measure:3.5
297 measure_for_measure:3.1
297 measure_for_measure:3.2
297 measure_for_measure:4.0
298 measure_for_measure:3.3
299 measure_for_measure:3.4
300 pericles:0.0
300 pericles:0.1
300 pericles:0.2
301 pericles:0.3
301 pericles:2.2
302 pericles:1.0
303 pericles:1.1
303 pericles:1.2
303 pericles:1.4
304 pericles:1.3
305 pericles:2.0
306 pericles:2.1
306 pericles:2.3
307 pericles:3.0
307 pericles:3.2
308 pericles:3.1
308 pericles:3.5
309 pericles:3.3
309 pericles:4.0
309 pericles:4.2
310 pericles:3.4
311 pericles:4.1
312 winters_tale:0.0
313 winters_tale:0.1
313 winters_tale:1.0
314 winters_tale:1.1
315 winters_tale:1.2
315 winters_tale:2.1
315 winters_tale:4.0
315 winters_tale:4.2
316 winters_tale:2.0
317 winters_tale:2.2
318 winters_tale:3.0
319 winters_tale:3.1
320 winters_tale:3.2
321 winters_tale:3.3
322 winters_tale:4.1
323 antony_and_cleopatra:0.0
324 antony_and_cleopatra:0.1
324 antony_and_cleopatra:0.2
324 antony_and_cleopatra:0.4
324 antony_and_cleopatra:1.4
324 antony_and_cleopatra:2.2
324 antony_and_cleopatra:3.1
325 antony_and_cleopatra:0.3
326 antony_and_cleopatra:1.0
327 antony_and_cleopatra:1.1
327 antony_and_cleopatra:1.3
327 antony_and_cleopatra:1.5
327 antony_and_cleopatra:1.6
327 antony_and_cleopatra:2.1
328 antony_and_cleopatra:1.2
329 antony_and_cleopatra:2.0
330 antony_and_cleopatra:2.3
331 antony_and_cleopatra:2.4
331 antony_and_cleopatra:2.8
331 antony_and_cleopatra:3.4
331 antony_and_cleopatra:3.8
332 antony_and_cleopatra:2.5
333 antony_and_cleopatra:2.6
333 antony_and_cleopatra:2.9
333 antony_and_cleopatra:3.5
334 antony_and_cleopatra:2.7
334 antony_and_cleopatra:3.10
335 antony_and_cleopatra:2.10
335 antony_and_cleopatra:3.3
335 antony_and_cleopatra:3.14
336 antony_and_cleopatra:2.11
336 antony_and_cleopatra:2.12
336 antony_and_cleopatra:3.0
337 antony_and_cleopatra:3.2
338 antony_and_cleopatra:3.6
338 antony_and_cleopatra:3.9
339 antony_and_cleopatra:3.7
340 antony_and_cleopatra:3.11
341 antony_and_cleopatra:3.12
342 antony_and_cleopatra:3.13
343 antony_and_cleopatra:4.0
343 antony_and_cleopatra:4.1
344 tempest:0.0
345 tempest:0.1
345 tempest:4.0
346 tempest:1.0
346 tempest:2.2
347 tempest:1.1
347 tempest:2.1
348 tempest:2.0
349 tempest:3.0
350 two_gentlemen_of_verona:0.0
351 two_gentlemen_of_verona:0.1
351 two_gentlemen_of_verona:1.6
352 two_gentlemen_of_verona:0.2
352 two_gentlemen_of_verona:1.1
353 two_gentlemen_of_verona:1.0
353 two_gentlemen_of_verona:1.3
353 two_gentlemen_of_verona:1.5
353 two_gentlemen_of_verona:2.0
353 two_gentlemen_of_verona:3.1
353 two_gentlemen_of_verona:3.3
354 two_gentlemen_of_verona:1.2
354 two_gentlemen_of_verona:1.4
355 two_gentlemen_of_verona:2.1
356 two_gentlemen_of_verona:3.0
356 two_gentlemen_of_verona:4.2
357 two_gentlemen_of_verona:3.2
357 two_gentlemen_of_verona:4.0
357 two_gentlemen_of_verona:4.1
357 two_gentlemen_of_verona:4.3
358 merchant_of_venice:0.0
359 merchant_of_venice:0.1
360 merchant_of_venice:0.2
360 merchant_of_venice:2.2
361 merchant_of_venice:1.0
361 merchant_of_venice:1.6
361 merchant_of_venice:1.8
362 merchant_of_venice:1.1
363 merchant_of_venice:1.2
363 merchant_of_venice:1.3
363 merchant_of_venice:1.4
363 merchant_of_venice:1.5
363 merchant_of_venice:1.7
363 merchant_of_venice:2.0
364 merchant_of_venice:2.1
364 merchant_of_venice:3.0
365 merchant_of_venice:2.3
365 merchant_of_venice:3.1
365 merchant_of_venice:4.0
366 merchant_of_venice:2.4
367 henry_viii:0.0
368 henry_viii:0.1
369 henry_viii:0.2
369 henry_viii:0.3
369 henry_viii:1.1
370 henry_viii:1.0
371 henry_viii:1.2
372 henry_viii:1.3
372 henry_viii:2.0
372 henry_viii:2.1
373 henry_viii:3.0
374 henry_viii:3.1
375 henry_viii:4.0
375 henry_viii:4.2
376 henry_viii:4.1
377 henry_viii:4.3
378 henry_viii:4.4
379 midsummer_nights_dream:0.0
379 midsummer_nights_dream:1.1
379 midsummer_nights_dream:2.1
379 midsummer_nights_dream:3.0
379 midsummer_nights_dream:4.0
380 midsummer_nights_dream:0.1
380 midsummer_nights_dream:2.0
380 midsummer_nights_dream:3.1
381 midsummer_nights_dream:1.0
382 as_you_like_it:0.0
383 as_you_like_it:0.1
383 as_you_like_it:0.2
384 as_you_like_it:1.0
385 as_you_like_it:1.1
386 as_you_like_it:1.2
387 as_you_like_it:1.3
387 as_you_like_it:2.1
387 as_you_like_it:2.3
387 as_you_like_it:2.4
387 as_you_like_it:3.0
387 as_you_like_it:3.2
387 as_you_like_it:4.1
387 as_you_like_it:4.3
388 as_you_like_it:1.4
389 as_you_like_it:1.5
390 as_you_like_it:1.6
391 as_you_like_it:2.0
392 as_you_like_it:2.2
392 as_you_like_it:4.0
393 as_you_like_it:3.1
394 as_you_like_it:4.2
395 troilus_and_cressida:0.0
395 troilus_and_cressida:0.1
395 troilus_and_cressida:2.0
395 troilus_and_cressida:2.1
395 troilus_and_cressida:3.1
396 troilus_and_cressida:0.2
397 troilus_and_cressida:1.0
397 troilus_and_cressida:1.2
397 troilus_and_cressida:2.2
397 troilus_and_cressida:3.4
397 troilus_and_cressida:4.0
397 troilus_and_cressida:4.3
398 troilus_and_cressida:1.1
399 troilus_and_cressida:3.0
399 troilus_and_cressida:3.2
399 troilus_and_cressida:3.3
399 troilus_and_cressida:4.1
400 troilus_and_cressida:4.2
401 troilus_and_cressida:4.4
401 troilus_and_cressida:4.5
401 troilus_and_cressida:4.8
402 troilus_and_cressida:4.6
403 troilus_and_cressida:4.7
404 troilus_and_cressida:4.9
405 henry_v:0.0
406 henry_v:0.1
407 henry_v:1.0
407 henry_v:1.2
408 henry_v:1.1
409 henry_v:1.3
410 henry_v:2.0
411 henry_v:2.1
412 henry_v:2.2
413 henry_v:2.3
413 henry_v:3.3
413 henry_v:4.1
414 henry_v:2.4
415 henry_v:2.5
415 henry_v:3.6
415 henry_v:3.7
416 henry_v:2.6
416 henry_v:3.1
417 henry_v:3.0
418 henry_v:3.2
419 henry_v:3.4
420 henry_v:3.5
421 henry_v:4.0
422 life_and_death_of_king_john:0.0
422 life_and_death_of_king_john:1.0
422 life_and_death_of_king_john:2.0
422 life_and_death_of_king_john:2.3
423 life_and_death_of_king_john:2.1
423 life_and_death_of_king_john:2.2
423 life_and_death_of_king_john:3.0
424 life_and_death_of_king_john:3.1
424 life_and_death_of_king_john:3.2
425 life_and_death_of_king_john:4.0
426 life_and_death_of_king_john:4.1
427 life_and_death_of_king_john:4.2
427 life_and_death_of_king_john:4.5
428 life_and_death_of_king_john:4.3
429 life_and_death_of_king_john:4.4
430 life_and_death_of_king_john:4.6
431 timon_of_athens:0.0
431 timon_of_athens:0.1
431 timon_of_athens:3.2
431 timon_of_athens:4.0
432 timon_of_athens:1.0
432 timon_of_athens:1.1
432 timon_of_athens:2.3
433 timon_of_athens:2.0
434 timon_of_athens:2.1
435 timon_of_athens:2.2
436 timon_of_athens:2.4
437 timon_of_athens:2.5
438 timon_of_athens:3.0
439 timon_of_athens:3.1
440 timon_of_athens:4.1
441 timon_of_athens:4.2
442 timon_of_athens:4.3
