1 othello:0.0
1 othello:0.1
1 othello:0.2
1 othello:1.0
1 othello:1.2
1 othello:2.0
1 othello:2.2
1 othello:2.3
1 othello:3.0
1 othello:3.1
2 othello:1.1
2 othello:2.1
3 othello:3.2
3 othello:4.0
3 othello:4.1
4 henry_iv_part_ii:0.0
4 henry_iv_part_ii:1.2
4 henry_iv_part_i:0.0
4 henry_iv_part_i:0.2
4 henry_iv_part_i:1.2
4 henry_iv_part_i:2.0
4 henry_iv_part_i:3.0
4 henry_iv_part_i:3.3
5 henry_iv_part_ii:0.1
5 henry_iv_part_ii:1.0
5 henry_iv_part_ii:1.1
5 henry_iv_part_ii:1.3
5 henry_iv_part_ii:4.3
5 henry_iv_part_ii:4.4
5 henry_iv_part_i:0.1
5 henry_iv_part_i:1.1
5 henry_iv_part_i:1.3
6 henry_iv_part_ii:0.2
6 henry_iv_part_ii:3.0
6 henry_iv_part_ii:3.1
6 henry_iv_part_ii:3.3
6 richard_ii:0.0
7 henry_iv_part_ii:2.0
8 henry_iv_part_ii:2.1
8 henry_iv_part_ii:4.0
8 henry_iv_part_ii:4.2
8 merry_wives_of_windsor:0.0
9 henry_iv_part_ii:3.2
10 henry_iv_part_ii:3.4
10 henry_iv_part_ii:4.1
10 henry_vi_part_2:2.1
10 henry_vi_part_2:2.2
10 richard_iii:0.1
11 richard_ii:0.1
11 richard_ii:0.2
11 richard_ii:0.3
11 richard_ii:1.0
11 richard_ii:1.1
11 richard_ii:1.2
11 richard_ii:2.0
11 richard_ii:2.1
12 richard_ii:1.3
13 richard_ii:2.2
13 richard_ii:3.0
13 richard_ii:4.0
13 richard_ii:4.1
13 richard_ii:4.2
13 richard_ii:4.5
13 henry_iv_part_i:2.1
14 richard_ii:2.3
15 richard_ii:4.3
15 richard_ii:4.4
16 henry_vi_part_2:0.0
16 henry_vi_part_2:0.1
16 henry_vi_part_2:0.2
16 henry_vi_part_2:0.3
16 henry_vi_part_2:1.0
16 henry_vi_part_2:1.1
16 henry_vi_part_2:1.2
16 henry_vi_part_2:2.0
17 henry_vi_part_2:1.3
18 henry_vi_part_2:3.0
18 henry_vi_part_1:4.2
18 henry_vi_part_1:4.3
19 henry_vi_part_2:3.1
19 henry_vi_part_2:3.2
19 henry_vi_part_2:3.3
19 henry_vi_part_2:3.6
20 henry_vi_part_2:3.4
20 henry_vi_part_2:3.5
20 henry_vi_part_2:3.7
20 henry_vi_part_2:3.8
21 henry_vi_part_2:3.9
21 henry_vi_part_2:4.0
21 henry_vi_part_2:4.1
21 henry_vi_part_3:0.0
21 henry_vi_part_3:0.1
21 henry_vi_part_3:0.2
21 henry_vi_part_3:0.3
22 henry_vi_part_2:4.2
22 henry_vi_part_3:1.0
22 henry_vi_part_3:1.1
22 henry_vi_part_3:1.2
22 henry_vi_part_3:1.3
22 henry_vi_part_3:1.4
22 henry_vi_part_3:1.5
23 merry_wives_of_windsor:0.1
23 merry_wives_of_windsor:0.3
23 merry_wives_of_windsor:1.2
23 merry_wives_of_windsor:2.0
23 merry_wives_of_windsor:2.1
23 merry_wives_of_windsor:2.2
23 merry_wives_of_windsor:2.3
23 merry_wives_of_windsor:3.4
24 merry_wives_of_windsor:0.2
24 merry_wives_of_windsor:1.0
24 merry_wives_of_windsor:1.1
24 merry_wives_of_windsor:2.4
24 merry_wives_of_windsor:3.1
24 merry_wives_of_windsor:4.0
24 henry_v:1.0
25 merry_wives_of_windsor:3.0
25 merry_wives_of_windsor:3.3
25 merry_wives_of_windsor:4.2
25 merry_wives_of_windsor:4.3
26 merry_wives_of_windsor:3.2
27 merry_wives_of_windsor:3.5
27 merry_wives_of_windsor:4.4
28 merry_wives_of_windsor:4.1
29 richard_iii:0.0
29 richard_iii:0.2
29 richard_iii:0.3
29 richard_iii:1.0
29 richard_iii:1.1
29 richard_iii:1.3
29 richard_iii:2.0
29 richard_iii:3.0
29 richard_iii:3.3
30 richard_iii:1.2
31 richard_iii:2.1
31 richard_iii:2.2
31 richard_iii:2.3
31 richard_iii:2.4
31 richard_iii:2.6
31 richard_iii:3.1
31 richard_iii:4.2
32 richard_iii:2.5
33 richard_iii:3.2
33 richard_iii:4.3
34 richard_iii:3.4
34 richard_iii:4.1
34 richard_iii:4.4
35 richard_iii:4.0
36 hamlet:0.0
36 hamlet:0.1
36 hamlet:0.3
36 hamlet:0.4
36 hamlet:1.1
36 hamlet:3.3
36 hamlet:3.5
37 hamlet:0.2
37 hamlet:1.0
37 hamlet:2.0
37 hamlet:2.1
37 hamlet:2.2
37 hamlet:3.0
37 hamlet:3.1
37 hamlet:3.2
37 hamlet:3.4
38 hamlet:2.3
39 hamlet:3.6
39 hamlet:4.0
39 hamlet:4.1
40 henry_iv_part_i:1.0
41 henry_iv_part_i:2.2
41 henry_iv_part_i:3.1
41 henry_v:1.2
42 henry_iv_part_i:3.2
42 henry_iv_part_i:4.0
42 henry_iv_part_i:4.1
42 henry_iv_part_i:4.2
42 henry_iv_part_i:4.3
42 henry_iv_part_i:4.4
43 henry_vi_part_1:0.0
43 henry_vi_part_1:0.1
43 henry_vi_part_1:0.3
43 henry_vi_part_1:0.4
43 henry_vi_part_1:0.5
43 henry_vi_part_1:1.0
43 henry_vi_part_1:2.1
43 henry_vi_part_1:2.2
43 henry_vi_part_1:4.1
44 henry_vi_part_1:0.2
44 henry_vi_part_1:2.0
44 henry_vi_part_1:2.3
44 henry_vi_part_1:3.0
44 henry_vi_part_1:4.0
45 henry_vi_part_1:1.1
45 henry_vi_part_1:1.2
46 henry_vi_part_1:1.3
46 henry_vi_part_1:1.4
47 henry_vi_part_1:3.1
47 henry_vi_part_1:3.2
47 henry_vi_part_1:3.3
47 henry_vi_part_1:3.4
47 henry_vi_part_1:3.5
47 henry_vi_part_1:3.6
48 henry_vi_part_1:4.4
49 taming_of_the_shrew:0.0
49 taming_of_the_shrew:0.1
49 taming_of_the_shrew:1.0
49 taming_of_the_shrew:2.0
49 taming_of_the_shrew:2.1
49 taming_of_the_shrew:3.0
49 taming_of_the_shrew:3.1
49 taming_of_the_shrew:3.2
49 taming_of_the_shrew:3.3
49 taming_of_the_shrew:3.4
49 taming_of_the_shrew:4.0
49 taming_of_the_shrew:4.1
50 alls_well_that_ends_well:0.0
50 alls_well_that_ends_well:0.1
50 alls_well_that_ends_well:0.2
50 alls_well_that_ends_well:1.0
50 alls_well_that_ends_well:1.1
50 alls_well_that_ends_well:1.2
50 alls_well_that_ends_well:1.3
50 alls_well_that_ends_well:1.4
50 alls_well_that_ends_well:2.1
51 alls_well_that_ends_well:2.0
51 alls_well_that_ends_well:2.2
52 alls_well_that_ends_well:2.3
53 alls_well_that_ends_well:2.4
53 alls_well_that_ends_well:2.5
53 alls_well_that_ends_well:2.6
53 alls_well_that_ends_well:3.1
53 alls_well_that_ends_well:3.2
53 alls_well_that_ends_well:4.2
54 alls_well_that_ends_well:3.0
55 alls_well_that_ends_well:3.3
55 alls_well_that_ends_well:4.0
56 alls_well_that_ends_well:3.4
56 alls_well_that_ends_well:4.1
57 loves_labors_lost:0.0
57 loves_labors_lost:0.1
57 loves_labors_lost:1.0
57 loves_labors_lost:2.0
57 loves_labors_lost:3.0
57 loves_labors_lost:3.2
57 loves_labors_lost:4.1
58 loves_labors_lost:3.1
58 loves_labors_lost:4.0
59 henry_vi_part_3:2.0
59 henry_vi_part_3:2.2
59 henry_vi_part_3:3.0
59 henry_vi_part_3:3.1
59 henry_vi_part_3:3.2
59 henry_vi_part_3:3.3
59 henry_vi_part_3:3.5
59 henry_vi_part_3:4.3
60 henry_vi_part_3:2.1
60 henry_vi_part_3:4.4
60 henry_vi_part_3:4.5
60 henry_vi_part_3:4.6
61 henry_vi_part_3:3.4
61 henry_vi_part_3:3.6
61 henry_vi_part_3:3.7
61 henry_vi_part_3:4.0
61 henry_vi_part_3:4.1
61 henry_vi_part_3:4.2
62 romeo_and_juliet:0.0
62 romeo_and_juliet:0.1
62 romeo_and_juliet:0.3
62 romeo_and_juliet:0.4
62 romeo_and_juliet:1.0
62 romeo_and_juliet:1.1
62 romeo_and_juliet:1.3
62 romeo_and_juliet:2.0
63 romeo_and_juliet:0.2
63 romeo_and_juliet:1.4
63 romeo_and_juliet:2.1
63 romeo_and_juliet:2.3
63 romeo_and_juliet:2.4
63 romeo_and_juliet:3.2
64 romeo_and_juliet:1.2
64 romeo_and_juliet:1.5
64 romeo_and_juliet:2.2
64 romeo_and_juliet:3.0
64 romeo_and_juliet:3.1
64 romeo_and_juliet:4.1
64 romeo_and_juliet:4.2
65 romeo_and_juliet:3.3
65 romeo_and_juliet:3.4
66 romeo_and_juliet:4.0
67 titus_andronicus:0.0
67 titus_andronicus:1.0
67 titus_andronicus:1.1
67 titus_andronicus:1.2
67 titus_andronicus:2.0
67 titus_andronicus:2.1
67 titus_andronicus:3.0
67 titus_andronicus:3.1
68 titus_andronicus:1.3
69 titus_andronicus:3.2
69 titus_andronicus:3.3
69 titus_andronicus:4.0
69 titus_andronicus:4.1
69 titus_andronicus:4.2
70 macbeth:0.0
70 macbeth:2.4
70 macbeth:3.0
71 macbeth:0.1
71 macbeth:0.2
71 macbeth:0.3
71 macbeth:0.4
71 macbeth:0.5
72 macbeth:0.6
72 macbeth:1.1
73 macbeth:1.0
73 macbeth:1.2
73 macbeth:1.3
73 macbeth:2.0
73 macbeth:2.1
73 macbeth:2.2
73 macbeth:2.3
73 macbeth:2.5
74 macbeth:3.1
74 macbeth:3.2
74 macbeth:4.6
74 macbeth:4.7
75 macbeth:4.0
75 macbeth:4.2
75 macbeth:4.4
76 macbeth:4.1
76 macbeth:4.3
76 macbeth:4.5
77 coriolanus:0.0
77 coriolanus:0.1
77 coriolanus:0.3
77 coriolanus:0.4
77 coriolanus:0.5
77 coriolanus:3.5
77 coriolanus:4.0
78 coriolanus:0.2
78 coriolanus:3.0
78 coriolanus:4.2
78 coriolanus:4.4
79 coriolanus:0.6
79 coriolanus:0.8
79 coriolanus:1.0
79 coriolanus:1.1
79 coriolanus:1.2
79 coriolanus:2.0
79 coriolanus:2.1
79 coriolanus:2.2
79 coriolanus:3.1
79 coriolanus:4.3
80 coriolanus:0.7
80 coriolanus:0.9
81 coriolanus:3.2
81 coriolanus:3.3
81 coriolanus:3.4
81 coriolanus:4.1
81 coriolanus:4.5
82 coriolanus:3.6
83 julius_caesar:0.0
84 julius_caesar:0.1
84 julius_caesar:0.2
84 julius_caesar:1.0
84 julius_caesar:1.1
84 julius_caesar:1.2
84 julius_caesar:1.3
84 julius_caesar:2.0
84 julius_caesar:2.1
84 julius_caesar:2.2
85 julius_caesar:3.0
85 antony_and_cleopatra:0.3
85 antony_and_cleopatra:1.0
85 antony_and_cleopatra:1.5
85 antony_and_cleopatra:1.6
85 antony_and_cleopatra:2.1
85 antony_and_cleopatra:2.4
85 antony_and_cleopatra:2.5
86 julius_caesar:3.1
86 julius_caesar:3.2
86 julius_caesar:4.0
86 julius_caesar:4.1
86 julius_caesar:4.2
86 julius_caesar:4.3
86 julius_caesar:4.4
87 comedy_of_errors:0.0
87 comedy_of_errors:0.1
87 comedy_of_errors:1.0
87 comedy_of_errors:1.1
87 comedy_of_errors:2.0
87 comedy_of_errors:2.1
87 comedy_of_errors:3.0
87 comedy_of_errors:3.1
87 comedy_of_errors:3.2
87 comedy_of_errors:3.3
87 comedy_of_errors:4.0
88 much_ado_about_nothing:0.0
88 much_ado_about_nothing:0.1
88 much_ado_about_nothing:0.2
88 much_ado_about_nothing:1.0
88 much_ado_about_nothing:1.1
88 much_ado_about_nothing:1.2
88 much_ado_about_nothing:2.0
88 much_ado_about_nothing:2.1
88 much_ado_about_nothing:2.2
88 much_ado_about_nothing:2.3
88 much_ado_about_nothing:3.0
89 much_ado_about_nothing:2.4
89 much_ado_about_nothing:3.1
89 much_ado_about_nothing:4.0
89 much_ado_about_nothing:4.1
89 much_ado_about_nothing:4.2
89 much_ado_about_nothing:4.3
90 twelfth_night:0.0
91 twelfth_night:0.1
91 twelfth_night:0.3
91 twelfth_night:1.3
91 twelfth_night:4.0
92 twelfth_night:0.2
92 twelfth_night:0.4
92 twelfth_night:1.1
92 twelfth_night:1.2
92 twelfth_night:1.4
92 twelfth_night:2.0
92 twelfth_night:2.1
92 twelfth_night:2.3
92 twelfth_night:3.0
92 twelfth_night:3.1
93 twelfth_night:1.0
93 twelfth_night:2.2
93 twelfth_night:3.2
93 tempest:0.0
94 lear:0.0
94 lear:1.0
94 lear:2.0
94 lear:2.4
94 lear:3.2
94 lear:3.6
94 lear:4.0
94 lear:4.2
95 lear:0.1
95 lear:2.2
96 lear:0.2
96 lear:0.3
96 lear:0.4
96 lear:1.1
96 lear:1.3
96 lear:2.6
96 lear:3.1
96 lear:3.4
97 lear:1.2
98 lear:2.1
98 lear:2.3
98 lear:2.5
98 lear:3.0
98 lear:3.5
98 lear:4.1
99 lear:3.3
100 cymbeline:0.0
100 cymbeline:0.2
100 cymbeline:0.3
100 cymbeline:0.5
100 cymbeline:1.2
100 cymbeline:1.3
100 cymbeline:2.1
100 cymbeline:2.3
100 cymbeline:4.0
101 cymbeline:0.1
101 cymbeline:1.0
102 cymbeline:0.4
103 cymbeline:1.1
104 cymbeline:1.4
105 cymbeline:2.0
105 cymbeline:2.4
105 cymbeline:3.0
105 cymbeline:3.2
106 cymbeline:2.2
106 cymbeline:2.5
106 cymbeline:3.1
106 cymbeline:3.3
106 cymbeline:4.1
106 cymbeline:4.2
106 cymbeline:4.4
107 cymbeline:2.6
108 cymbeline:4.3
109 measure_for_measure:0.0
109 measure_for_measure:0.2
109 measure_for_measure:1.0
109 measure_for_measure:1.2
109 measure_for_measure:2.1
109 measure_for_measure:3.1
110 measure_for_measure:0.1
110 measure_for_measure:0.3
110 measure_for_measure:1.1
110 measure_for_measure:1.3
110 measure_for_measure:2.0
110 measure_for_measure:3.2
111 measure_for_measure:3.0
111 measure_for_measure:3.5
111 measure_for_measure:4.0
112 measure_for_measure:3.3
113 measure_for_measure:3.4
114 pericles:0.0
114 pericles:0.1
114 pericles:0.2
114 pericles:1.3
115 pericles:0.3
115 pericles:2.2
115 pericles:3.0
115 pericles:3.2
115 pericles:3.3
116 pericles:1.0
117 pericles:1.1
117 pericles:1.2
117 pericles:1.4
118 pericles:2.0
119 pericles:2.1
119 pericles:2.3
120 pericles:3.1
120 pericles:3.5
120 pericles:4.0
120 pericles:4.2
121 pericles:3.4
122 pericles:4.1
123 winters_tale:0.0
123 winters_tale:0.1
123 winters_tale:1.0
123 winters_tale:1.2
123 winters_tale:2.1
123 winters_tale:2.2
123 winters_tale:3.1
124 winters_tale:1.1
125 winters_tale:2.0
126 winters_tale:3.0
127 winters_tale:3.2
127 winters_tale:3.3
127 winters_tale:4.0
127 winters_tale:4.1
127 winters_tale:4.2
128 antony_and_cleopatra:0.0
128 antony_and_cleopatra:0.1
128 antony_and_cleopatra:0.2
128 antony_and_cleopatra:0.4
128 antony_and_cleopatra:1.1
128 antony_and_cleopatra:1.2
128 antony_and_cleopatra:1.3
128 antony_and_cleopatra:1.4
128 antony_and_cleopatra:2.2
128 antony_and_cleopatra:2.6
129 antony_and_cleopatra:2.0
130 antony_and_cleopatra:2.3
131 antony_and_cleopatra:2.7
131 antony_and_cleopatra:3.10
132 antony_and_cleopatra:2.8
132 antony_and_cleopatra:2.9
132 antony_and_cleopatra:3.1
132 antony_and_cleopatra:3.5
132 antony_and_cleopatra:3.6
132 antony_and_cleopatra:3.7
132 antony_and_cleopatra:3.8
132 antony_and_cleopatra:3.9
133 antony_and_cleopatra:2.10
133 antony_and_cleopatra:3.3
133 antony_and_cleopatra:3.4
133 antony_and_cleopatra:3.11
133 antony_and_cleopatra:3.12
133 antony_and_cleopatra:3.13
134 antony_and_cleopatra:2.11
134 antony_and_cleopatra:2.12
134 antony_and_cleopatra:3.0
134 antony_and_cleopatra:3.14
134 antony_and_cleopatra:4.0
134 antony_and_cleopatra:4.1
135 antony_and_cleopatra:3.2
136 tempest:0.1
136 tempest:1.0
136 tempest:1.1
136 tempest:2.0
136 tempest:2.1
136 tempest:2.2
136 tempest:3.0
136 tempest:4.0
137 two_gentlemen_of_verona:0.0
137 two_gentlemen_of_verona:0.2
137 two_gentlemen_of_verona:1.0
137 two_gentlemen_of_verona:1.3
137 two_gentlemen_of_verona:1.5
137 two_gentlemen_of_verona:2.0
137 two_gentlemen_of_verona:2.1
137 two_gentlemen_of_verona:3.1
138 two_gentlemen_of_verona:0.1
138 two_gentlemen_of_verona:1.1
138 two_gentlemen_of_verona:1.6
139 two_gentlemen_of_verona:1.2
139 two_gentlemen_of_verona:1.4
139 two_gentlemen_of_verona:3.3
140 two_gentlemen_of_verona:3.0
140 two_gentlemen_of_verona:4.2
141 two_gentlemen_of_verona:3.2
141 two_gentlemen_of_verona:4.0
141 two_gentlemen_of_verona:4.1
141 two_gentlemen_of_verona:4.3
142 merchant_of_venice:0.0
142 merchant_of_venice:1.5
142 merchant_of_venice:1.7
142 merchant_of_venice:2.1
142 merchant_of_venice:2.3
142 merchant_of_venice:3.1
142 merchant_of_venice:4.0
143 merchant_of_venice:0.1
143 merchant_of_venice:1.0
143 merchant_of_venice:1.6
143 merchant_of_venice:1.8
144 merchant_of_venice:0.2
144 merchant_of_venice:2.0
144 merchant_of_venice:2.2
144 merchant_of_venice:3.0
145 merchant_of_venice:1.1
145 merchant_of_venice:1.2
145 merchant_of_venice:1.3
145 merchant_of_venice:1.4
145 merchant_of_venice:2.4
146 henry_viii:0.0
146 henry_viii:0.1
146 henry_viii:1.0
146 henry_viii:1.3
146 henry_viii:2.0
147 henry_viii:0.2
147 henry_viii:0.3
147 henry_viii:1.1
147 henry_viii:2.1
147 henry_viii:3.0
147 henry_viii:4.0
147 henry_viii:4.1
147 henry_viii:4.2
148 henry_viii:1.2
149 henry_viii:3.1
150 henry_viii:4.3
151 henry_viii:4.4
152 midsummer_nights_dream:0.0
152 midsummer_nights_dream:1.0
152 midsummer_nights_dream:1.1
152 midsummer_nights_dream:2.1
152 midsummer_nights_dream:3.0
153 midsummer_nights_dream:0.1
153 midsummer_nights_dream:2.0
153 midsummer_nights_dream:3.1
153 midsummer_nights_dream:4.0
154 as_you_like_it:0.0
154 as_you_like_it:0.1
154 as_you_like_it:0.2
154 as_you_like_it:1.1
154 as_you_like_it:1.2
154 as_you_like_it:1.3
154 as_you_like_it:2.0
154 as_you_like_it:2.1
155 as_you_like_it:1.0
155 as_you_like_it:1.4
155 as_you_like_it:1.6
155 as_you_like_it:3.1
156 as_you_like_it:1.5
157 as_you_like_it:2.2
157 as_you_like_it:4.0
157 as_you_like_it:4.2
158 as_you_like_it:2.3
158 as_you_like_it:2.4
158 as_you_like_it:3.0
158 as_you_like_it:3.2
158 as_you_like_it:4.1
158 as_you_like_it:4.3
159 troilus_and_cressida:0.0
159 troilus_and_cressida:0.1
159 troilus_and_cressida:1.1
159 troilus_and_cressida:2.0
159 troilus_and_cressida:2.1
159 troilus_and_cressida:3.0
159 troilus_and_cressida:3.1
159 troilus_and_cressida:3.2
159 troilus_and_cressida:3.3
159 troilus_and_cressida:4.2
160 troilus_and_cressida:0.2
160 troilus_and_cressida:1.0
160 troilus_and_cressida:1.2
160 troilus_and_cressida:2.2
160 troilus_and_cressida:3.4
160 troilus_and_cressida:4.0
160 troilus_and_cressida:4.1
160 troilus_and_cressida:4.3
160 troilus_and_cressida:4.4
160 troilus_and_cressida:4.5
161 troilus_and_cressida:4.6
161 troilus_and_cressida:4.7
161 troilus_and_cressida:4.8
162 troilus_and_cressida:4.9
163 henry_v:0.0
164 henry_v:0.1
164 henry_v:1.3
165 henry_v:1.1
166 henry_v:2.0
167 henry_v:2.1
167 henry_v:2.5
167 henry_v:3.0
167 henry_v:3.2
167 henry_v:3.6
167 henry_v:3.7
168 henry_v:2.2
169 henry_v:2.3
169 henry_v:3.3
169 henry_v:4.1
170 henry_v:2.4
170 henry_v:3.4
171 henry_v:2.6
171 henry_v:3.1
172 henry_v:3.5
173 henry_v:4.0
174 life_and_death_of_king_john:0.0
174 life_and_death_of_king_john:1.0
174 life_and_death_of_king_john:2.0
174 life_and_death_of_king_john:2.1
174 life_and_death_of_king_john:2.2
174 life_and_death_of_king_john:2.3
174 life_and_death_of_king_john:3.1
175 life_and_death_of_king_john:3.0
175 life_and_death_of_king_john:3.2
175 life_and_death_of_king_john:4.2
175 life_and_death_of_king_john:4.3
175 life_and_death_of_king_john:4.5
175 life_and_death_of_king_john:4.6
176 life_and_death_of_king_john:4.0
176 life_and_death_of_king_john:4.1
176 life_and_death_of_king_john:4.4
177 timon_of_athens:0.0
177 timon_of_athens:0.1
177 timon_of_athens:2.4
177 timon_of_athens:2.5
177 timon_of_athens:3.1
177 timon_of_athens:3.2
177 timon_of_athens:4.0
178 timon_of_athens:1.0
178 timon_of_athens:1.1
178 timon_of_athens:2.0
178 timon_of_athens:2.1
178 timon_of_athens:2.2
178 timon_of_athens:2.3
179 timon_of_athens:3.0
180 timon_of_athens:4.1
180 timon_of_athens:4.2
180 timon_of_athens:4.3
